#
# There is insufficient memory for the Java Runtime Environment to continue.
# Native memory allocation (malloc) failed to allocate 106256 bytes for Chunk::new
# Possible reasons:
#   The system is out of physical RAM or swap space
#   The process is running with CompressedOops enabled, and the Java Heap may be blocking the growth of the native heap
# Possible solutions:
#   Reduce memory load on the system
#   Increase physical memory or swap space
#   Check if swap backing store is full
#   Decrease Java heap size (-Xmx/-Xms)
#   Decrease number of Java threads
#   Decrease Java thread stack sizes (-Xss)
#   Set larger code cache with -XX:ReservedCodeCacheSize=
#   JVM is running with Unscaled Compressed Oops mode in which the Java heap is
#     placed in the first 4GB address space. The Java Heap base address is the
#     maximum limit for the native heap growth. Please use -XX:HeapBaseMinAddress
#     to set the Java Heap base and to place the Java Heap above 4GB virtual address.
# This output file may be truncated or incomplete.
#
#  Out of Memory Error (src/hotspot/share/memory/arena.cpp:197), pid=8732, tid=9240
#
# JRE version: OpenJDK Runtime Environment (11.0.15) (build 11.0.15+0-b2043.56-9505619)
# Java VM: OpenJDK 64-Bit Server VM (11.0.15+0-b2043.56-9505619, mixed mode, tiered, compressed oops, g1 gc, windows-amd64)
# No core dump will be written. Minidumps are not enabled by default on client versions of Windows
#

---------------  S U M M A R Y ------------

Command Line: org.jetbrains.kotlin.cli.jvm.K2JVMCompiler @D:\lab\app\build\20230418_646664259599096511.compiler.options

Host: AMD Ryzen 5 3550H with Radeon Vega Mobile Gfx  , 8 cores, 5G,  Windows 10 , 64 bit Build 19041 (10.0.19041.2788)
Time: Tue Apr 18 22:07:59 2023  Windows 10 , 64 bit Build 19041 (10.0.19041.2788) elapsed time: 0.867932 seconds (0d 0h 0m 0s)

---------------  T H R E A D  ---------------

Current thread (0x000002b24be74800):  JavaThread "C2 CompilerThread1" daemon [_thread_in_native, id=9240, stack(0x000000fef2e00000,0x000000fef2f00000)]


Current CompileTask:
C2:    868 1058       4       kotlin.reflect.jvm.internal.impl.protobuf.CodedOutputStream::refreshBuffer (37 bytes)

Stack: [0x000000fef2e00000,0x000000fef2f00000]
Native frames: (J=compiled Java code, j=interpreted, Vv=VM code, C=native code)
V  [jvm.dll+0x64135a]
V  [jvm.dll+0x7d39f9]
V  [jvm.dll+0x7d51b9]
V  [jvm.dll+0x7d58a3]
V  [jvm.dll+0x2691c5]
V  [jvm.dll+0xc1a5c]
V  [jvm.dll+0xc200c]
V  [jvm.dll+0x3774a7]
V  [jvm.dll+0x342495]
V  [jvm.dll+0x34186a]
V  [jvm.dll+0x2214bd]
V  [jvm.dll+0x220498]
V  [jvm.dll+0x19e851]
V  [jvm.dll+0x230479]
V  [jvm.dll+0x22e5ef]
V  [jvm.dll+0x794de1]
V  [jvm.dll+0x78dc24]
V  [jvm.dll+0x6400f6]
C  [ucrtbase.dll+0x21bb2]
C  [KERNEL32.DLL+0x17604]
C  [ntdll.dll+0x526a1]


---------------  P R O C E S S  ---------------

Threads class SMR info:
_java_thread_list=0x000002b24be691e0, length=11, elements={
0x000002b232261800, 0x000002b24b364800, 0x000002b24b366000, 0x000002b24b3a3800,
0x000002b24b3a4000, 0x000002b24b3a5800, 0x000002b24b3a8800, 0x000002b24b3b5000,
0x000002b24b3b9000, 0x000002b24be78000, 0x000002b24be74800
}

Java Threads: ( => current thread )
  0x000002b232261800 JavaThread "main" [_thread_in_vm, id=17120, stack(0x000000fef1d00000,0x000000fef1e00000)]
  0x000002b24b364800 JavaThread "Reference Handler" daemon [_thread_blocked, id=15196, stack(0x000000fef2400000,0x000000fef2500000)]
  0x000002b24b366000 JavaThread "Finalizer" daemon [_thread_blocked, id=520, stack(0x000000fef2500000,0x000000fef2600000)]
  0x000002b24b3a3800 JavaThread "Signal Dispatcher" daemon [_thread_blocked, id=12476, stack(0x000000fef2600000,0x000000fef2700000)]
  0x000002b24b3a4000 JavaThread "Attach Listener" daemon [_thread_blocked, id=3024, stack(0x000000fef2700000,0x000000fef2800000)]
  0x000002b24b3a5800 JavaThread "Service Thread" daemon [_thread_blocked, id=6220, stack(0x000000fef2800000,0x000000fef2900000)]
  0x000002b24b3a8800 JavaThread "C2 CompilerThread0" daemon [_thread_in_native, id=8376, stack(0x000000fef2900000,0x000000fef2a00000)]
  0x000002b24b3b5000 JavaThread "C1 CompilerThread0" daemon [_thread_in_native, id=11108, stack(0x000000fef2a00000,0x000000fef2b00000)]
  0x000002b24b3b9000 JavaThread "Sweeper thread" daemon [_thread_blocked, id=1580, stack(0x000000fef2b00000,0x000000fef2c00000)]
  0x000002b24be78000 JavaThread "Common-Cleaner" daemon [_thread_blocked, id=6836, stack(0x000000fef2d00000,0x000000fef2e00000)]
=>0x000002b24be74800 JavaThread "C2 CompilerThread1" daemon [_thread_in_native, id=9240, stack(0x000000fef2e00000,0x000000fef2f00000)]

Other Threads:
  0x000002b24b361800 VMThread "VM Thread" [stack: 0x000000fef2300000,0x000000fef2400000] [id=14728]
  0x000002b24be74000 WatcherThread [stack: 0x000000fef2c00000,0x000000fef2d00000] [id=1692]
  0x000002b232278000 GCTaskThread "GC Thread#0" [stack: 0x000000fef1e00000,0x000000fef1f00000] [id=3992]
  0x000002b24c37e000 GCTaskThread "GC Thread#1" [stack: 0x000000fef2f00000,0x000000fef3000000] [id=12632]
  0x000002b23229f800 ConcurrentGCThread "G1 Main Marker" [stack: 0x000000fef1f00000,0x000000fef2000000] [id=3664]
  0x000002b2322a1000 ConcurrentGCThread "G1 Conc#0" [stack: 0x000000fef2000000,0x000000fef2100000] [id=9628]
  0x000002b232328000 ConcurrentGCThread "G1 Refine#0" [stack: 0x000000fef2100000,0x000000fef2200000] [id=13584]
  0x000002b23232c000 ConcurrentGCThread "G1 Young RemSet Sampling" [stack: 0x000000fef2200000,0x000000fef2300000] [id=1600]

Threads with active compile tasks:
C2 CompilerThread0      878 1099       4       kotlin.reflect.jvm.internal.impl.protobuf.CodedInputStream::readTag (41 bytes)
C1 CompilerThread0      878 1108   !   3       kotlin.reflect.jvm.internal.impl.metadata.ProtoBuf$Function::<init> (1112 bytes)
C2 CompilerThread1      878 1058       4       kotlin.reflect.jvm.internal.impl.protobuf.CodedOutputStream::refreshBuffer (37 bytes)

VM state:not at safepoint (normal execution)

VM Mutex/Monitor currently owned by a thread: None

Heap address: 0x00000000a0e00000, size: 1522 MB, Compressed Oops mode: 32-bit
Narrow klass base: 0x0000000000000000, Narrow klass shift: 3
Compressed class space size: 1073741824 Address: 0x0000000100000000

Heap:
 garbage-first heap   total 98304K, used 20187K [0x00000000a0e00000, 0x0000000100000000)
  region size 1024K, 17 young (17408K), 3 survivors (3072K)
 Metaspace       used 14339K, capacity 14456K, committed 14592K, reserved 1062912K
  class space    used 1370K, capacity 1431K, committed 1536K, reserved 1048576K
Heap Regions: E=young(eden), S=young(survivor), O=old, HS=humongous(starts), HC=humongous(continues), CS=collection set, F=free, A=archive, TAMS=top-at-mark-start (previous, next)
|   0|0x00000000a0e00000, 0x00000000a0f00000, 0x00000000a0f00000|100%|HS|  |TAMS 0x00000000a0e00000, 0x00000000a0e00000| Complete 
|   1|0x00000000a0f00000, 0x00000000a1000000, 0x00000000a1000000|100%|HC|  |TAMS 0x00000000a0f00000, 0x00000000a0f00000| Complete 
|   2|0x00000000a1000000, 0x00000000a1100000, 0x00000000a1100000|100%|HC|  |TAMS 0x00000000a1000000, 0x00000000a1000000| Complete 
|   3|0x00000000a1100000, 0x00000000a1200000, 0x00000000a1200000|100%|HC|  |TAMS 0x00000000a1100000, 0x00000000a1100000| Complete 
|   4|0x00000000a1200000, 0x00000000a1200000, 0x00000000a1300000|  0%| F|  |TAMS 0x00000000a1200000, 0x00000000a1200000| Untracked 
|   5|0x00000000a1300000, 0x00000000a1300000, 0x00000000a1400000|  0%| F|  |TAMS 0x00000000a1300000, 0x00000000a1300000| Untracked 
|   6|0x00000000a1400000, 0x00000000a1400000, 0x00000000a1500000|  0%| F|  |TAMS 0x00000000a1400000, 0x00000000a1400000| Untracked 
|   7|0x00000000a1500000, 0x00000000a1500000, 0x00000000a1600000|  0%| F|  |TAMS 0x00000000a1500000, 0x00000000a1500000| Untracked 
|   8|0x00000000a1600000, 0x00000000a1600000, 0x00000000a1700000|  0%| F|  |TAMS 0x00000000a1600000, 0x00000000a1600000| Untracked 
|   9|0x00000000a1700000, 0x00000000a1700000, 0x00000000a1800000|  0%| F|  |TAMS 0x00000000a1700000, 0x00000000a1700000| Untracked 
|  10|0x00000000a1800000, 0x00000000a1800000, 0x00000000a1900000|  0%| F|  |TAMS 0x00000000a1800000, 0x00000000a1800000| Untracked 
|  11|0x00000000a1900000, 0x00000000a1900000, 0x00000000a1a00000|  0%| F|  |TAMS 0x00000000a1900000, 0x00000000a1900000| Untracked 
|  12|0x00000000a1a00000, 0x00000000a1a00000, 0x00000000a1b00000|  0%| F|  |TAMS 0x00000000a1a00000, 0x00000000a1a00000| Untracked 
|  13|0x00000000a1b00000, 0x00000000a1b00000, 0x00000000a1c00000|  0%| F|  |TAMS 0x00000000a1b00000, 0x00000000a1b00000| Untracked 
|  14|0x00000000a1c00000, 0x00000000a1c00000, 0x00000000a1d00000|  0%| F|  |TAMS 0x00000000a1c00000, 0x00000000a1c00000| Untracked 
|  15|0x00000000a1d00000, 0x00000000a1d00000, 0x00000000a1e00000|  0%| F|  |TAMS 0x00000000a1d00000, 0x00000000a1d00000| Untracked 
|  16|0x00000000a1e00000, 0x00000000a1e00000, 0x00000000a1f00000|  0%| F|  |TAMS 0x00000000a1e00000, 0x00000000a1e00000| Untracked 
|  17|0x00000000a1f00000, 0x00000000a1f00000, 0x00000000a2000000|  0%| F|  |TAMS 0x00000000a1f00000, 0x00000000a1f00000| Untracked 
|  18|0x00000000a2000000, 0x00000000a2000000, 0x00000000a2100000|  0%| F|  |TAMS 0x00000000a2000000, 0x00000000a2000000| Untracked 
|  19|0x00000000a2100000, 0x00000000a2100000, 0x00000000a2200000|  0%| F|  |TAMS 0x00000000a2100000, 0x00000000a2100000| Untracked 
|  20|0x00000000a2200000, 0x00000000a2200000, 0x00000000a2300000|  0%| F|  |TAMS 0x00000000a2200000, 0x00000000a2200000| Untracked 
|  21|0x00000000a2300000, 0x00000000a2300000, 0x00000000a2400000|  0%| F|  |TAMS 0x00000000a2300000, 0x00000000a2300000| Untracked 
|  22|0x00000000a2400000, 0x00000000a2400000, 0x00000000a2500000|  0%| F|  |TAMS 0x00000000a2400000, 0x00000000a2400000| Untracked 
|  23|0x00000000a2500000, 0x00000000a2500000, 0x00000000a2600000|  0%| F|  |TAMS 0x00000000a2500000, 0x00000000a2500000| Untracked 
|  24|0x00000000a2600000, 0x00000000a2600000, 0x00000000a2700000|  0%| F|  |TAMS 0x00000000a2600000, 0x00000000a2600000| Untracked 
|  25|0x00000000a2700000, 0x00000000a2700000, 0x00000000a2800000|  0%| F|  |TAMS 0x00000000a2700000, 0x00000000a2700000| Untracked 
|  26|0x00000000a2800000, 0x00000000a2800000, 0x00000000a2900000|  0%| F|  |TAMS 0x00000000a2800000, 0x00000000a2800000| Untracked 
|  27|0x00000000a2900000, 0x00000000a2900000, 0x00000000a2a00000|  0%| F|  |TAMS 0x00000000a2900000, 0x00000000a2900000| Untracked 
|  28|0x00000000a2a00000, 0x00000000a2a00000, 0x00000000a2b00000|  0%| F|  |TAMS 0x00000000a2a00000, 0x00000000a2a00000| Untracked 
|  29|0x00000000a2b00000, 0x00000000a2b00000, 0x00000000a2c00000|  0%| F|  |TAMS 0x00000000a2b00000, 0x00000000a2b00000| Untracked 
|  30|0x00000000a2c00000, 0x00000000a2c00000, 0x00000000a2d00000|  0%| F|  |TAMS 0x00000000a2c00000, 0x00000000a2c00000| Untracked 
|  31|0x00000000a2d00000, 0x00000000a2d00000, 0x00000000a2e00000|  0%| F|  |TAMS 0x00000000a2d00000, 0x00000000a2d00000| Untracked 
|  32|0x00000000a2e00000, 0x00000000a2e00000, 0x00000000a2f00000|  0%| F|  |TAMS 0x00000000a2e00000, 0x00000000a2e00000| Untracked 
|  33|0x00000000a2f00000, 0x00000000a2f00000, 0x00000000a3000000|  0%| F|  |TAMS 0x00000000a2f00000, 0x00000000a2f00000| Untracked 
|  34|0x00000000a3000000, 0x00000000a3000000, 0x00000000a3100000|  0%| F|  |TAMS 0x00000000a3000000, 0x00000000a3000000| Untracked 
|  35|0x00000000a3100000, 0x00000000a3100000, 0x00000000a3200000|  0%| F|  |TAMS 0x00000000a3100000, 0x00000000a3100000| Untracked 
|  36|0x00000000a3200000, 0x00000000a3200000, 0x00000000a3300000|  0%| F|  |TAMS 0x00000000a3200000, 0x00000000a3200000| Untracked 
|  37|0x00000000a3300000, 0x00000000a3300000, 0x00000000a3400000|  0%| F|  |TAMS 0x00000000a3300000, 0x00000000a3300000| Untracked 
|  38|0x00000000a3400000, 0x00000000a3400000, 0x00000000a3500000|  0%| F|  |TAMS 0x00000000a3400000, 0x00000000a3400000| Untracked 
|  39|0x00000000a3500000, 0x00000000a3500000, 0x00000000a3600000|  0%| F|  |TAMS 0x00000000a3500000, 0x00000000a3500000| Untracked 
|  40|0x00000000a3600000, 0x00000000a3600000, 0x00000000a3700000|  0%| F|  |TAMS 0x00000000a3600000, 0x00000000a3600000| Untracked 
|  41|0x00000000a3700000, 0x00000000a3700000, 0x00000000a3800000|  0%| F|  |TAMS 0x00000000a3700000, 0x00000000a3700000| Untracked 
|  42|0x00000000a3800000, 0x00000000a3800000, 0x00000000a3900000|  0%| F|  |TAMS 0x00000000a3800000, 0x00000000a3800000| Untracked 
|  43|0x00000000a3900000, 0x00000000a3900000, 0x00000000a3a00000|  0%| F|  |TAMS 0x00000000a3900000, 0x00000000a3900000| Untracked 
|  44|0x00000000a3a00000, 0x00000000a3a00000, 0x00000000a3b00000|  0%| F|  |TAMS 0x00000000a3a00000, 0x00000000a3a00000| Untracked 
|  45|0x00000000a3b00000, 0x00000000a3b00000, 0x00000000a3c00000|  0%| F|  |TAMS 0x00000000a3b00000, 0x00000000a3b00000| Untracked 
|  46|0x00000000a3c00000, 0x00000000a3c00000, 0x00000000a3d00000|  0%| F|  |TAMS 0x00000000a3c00000, 0x00000000a3c00000| Untracked 
|  47|0x00000000a3d00000, 0x00000000a3d00000, 0x00000000a3e00000|  0%| F|  |TAMS 0x00000000a3d00000, 0x00000000a3d00000| Untracked 
|  48|0x00000000a3e00000, 0x00000000a3e00000, 0x00000000a3f00000|  0%| F|  |TAMS 0x00000000a3e00000, 0x00000000a3e00000| Untracked 
|  49|0x00000000a3f00000, 0x00000000a3f00000, 0x00000000a4000000|  0%| F|  |TAMS 0x00000000a3f00000, 0x00000000a3f00000| Untracked 
|  50|0x00000000a4000000, 0x00000000a4000000, 0x00000000a4100000|  0%| F|  |TAMS 0x00000000a4000000, 0x00000000a4000000| Untracked 
|  51|0x00000000a4100000, 0x00000000a4100000, 0x00000000a4200000|  0%| F|  |TAMS 0x00000000a4100000, 0x00000000a4100000| Untracked 
|  52|0x00000000a4200000, 0x00000000a4200000, 0x00000000a4300000|  0%| F|  |TAMS 0x00000000a4200000, 0x00000000a4200000| Untracked 
|  53|0x00000000a4300000, 0x00000000a4300000, 0x00000000a4400000|  0%| F|  |TAMS 0x00000000a4300000, 0x00000000a4300000| Untracked 
|  54|0x00000000a4400000, 0x00000000a4400000, 0x00000000a4500000|  0%| F|  |TAMS 0x00000000a4400000, 0x00000000a4400000| Untracked 
|  55|0x00000000a4500000, 0x00000000a4500000, 0x00000000a4600000|  0%| F|  |TAMS 0x00000000a4500000, 0x00000000a4500000| Untracked 
|  56|0x00000000a4600000, 0x00000000a4600000, 0x00000000a4700000|  0%| F|  |TAMS 0x00000000a4600000, 0x00000000a4600000| Untracked 
|  57|0x00000000a4700000, 0x00000000a4700000, 0x00000000a4800000|  0%| F|  |TAMS 0x00000000a4700000, 0x00000000a4700000| Untracked 
|  58|0x00000000a4800000, 0x00000000a4800000, 0x00000000a4900000|  0%| F|  |TAMS 0x00000000a4800000, 0x00000000a4800000| Untracked 
|  59|0x00000000a4900000, 0x00000000a4900000, 0x00000000a4a00000|  0%| F|  |TAMS 0x00000000a4900000, 0x00000000a4900000| Untracked 
|  60|0x00000000a4a00000, 0x00000000a4a00000, 0x00000000a4b00000|  0%| F|  |TAMS 0x00000000a4a00000, 0x00000000a4a00000| Untracked 
|  61|0x00000000a4b00000, 0x00000000a4b00000, 0x00000000a4c00000|  0%| F|  |TAMS 0x00000000a4b00000, 0x00000000a4b00000| Untracked 
|  62|0x00000000a4c00000, 0x00000000a4c00000, 0x00000000a4d00000|  0%| F|  |TAMS 0x00000000a4c00000, 0x00000000a4c00000| Untracked 
|  63|0x00000000a4d00000, 0x00000000a4d00000, 0x00000000a4e00000|  0%| F|  |TAMS 0x00000000a4d00000, 0x00000000a4d00000| Untracked 
|  64|0x00000000a4e00000, 0x00000000a4e00000, 0x00000000a4f00000|  0%| F|  |TAMS 0x00000000a4e00000, 0x00000000a4e00000| Untracked 
|  65|0x00000000a4f00000, 0x00000000a4f00000, 0x00000000a5000000|  0%| F|  |TAMS 0x00000000a4f00000, 0x00000000a4f00000| Untracked 
|  66|0x00000000a5000000, 0x00000000a5000000, 0x00000000a5100000|  0%| F|  |TAMS 0x00000000a5000000, 0x00000000a5000000| Untracked 
|  67|0x00000000a5100000, 0x00000000a5100000, 0x00000000a5200000|  0%| F|  |TAMS 0x00000000a5100000, 0x00000000a5100000| Untracked 
|  68|0x00000000a5200000, 0x00000000a5200000, 0x00000000a5300000|  0%| F|  |TAMS 0x00000000a5200000, 0x00000000a5200000| Untracked 
|  69|0x00000000a5300000, 0x00000000a53b6fd8, 0x00000000a5400000| 71%| S|CS|TAMS 0x00000000a5300000, 0x00000000a5300000| Complete 
|  70|0x00000000a5400000, 0x00000000a5500000, 0x00000000a5500000|100%| S|CS|TAMS 0x00000000a5400000, 0x00000000a5400000| Complete 
|  71|0x00000000a5500000, 0x00000000a5600000, 0x00000000a5600000|100%| S|CS|TAMS 0x00000000a5500000, 0x00000000a5500000| Complete 
|  72|0x00000000a5600000, 0x00000000a5600000, 0x00000000a5700000|  0%| F|  |TAMS 0x00000000a5600000, 0x00000000a5600000| Untracked 
|  73|0x00000000a5700000, 0x00000000a5700000, 0x00000000a5800000|  0%| F|  |TAMS 0x00000000a5700000, 0x00000000a5700000| Untracked 
|  74|0x00000000a5800000, 0x00000000a5800000, 0x00000000a5900000|  0%| F|  |TAMS 0x00000000a5800000, 0x00000000a5800000| Untracked 
|  75|0x00000000a5900000, 0x00000000a5900000, 0x00000000a5a00000|  0%| F|  |TAMS 0x00000000a5900000, 0x00000000a5900000| Untracked 
|  76|0x00000000a5a00000, 0x00000000a5a00000, 0x00000000a5b00000|  0%| F|  |TAMS 0x00000000a5a00000, 0x00000000a5a00000| Untracked 
|  77|0x00000000a5b00000, 0x00000000a5b00000, 0x00000000a5c00000|  0%| F|  |TAMS 0x00000000a5b00000, 0x00000000a5b00000| Untracked 
|  78|0x00000000a5c00000, 0x00000000a5c00000, 0x00000000a5d00000|  0%| F|  |TAMS 0x00000000a5c00000, 0x00000000a5c00000| Untracked 
|  79|0x00000000a5d00000, 0x00000000a5d00000, 0x00000000a5e00000|  0%| F|  |TAMS 0x00000000a5d00000, 0x00000000a5d00000| Untracked 
|  80|0x00000000a5e00000, 0x00000000a5e00000, 0x00000000a5f00000|  0%| F|  |TAMS 0x00000000a5e00000, 0x00000000a5e00000| Untracked 
|  81|0x00000000a5f00000, 0x00000000a5f00000, 0x00000000a6000000|  0%| F|  |TAMS 0x00000000a5f00000, 0x00000000a5f00000| Untracked 
|  82|0x00000000a6000000, 0x00000000a6100000, 0x00000000a6100000|100%| E|  |TAMS 0x00000000a6000000, 0x00000000a6000000| Complete 
|  83|0x00000000a6100000, 0x00000000a6200000, 0x00000000a6200000|100%| E|CS|TAMS 0x00000000a6100000, 0x00000000a6100000| Complete 
|  84|0x00000000a6200000, 0x00000000a6300000, 0x00000000a6300000|100%| E|CS|TAMS 0x00000000a6200000, 0x00000000a6200000| Complete 
|  85|0x00000000a6300000, 0x00000000a6400000, 0x00000000a6400000|100%| E|CS|TAMS 0x00000000a6300000, 0x00000000a6300000| Complete 
|  86|0x00000000a6400000, 0x00000000a6500000, 0x00000000a6500000|100%| E|CS|TAMS 0x00000000a6400000, 0x00000000a6400000| Complete 
|  87|0x00000000a6500000, 0x00000000a6600000, 0x00000000a6600000|100%| E|CS|TAMS 0x00000000a6500000, 0x00000000a6500000| Complete 
|  88|0x00000000a6600000, 0x00000000a6700000, 0x00000000a6700000|100%| E|CS|TAMS 0x00000000a6600000, 0x00000000a6600000| Complete 
|  89|0x00000000a6700000, 0x00000000a6800000, 0x00000000a6800000|100%| E|CS|TAMS 0x00000000a6700000, 0x00000000a6700000| Complete 
|  90|0x00000000a6800000, 0x00000000a6900000, 0x00000000a6900000|100%| E|CS|TAMS 0x00000000a6800000, 0x00000000a6800000| Complete 
|  91|0x00000000a6900000, 0x00000000a6a00000, 0x00000000a6a00000|100%| E|CS|TAMS 0x00000000a6900000, 0x00000000a6900000| Complete 
|  92|0x00000000a6a00000, 0x00000000a6b00000, 0x00000000a6b00000|100%| E|CS|TAMS 0x00000000a6a00000, 0x00000000a6a00000| Complete 
|  93|0x00000000a6b00000, 0x00000000a6c00000, 0x00000000a6c00000|100%| E|CS|TAMS 0x00000000a6b00000, 0x00000000a6b00000| Complete 
|  94|0x00000000a6c00000, 0x00000000a6d00000, 0x00000000a6d00000|100%| E|CS|TAMS 0x00000000a6c00000, 0x00000000a6c00000| Complete 
|  95|0x00000000a6d00000, 0x00000000a6e00000, 0x00000000a6e00000|100%| E|CS|TAMS 0x00000000a6d00000, 0x00000000a6d00000| Complete 

Card table byte_map: [0x000002b2453c0000,0x000002b2456c0000] _byte_map_base: 0x000002b244eb9000

Marking Bits (Prev, Next): (CMBitMap*) 0x000002b232298d48, (CMBitMap*) 0x000002b232298d80
 Prev Bits: [0x000002b2459c0000, 0x000002b247188000)
 Next Bits: [0x000002b247190000, 0x000002b248958000)

Polling page: 0x000002b230210000

Metaspace:

Usage:
  Non-class:     12.78 MB capacity,    12.67 MB (>99%) used,   107.54 KB ( <1%) free+waste,     9.94 KB ( <1%) overhead. 
      Class:      1.40 MB capacity,     1.34 MB ( 96%) used,    57.26 KB (  4%) free+waste,     3.00 KB ( <1%) overhead. 
       Both:     14.18 MB capacity,    14.01 MB ( 99%) used,   164.80 KB (  1%) free+waste,    12.94 KB ( <1%) overhead. 

Virtual space:
  Non-class space:       14.00 MB reserved,      13.00 MB ( 93%) committed 
      Class space:        1.00 GB reserved,       1.50 MB ( <1%) committed 
             Both:        1.01 GB reserved,      14.50 MB (  1%) committed 

Chunk freelists:
   Non-Class:  31.00 KB
       Class:  9.00 KB
        Both:  40.00 KB

MaxMetaspaceSize: 17179869184.00 GB
CompressedClassSpaceSize: 1.00 GB
Initial GC threshold: 20.80 MB
Current GC threshold: 20.80 MB
CDS: off

CodeHeap 'non-profiled nmethods': size=120000Kb used=326Kb max_used=326Kb free=119673Kb
 bounds [0x000002b23d860000, 0x000002b23dad0000, 0x000002b244d90000]
CodeHeap 'profiled nmethods': size=120000Kb used=1905Kb max_used=1905Kb free=118094Kb
 bounds [0x000002b236330000, 0x000002b2365a0000, 0x000002b23d860000]
CodeHeap 'non-nmethods': size=5760Kb used=1142Kb max_used=1159Kb free=4617Kb
 bounds [0x000002b235d90000, 0x000002b236000000, 0x000002b236330000]
 total_blobs=1494 nmethods=1099 adapters=308
 compilation: enabled
              stopped_count=0, restarted_count=0
 full_count=0

Compilation events (20 events):
Event: 0.862 Thread 0x000002b24b3b5000 nmethod 1048 0x000002b2364f7e10 code [0x000002b2364f7fc0, 0x000002b2364f80d8]
Event: 0.862 Thread 0x000002b24b3b5000 1039       3       kotlin.collections.CollectionsKt___CollectionsKt::plus (87 bytes)
Event: 0.863 Thread 0x000002b24b3b5000 nmethod 1039 0x000002b2364f8190 code [0x000002b2364f84c0, 0x000002b2364f95c8]
Event: 0.863 Thread 0x000002b24b3b5000 1045       1       kotlin.reflect.jvm.internal.impl.metadata.ProtoBuf$Type$Argument::getType (5 bytes)
Event: 0.863 Thread 0x000002b24b3b5000 nmethod 1045 0x000002b23d8abf90 code [0x000002b23d8ac140, 0x000002b23d8ac1f8]
Event: 0.863 Thread 0x000002b24b3b5000 1047       1       kotlin.reflect.jvm.internal.impl.descriptors.impl.PropertyDescriptorImpl$CopyConfiguration::access$200 (5 bytes)
Event: 0.863 Thread 0x000002b24b3b5000 nmethod 1047 0x000002b23d8ac290 code [0x000002b23d8ac440, 0x000002b23d8ac4d8]
Event: 0.863 Thread 0x000002b24b3b5000 1049       3       kotlin.reflect.jvm.internal.impl.serialization.deserialization.descriptors.DeserializedAnnotations::isEmpty (10 bytes)
Event: 0.863 Thread 0x000002b24b3b5000 nmethod 1049 0x000002b2364f9b10 code [0x000002b2364f9e00, 0x000002b2364fab98]
Event: 0.863 Thread 0x000002b24b3b5000 1050       3       kotlin.reflect.jvm.internal.impl.serialization.deserialization.descriptors.DeserializedAnnotations::getAnnotations (17 bytes)
Event: 0.863 Thread 0x000002b24b3a8800 1052       4       kotlin.reflect.jvm.internal.impl.protobuf.ByteString$Output::<init> (42 bytes)
Event: 0.864 Thread 0x000002b24b3b5000 nmethod 1050 0x000002b2364fb090 code [0x000002b2364fb360, 0x000002b2364fbfc8]
Event: 0.864 Thread 0x000002b24b3b5000 1051       3       kotlin.reflect.jvm.internal.impl.protobuf.AbstractMessageLite$Builder$LimitedInputStream::read (46 bytes)
Event: 0.864 Thread 0x000002b24be74800 1058       4       kotlin.reflect.jvm.internal.impl.protobuf.CodedOutputStream::refreshBuffer (37 bytes)
Event: 0.864 Thread 0x000002b24b3b5000 nmethod 1051 0x000002b2364fc410 code [0x000002b2364fc5e0, 0x000002b2364fc948]
Event: 0.864 Thread 0x000002b24b3b5000 1054       3       kotlin.reflect.jvm.internal.impl.serialization.deserialization.ProtoEnumFlags::modality (80 bytes)
Event: 0.864 Thread 0x000002b24b3b5000 nmethod 1054 0x000002b2364fca90 code [0x000002b2364fcc60, 0x000002b2364fcf58]
Event: 0.864 Thread 0x000002b24b3b5000 1055       3       kotlin.reflect.jvm.internal.impl.serialization.deserialization.ProtoEnumFlagsUtilsKt::descriptorVisibility (181 bytes)
Event: 0.865 Thread 0x000002b24b3b5000 nmethod 1055 0x000002b2364fd090 code [0x000002b2364fd340, 0x000002b2364fdce8]
Event: 0.865 Thread 0x000002b24b3b5000 1053       3       kotlin.reflect.jvm.internal.impl.serialization.deserialization.DeserializationContext::childContext (83 bytes)

GC Heap History (2 events):
Event: 0.633 GC heap before
{Heap before GC invocations=0 (full 0):
 garbage-first heap   total 98304K, used 28672K [0x00000000a0e00000, 0x0000000100000000)
  region size 1024K, 24 young (24576K), 0 survivors (0K)
 Metaspace       used 12151K, capacity 12280K, committed 12544K, reserved 1060864K
  class space    used 1121K, capacity 1175K, committed 1280K, reserved 1048576K
}
Event: 0.636 GC heap after
{Heap after GC invocations=1 (full 0):
 garbage-first heap   total 98304K, used 6875K [0x00000000a0e00000, 0x0000000100000000)
  region size 1024K, 3 young (3072K), 3 survivors (3072K)
 Metaspace       used 12151K, capacity 12280K, committed 12544K, reserved 1060864K
  class space    used 1121K, capacity 1175K, committed 1280K, reserved 1048576K
}

Deoptimization events (20 events):
Event: 0.735 Thread 0x000002b232261800 Uncommon trap: trap_request=0xffffffc6 fr.pc=0x000002b23d896bec relative=0x00000000000004ec
Event: 0.735 Thread 0x000002b232261800 Uncommon trap: reason=bimorphic_or_optimized_type_check action=maybe_recompile pc=0x000002b23d896bec method=kotlin.reflect.jvm.internal.impl.protobuf.CodedInputStream.tryRefillBuffer(I)Z @ 175 c2
Event: 0.735 Thread 0x000002b232261800 DEOPT PACKING pc=0x000002b23d896bec sp=0x000000fef1dfc030
Event: 0.735 Thread 0x000002b232261800 DEOPT UNPACKING pc=0x000002b235dda1af sp=0x000000fef1dfbf18 mode 2
Event: 0.739 Thread 0x000002b232261800 Uncommon trap: trap_request=0xffffff4d fr.pc=0x000002b23d8923a4 relative=0x00000000000001e4
Event: 0.739 Thread 0x000002b232261800 Uncommon trap: reason=unstable_if action=reinterpret pc=0x000002b23d8923a4 method=kotlin.reflect.jvm.internal.impl.protobuf.CodedInputStream.readRawVarint32()I @ 10 c2
Event: 0.739 Thread 0x000002b232261800 DEOPT PACKING pc=0x000002b23d8923a4 sp=0x000000fef1dfba20
Event: 0.739 Thread 0x000002b232261800 DEOPT UNPACKING pc=0x000002b235dda1af sp=0x000000fef1dfb9a0 mode 2
Event: 0.743 Thread 0x000002b232261800 Uncommon trap: trap_request=0xffffffc6 fr.pc=0x000002b23d896bec relative=0x00000000000004ec
Event: 0.743 Thread 0x000002b232261800 Uncommon trap: reason=bimorphic_or_optimized_type_check action=maybe_recompile pc=0x000002b23d896bec method=kotlin.reflect.jvm.internal.impl.protobuf.CodedInputStream.tryRefillBuffer(I)Z @ 175 c2
Event: 0.743 Thread 0x000002b232261800 DEOPT PACKING pc=0x000002b23d896bec sp=0x000000fef1dfba80
Event: 0.743 Thread 0x000002b232261800 DEOPT UNPACKING pc=0x000002b235dda1af sp=0x000000fef1dfb968 mode 2
Event: 0.750 Thread 0x000002b232261800 Uncommon trap: trap_request=0xffffffc6 fr.pc=0x000002b23d896bec relative=0x00000000000004ec
Event: 0.750 Thread 0x000002b232261800 Uncommon trap: reason=bimorphic_or_optimized_type_check action=maybe_recompile pc=0x000002b23d896bec method=kotlin.reflect.jvm.internal.impl.protobuf.CodedInputStream.tryRefillBuffer(I)Z @ 175 c2
Event: 0.750 Thread 0x000002b232261800 DEOPT PACKING pc=0x000002b23d896bec sp=0x000000fef1dfc030
Event: 0.750 Thread 0x000002b232261800 DEOPT UNPACKING pc=0x000002b235dda1af sp=0x000000fef1dfbf18 mode 2
Event: 0.845 Thread 0x000002b232261800 Uncommon trap: trap_request=0xffffff4d fr.pc=0x000002b23d89bdd4 relative=0x0000000000000594
Event: 0.845 Thread 0x000002b232261800 Uncommon trap: reason=unstable_if action=reinterpret pc=0x000002b23d89bdd4 method=java.util.ArrayList.newCapacity(I)I @ 25 c2
Event: 0.845 Thread 0x000002b232261800 DEOPT PACKING pc=0x000002b23d89bdd4 sp=0x000000fef1dfdd20
Event: 0.845 Thread 0x000002b232261800 DEOPT UNPACKING pc=0x000002b235dda1af sp=0x000000fef1dfdb40 mode 2

Classes redefined (0 events):
No events

Internal exceptions (0 events):
No events

Events (20 events):
Event: 0.843 loading class kotlin/reflect/jvm/internal/impl/descriptors/impl/ValueParameterDescriptorImpl$WithDestructuringDeclaration
Event: 0.843 loading class kotlin/reflect/jvm/internal/impl/descriptors/impl/ValueParameterDescriptorImpl$WithDestructuringDeclaration done
Event: 0.843 loading class kotlin/reflect/jvm/internal/impl/descriptors/Visibilities
Event: 0.843 loading class kotlin/reflect/jvm/internal/impl/descriptors/Visibilities done
Event: 0.843 loading class kotlin/collections/builders/MapBuilder
Event: 0.843 loading class kotlin/collections/builders/MapBuilder done
Event: 0.844 loading class kotlin/jvm/internal/markers/KMutableMap
Event: 0.844 loading class kotlin/jvm/internal/markers/KMutableMap done
Event: 0.844 loading class java/io/NotSerializableException
Event: 0.844 loading class java/io/ObjectStreamException
Event: 0.844 loading class java/io/ObjectStreamException done
Event: 0.844 loading class java/io/NotSerializableException done
Event: 0.844 loading class kotlin/collections/builders/MapBuilder$Companion
Event: 0.844 loading class kotlin/collections/builders/MapBuilder$Companion done
Event: 0.845 loading class kotlin/collections/builders/ListBuilderKt
Event: 0.845 loading class kotlin/collections/builders/ListBuilderKt done
Event: 0.852 loading class kotlin/reflect/jvm/internal/impl/resolve/DescriptorFactory
Event: 0.852 loading class kotlin/reflect/jvm/internal/impl/resolve/DescriptorFactory done
Event: 0.853 loading class kotlin/reflect/jvm/internal/impl/resolve/DescriptorFactory$DefaultClassConstructorDescriptor
Event: 0.853 loading class kotlin/reflect/jvm/internal/impl/resolve/DescriptorFactory$DefaultClassConstructorDescriptor done


Dynamic libraries:
0x00007ff723a40000 - 0x00007ff723a4a000 	D:\Androd\sdk\jbr\bin\java.exe
0x00007ff97d830000 - 0x00007ff97da28000 	C:\WINDOWS\SYSTEM32\ntdll.dll
0x00007ff97c6d0000 - 0x00007ff97c78f000 	C:\WINDOWS\System32\KERNEL32.DLL
0x00007ff97b1d0000 - 0x00007ff97b4aa000 	C:\WINDOWS\System32\KERNELBASE.dll
0x00007ff97b0d0000 - 0x00007ff97b1d0000 	C:\WINDOWS\System32\ucrtbase.dll
0x00007ff963650000 - 0x00007ff96366b000 	D:\Androd\sdk\jbr\bin\VCRUNTIME140.dll
0x00007ff968910000 - 0x00007ff968927000 	D:\Androd\sdk\jbr\bin\jli.dll
0x00007ff97bf90000 - 0x00007ff97c12d000 	C:\WINDOWS\System32\USER32.dll
0x00007ff97b0a0000 - 0x00007ff97b0c2000 	C:\WINDOWS\System32\win32u.dll
0x00007ff969f60000 - 0x00007ff96a1fa000 	C:\WINDOWS\WinSxS\amd64_microsoft.windows.common-controls_6595b64144ccf1df_6.0.19041.1110_none_60b5254171f9507e\COMCTL32.dll
0x00007ff97c6a0000 - 0x00007ff97c6cb000 	C:\WINDOWS\System32\GDI32.dll
0x00007ff97d030000 - 0x00007ff97d0ce000 	C:\WINDOWS\System32\msvcrt.dll
0x00007ff97b6c0000 - 0x00007ff97b7d0000 	C:\WINDOWS\System32\gdi32full.dll
0x00007ff97b620000 - 0x00007ff97b6bd000 	C:\WINDOWS\System32\msvcp_win.dll
0x00007ff97d610000 - 0x00007ff97d640000 	C:\WINDOWS\System32\IMM32.DLL
0x00007ff9744b0000 - 0x00007ff9744bc000 	D:\Androd\sdk\jbr\bin\vcruntime140_1.dll
0x00007ff94e8a0000 - 0x00007ff94e92d000 	D:\Androd\sdk\jbr\bin\msvcp140.dll
0x00007ff94bc90000 - 0x00007ff94c84c000 	D:\Androd\sdk\jbr\bin\server\jvm.dll
0x00007ff97d4a0000 - 0x00007ff97d54e000 	C:\WINDOWS\System32\ADVAPI32.dll
0x00007ff97d0d0000 - 0x00007ff97d16c000 	C:\WINDOWS\System32\sechost.dll
0x00007ff97c570000 - 0x00007ff97c696000 	C:\WINDOWS\System32\RPCRT4.dll
0x00007ff97d550000 - 0x00007ff97d558000 	C:\WINDOWS\System32\PSAPI.DLL
0x00007ff9765b0000 - 0x00007ff9765b9000 	C:\WINDOWS\SYSTEM32\WSOCK32.dll
0x00007ff970de0000 - 0x00007ff970e07000 	C:\WINDOWS\SYSTEM32\WINMM.dll
0x00007ff97bec0000 - 0x00007ff97bf2b000 	C:\WINDOWS\System32\WS2_32.dll
0x00007ff974810000 - 0x00007ff97481a000 	C:\WINDOWS\SYSTEM32\VERSION.dll
0x00007ff979790000 - 0x00007ff9797a2000 	C:\WINDOWS\SYSTEM32\kernel.appcore.dll
0x00007ff975ad0000 - 0x00007ff975ae0000 	D:\Androd\sdk\jbr\bin\verify.dll
0x00007ff979370000 - 0x00007ff979554000 	C:\WINDOWS\SYSTEM32\DBGHELP.DLL
0x00007ff965bd0000 - 0x00007ff965c04000 	C:\WINDOWS\SYSTEM32\dbgcore.DLL
0x00007ff97b4b0000 - 0x00007ff97b532000 	C:\WINDOWS\System32\bcryptPrimitives.dll
0x00007ff96d0d0000 - 0x00007ff96d0f8000 	D:\Androd\sdk\jbr\bin\java.dll
0x00007ff9759d0000 - 0x00007ff9759da000 	D:\Androd\sdk\jbr\bin\jimage.dll
0x00007ff96d590000 - 0x00007ff96d5a8000 	D:\Androd\sdk\jbr\bin\zip.dll
0x00007ff97c8b0000 - 0x00007ff97cff4000 	C:\WINDOWS\System32\SHELL32.dll
0x00007ff978bd0000 - 0x00007ff979363000 	C:\WINDOWS\SYSTEM32\windows.storage.dll
0x00007ff97c1b0000 - 0x00007ff97c504000 	C:\WINDOWS\System32\combase.dll
0x00007ff97a930000 - 0x00007ff97a95e000 	C:\WINDOWS\SYSTEM32\Wldp.dll
0x00007ff97d560000 - 0x00007ff97d60d000 	C:\WINDOWS\System32\SHCORE.dll
0x00007ff97c510000 - 0x00007ff97c565000 	C:\WINDOWS\System32\shlwapi.dll
0x00007ff97ae80000 - 0x00007ff97ae9f000 	C:\WINDOWS\SYSTEM32\profapi.dll
0x00007ff96d060000 - 0x00007ff96d079000 	D:\Androd\sdk\jbr\bin\net.dll
0x00007ff970aa0000 - 0x00007ff970baa000 	C:\WINDOWS\SYSTEM32\WINHTTP.dll
0x00007ff97a690000 - 0x00007ff97a6fa000 	C:\WINDOWS\system32\mswsock.dll
0x00007ff9693d0000 - 0x00007ff9693e3000 	D:\Androd\sdk\jbr\bin\nio.dll

dbghelp: loaded successfully - version: 4.0.5 - missing functions: none
symbol engine: initialized successfully - sym options: 0x614 - pdb path: .;D:\Androd\sdk\jbr\bin;C:\WINDOWS\SYSTEM32;C:\WINDOWS\WinSxS\amd64_microsoft.windows.common-controls_6595b64144ccf1df_6.0.19041.1110_none_60b5254171f9507e;D:\Androd\sdk\jbr\bin\server

VM Arguments:
java_command: org.jetbrains.kotlin.cli.jvm.K2JVMCompiler @D:\lab\app\build\20230418_646664259599096511.compiler.options
java_class_path (initial): C:\Users\sergi\.gradle\caches\modules-2\files-2.1\org.jetbrains.kotlin\kotlin-compiler-embeddable\1.8.0\eb9118d4bcceaa2a94b2ae2a33a4ddba7c9a947f\kotlin-compiler-embeddable-1.8.0.jar;C:\Users\sergi\.gradle\caches\modules-2\files-2.1\org.jetbrains.kotlin\kotlin-stdlib\1.8.0\1796921c7a3e2e2665a83e6c8d33399336cd39bc\kotlin-stdlib-1.8.0.jar;C:\Users\sergi\.gradle\caches\modules-2\files-2.1\org.jetbrains.kotlin\kotlin-script-runtime\1.8.0\b2f7e760d283cb339974851c222a4c1d48f2d3d\kotlin-script-runtime-1.8.0.jar;C:\Users\sergi\.gradle\caches\modules-2\files-2.1\org.jetbrains.kotlin\kotlin-reflect\1.6.10\1cbe9c92c12a94eea200d23c2bbaedaf3daf5132\kotlin-reflect-1.6.10.jar;C:\Users\sergi\.gradle\caches\modules-2\files-2.1\org.jetbrains.kotlin\kotlin-daemon-embeddable\1.8.0\d255216c551685dc3a7e852b53617f5f01aaaa5c\kotlin-daemon-embeddable-1.8.0.jar;C:\Users\sergi\.gradle\caches\modules-2\files-2.1\org.jetbrains.intellij.deps\trove4j\1.0.20200330\3afb14d5f9ceb459d724e907a21145e8ff394f02\trove4j-1.0.20200330.jar;C:\Users\sergi\.gradle\caches\modules-2\files-2.1\net.java.dev.jna\jna\5.6.0\330f2244e9030119ab3030fc3fededc86713d9cc\jna-5.6.0.jar;C:\Users\sergi\.gradle\caches\modules-2\files-2.1\org.jetbrains.kotlin\kotlin-stdlib-common\1.8.0\f7197e7cc76453ac59f8b0f8d5137cc600becd36\kotlin-stdlib-common-1.8.0.jar;C:\Users\sergi\.gradle\caches\modules-2\files-2.1\org.jetbrains\annotations\13.0\919f0dfe192fb4e063e7dacadee7f8bb9a2672a9\annotations-13.0.jar
Launcher Type: SUN_STANDARD

[Global flags]
     intx CICompilerCount                          = 4                                         {product} {ergonomic}
     uint ConcGCThreads                            = 2                                         {product} {ergonomic}
     uint G1ConcRefinementThreads                  = 8                                         {product} {ergonomic}
   size_t G1HeapRegionSize                         = 1048576                                   {product} {ergonomic}
    uintx GCDrainStackTargetSize                   = 64                                        {product} {ergonomic}
   size_t InitialHeapSize                          = 100663296                                 {product} {ergonomic}
   size_t MarkStackSize                            = 4194304                                   {product} {ergonomic}
   size_t MaxHeapSize                              = 1595932672                                {product} {ergonomic}
   size_t MaxNewSize                               = 957349888                                 {product} {ergonomic}
   size_t MinHeapDeltaBytes                        = 1048576                                   {product} {ergonomic}
    uintx NonNMethodCodeHeapSize                   = 5836300                                {pd product} {ergonomic}
    uintx NonProfiledCodeHeapSize                  = 122910970                              {pd product} {ergonomic}
    uintx ProfiledCodeHeapSize                     = 122910970                              {pd product} {ergonomic}
    uintx ReservedCodeCacheSize                    = 251658240                              {pd product} {ergonomic}
     bool SegmentedCodeCache                       = true                                      {product} {ergonomic}
     bool UseCompressedClassPointers               = true                                 {lp64_product} {ergonomic}
     bool UseCompressedOops                        = true                                 {lp64_product} {ergonomic}
     bool UseG1GC                                  = true                                      {product} {ergonomic}
     bool UseLargePagesIndividualAllocation        = false                                  {pd product} {ergonomic}

Logging:
Log output configuration:
 #0: stdout all=warning uptime,level,tags
 #1: stderr all=off uptime,level,tags

Environment Variables:
PATH=C:\Windows\system32;C:\Windows;C:\Windows\System32\Wbem;C:\Windows\System32\WindowsPowerShell\v1.0\;C:\Windows\System32\OpenSSH\;C:\Program Files\NVIDIA Corporation\NVIDIA NvDLISR;C:\Program Files (x86)\NVIDIA Corporation\PhysX\Common;C:\Program Files\Git\cmd;C:\WINDOWS\system32;C:\WINDOWS;C:\WINDOWS\System32\Wbem;C:\WINDOWS\System32\WindowsPowerShell\v1.0\;C:\WINDOWS\System32\OpenSSH\;C:\Users\sergi\AppData\Local\Microsoft\WindowsApps
USERNAME=sergi
OS=Windows_NT
PROCESSOR_IDENTIFIER=AMD64 Family 23 Model 24 Stepping 1, AuthenticAMD



---------------  S Y S T E M  ---------------

OS: Windows 10 , 64 bit Build 19041 (10.0.19041.2788)
OS uptime: 0 days 21:32 hours

CPU:total 8 (initial active 8) (8 cores per cpu, 2 threads per core) family 23 model 24 stepping 1 microcode 0x0, cmov, cx8, fxsr, mmx, sse, sse2, sse3, ssse3, sse4.1, sse4.2, popcnt, avx, avx2, aes, clmul, mmxext, 3dnowpref, lzcnt, sse4a, ht, tsc, tscinvbit, tscinv, bmi1, bmi2, adx, sha, fma

Memory: 4k page, system-wide physical 6081M (358M free)
TotalPageFile size 10081M (AvailPageFile size 0M)
current process WorkingSet (physical memory assigned to process): 85M, peak: 85M
current process commit charge ("private bytes"): 189M, peak: 189M

vm_info: OpenJDK 64-Bit Server VM (11.0.15+0-b2043.56-9505619) for windows-amd64 JRE (11.0.15+0-b2043.56-9505619), built on Jan 19 2023 02:48:00 by "builduser" with unknown MS VC++:1929

END.
