#
# There is insufficient memory for the Java Runtime Environment to continue.
# Native memory allocation (mmap) failed to map 54525952 bytes for Failed to commit area from 0x0000000090400000 to 0x0000000093800000 of length 54525952.
# Possible reasons:
#   The system is out of physical RAM or swap space
#   The process is running with CompressedOops enabled, and the Java Heap may be blocking the growth of the native heap
# Possible solutions:
#   Reduce memory load on the system
#   Increase physical memory or swap space
#   Check if swap backing store is full
#   Decrease Java heap size (-Xmx/-Xms)
#   Decrease number of Java threads
#   Decrease Java thread stack sizes (-Xss)
#   Set larger code cache with -XX:ReservedCodeCacheSize=
#   JVM is running with Unscaled Compressed Oops mode in which the Java heap is
#     placed in the first 4GB address space. The Java Heap base address is the
#     maximum limit for the native heap growth. Please use -XX:HeapBaseMinAddress
#     to set the Java Heap base and to place the Java Heap above 4GB virtual address.
# This output file may be truncated or incomplete.
#
#  Out of Memory Error (src/hotspot/os/windows/os_windows.cpp:3627), pid=15496, tid=3896
#
# JRE version: OpenJDK Runtime Environment (11.0.15) (build 11.0.15+0-b2043.56-9505619)
# Java VM: OpenJDK 64-Bit Server VM (11.0.15+0-b2043.56-9505619, mixed mode, tiered, compressed oops, g1 gc, windows-amd64)
# No core dump will be written. Minidumps are not enabled by default on client versions of Windows
#

---------------  S U M M A R Y ------------

Command Line: --add-opens=java.base/java.util=ALL-UNNAMED --add-opens=java.base/java.lang=ALL-UNNAMED --add-opens=java.base/java.lang.invoke=ALL-UNNAMED --add-opens=java.base/java.util=ALL-UNNAMED --add-opens=java.prefs/java.util.prefs=ALL-UNNAMED --add-opens=java.prefs/java.util.prefs=ALL-UNNAMED --add-opens=java.base/java.nio.charset=ALL-UNNAMED --add-opens=java.base/java.net=ALL-UNNAMED --add-opens=java.base/java.util.concurrent.atomic=ALL-UNNAMED -Xmx2048m -Dfile.encoding=UTF-8 -Duser.country=RU -Duser.language=ru -Duser.variant org.gradle.launcher.daemon.bootstrap.GradleDaemon 7.5

Host: AMD Ryzen 5 3550H with Radeon Vega Mobile Gfx  , 8 cores, 5G,  Windows 10 , 64 bit Build 19041 (10.0.19041.2788)
Time: Tue Apr 18 21:55:24 2023  Windows 10 , 64 bit Build 19041 (10.0.19041.2788) elapsed time: 21.493983 seconds (0d 0h 0m 21s)

---------------  T H R E A D  ---------------

Current thread (0x0000021fc7b65800):  VMThread "VM Thread" [stack: 0x0000008b58600000,0x0000008b58700000] [id=3896]

Stack: [0x0000008b58600000,0x0000008b58700000]
[error occurred during error reporting (printing stack bounds), id 0xc0000005, EXCEPTION_ACCESS_VIOLATION (0xc0000005) at pc=0x0000021fb0a2112d]

Native frames: (J=compiled Java code, j=interpreted, Vv=VM code, C=native code)
V  [jvm.dll+0x64135a]
V  [jvm.dll+0x7d39f9]
V  [jvm.dll+0x7d51b9]
V  [jvm.dll+0x7d5805]
V  [jvm.dll+0x7d57bb]
V  [jvm.dll+0x640655]
V  [jvm.dll+0x640d68]
C  [ntdll.dll+0xa23df]
C  [ntdll.dll+0x514a4]
C  [ntdll.dll+0xa0f0e]
C  0x0000021fb0a2112d

VM_Operation (0x0000008b59bf9800): G1CollectForAllocation, mode: safepoint, requested by thread 0x0000021fc9d90000


---------------  P R O C E S S  ---------------

Threads class SMR info:
_java_thread_list=0x0000021fc89523b0, length=132, elements={
0x0000021fab6e4800, 0x0000021fc7b68000, 0x0000021fc7b71800, 0x0000021fc84ec800,
0x0000021fc84ee800, 0x0000021fc84ef800, 0x0000021fc7b84800, 0x0000021fc7b89000,
0x0000021fc7b8c000, 0x0000021fc865c000, 0x0000021fc9cb9000, 0x0000021fcb2d5000,
0x0000021fcad54000, 0x0000021fca5b2800, 0x0000021fca6c2800, 0x0000021fc96c2000,
0x0000021fc9d90000, 0x0000021fc9d91000, 0x0000021fcaaaf800, 0x0000021fcaab0800,
0x0000021fcacc8000, 0x0000021fcacc7000, 0x0000021fcacc8800, 0x0000021fcacc6000,
0x0000021fcadc1800, 0x0000021fcadc0000, 0x0000021fcadc1000, 0x0000021fcadc5000,
0x0000021fcadc4000, 0x0000021fcadc3800, 0x0000021fcadbf800, 0x0000021fcadc7800,
0x0000021fcadc6800, 0x0000021fcadc6000, 0x0000021fcadc8800, 0x0000021fcadc2800,
0x0000021fcadcb800, 0x0000021fcadcc800, 0x0000021fcadce000, 0x0000021fc8d67000,
0x0000021fc8d68000, 0x0000021fc8d6b000, 0x0000021fc8d68800, 0x0000021fc8d6a800,
0x0000021fc8d65800, 0x0000021fc8d6c000, 0x0000021fc8d66000, 0x0000021fc8d72800,
0x0000021fc8d6e800, 0x0000021fc8d6c800, 0x0000021fc8d6f000, 0x0000021fc8d71000,
0x0000021fc8d70000, 0x0000021fc8d71800, 0x0000021fc8d73800, 0x0000021fc8d6d800,
0x0000021fc8d74000, 0x0000021fcc519800, 0x0000021fcc515000, 0x0000021fcc513800,
0x0000021fcc514800, 0x0000021fcc516000, 0x0000021fcc51a000, 0x0000021fcc51c800,
0x0000021fcc517000, 0x0000021fcc51c000, 0x0000021fcc51d800, 0x0000021fcc518800,
0x0000021fcc51b000, 0x0000021fcc517800, 0x0000021fcc520000, 0x0000021fcc521800,
0x0000021fcc51e000, 0x0000021fcc522800, 0x0000021fcc520800, 0x0000021fcc51f000,
0x0000021fcb8a8000, 0x0000021fcb8a4800, 0x0000021fcb8a9000, 0x0000021fcb8a3000,
0x0000021fcb8a6800, 0x0000021fcb8a9800, 0x0000021fcb8a4000, 0x0000021fcb8aa800,
0x0000021fcb8ab800, 0x0000021fcb8a5800, 0x0000021fcb8ac000, 0x0000021fcb8ad000,
0x0000021fcb8a7000, 0x0000021fcb8af800, 0x0000021fcb8ad800, 0x0000021fcb8b1000,
0x0000021fcb8ae800, 0x0000021fcb8b2000, 0x0000021fcb8b0000, 0x0000021fcdcb8000,
0x0000021fcdcbe800, 0x0000021fcdcbc800, 0x0000021fcdcbb000, 0x0000021fcdcbc000,
0x0000021fcdcb9800, 0x0000021fcdcba800, 0x0000021fcdcb8800, 0x0000021fcdcc1800,
0x0000021fcdcc0000, 0x0000021fcdcc1000, 0x0000021fcdcc2800, 0x0000021fcdcc3800,
0x0000021fcdcbd800, 0x0000021fcdcc4000, 0x0000021fcdcc5000, 0x0000021fcdcbf000,
0x0000021fcdcc5800, 0x0000021fcdcc6800, 0x0000021fcdb29000, 0x0000021fcdb25000,
0x0000021fcdb26800, 0x0000021fcdb28000, 0x0000021fcdb27800, 0x0000021fcdb24000,
0x0000021fcdb2a000, 0x0000021fcdb2b800, 0x0000021fcdb26000, 0x0000021fcdb31000,
0x0000021fcdb30800, 0x0000021fcdb32000, 0x0000021fcdb2d000, 0x0000021fcdb2f800,
0x0000021fcdb2c800, 0x0000021fcdb2f000, 0x0000021fcdb33000, 0x0000021fcdb2e000
}

Java Threads: ( => current thread )
  0x0000021fab6e4800 JavaThread "main" [_thread_blocked, id=11100, stack(0x0000008b58000000,0x0000008b58100000)]
  0x0000021fc7b68000 JavaThread "Reference Handler" daemon [_thread_blocked, id=16460, stack(0x0000008b58700000,0x0000008b58800000)]
  0x0000021fc7b71800 JavaThread "Finalizer" daemon [_thread_blocked, id=16124, stack(0x0000008b58800000,0x0000008b58900000)]
  0x0000021fc84ec800 JavaThread "Signal Dispatcher" daemon [_thread_blocked, id=1276, stack(0x0000008b58900000,0x0000008b58a00000)]
  0x0000021fc84ee800 JavaThread "Attach Listener" daemon [_thread_blocked, id=9040, stack(0x0000008b58a00000,0x0000008b58b00000)]
  0x0000021fc84ef800 JavaThread "Service Thread" daemon [_thread_blocked, id=15808, stack(0x0000008b58b00000,0x0000008b58c00000)]
  0x0000021fc7b84800 JavaThread "C2 CompilerThread0" daemon [_thread_blocked, id=3424, stack(0x0000008b58c00000,0x0000008b58d00000)]
  0x0000021fc7b89000 JavaThread "C1 CompilerThread0" daemon [_thread_blocked, id=14560, stack(0x0000008b58d00000,0x0000008b58e00000)]
  0x0000021fc7b8c000 JavaThread "Sweeper thread" daemon [_thread_blocked, id=5216, stack(0x0000008b58e00000,0x0000008b58f00000)]
  0x0000021fc865c000 JavaThread "Common-Cleaner" daemon [_thread_blocked, id=2200, stack(0x0000008b58f00000,0x0000008b59000000)]
  0x0000021fc9cb9000 JavaThread "Daemon health stats" [_thread_blocked, id=2272, stack(0x0000008b59300000,0x0000008b59400000)]
  0x0000021fcb2d5000 JavaThread "Incoming local TCP Connector on port 58889" [_thread_in_native, id=14508, stack(0x0000008b59100000,0x0000008b59200000)]
  0x0000021fcad54000 JavaThread "Daemon periodic checks" [_thread_blocked, id=1176, stack(0x0000008b59700000,0x0000008b59800000)]
  0x0000021fca5b2800 JavaThread "Daemon" [_thread_blocked, id=17040, stack(0x0000008b59800000,0x0000008b59900000)]
  0x0000021fca6c2800 JavaThread "Handler for socket connection from /127.0.0.1:58889 to /127.0.0.1:58890" [_thread_in_native, id=4496, stack(0x0000008b59900000,0x0000008b59a00000)]
  0x0000021fc96c2000 JavaThread "Cancel handler" [_thread_blocked, id=2964, stack(0x0000008b59a00000,0x0000008b59b00000)]
  0x0000021fc9d90000 JavaThread "Daemon worker" [_thread_blocked, id=13448, stack(0x0000008b59b00000,0x0000008b59c00000)]
  0x0000021fc9d91000 JavaThread "Asynchronous log dispatcher for DefaultDaemonConnection: socket connection from /127.0.0.1:58889 to /127.0.0.1:58890" [_thread_blocked, id=8916, stack(0x0000008b59c00000,0x0000008b59d00000)]
  0x0000021fcaaaf800 JavaThread "Stdin handler" [_thread_blocked, id=10784, stack(0x0000008b59d00000,0x0000008b59e00000)]
  0x0000021fcaab0800 JavaThread "Daemon client event forwarder" [_thread_blocked, id=16768, stack(0x0000008b59e00000,0x0000008b59f00000)]
  0x0000021fcacc8000 JavaThread "Cache worker for journal cache (C:\Users\sergi\.gradle\caches\journal-1)" [_thread_blocked, id=14420, stack(0x0000008b5a000000,0x0000008b5a100000)]
  0x0000021fcacc7000 JavaThread "File lock request listener" [_thread_in_native, id=11008, stack(0x0000008b5a100000,0x0000008b5a200000)]
  0x0000021fcacc8800 JavaThread "Cache worker for file hash cache (C:\Users\sergi\.gradle\caches\7.5\fileHashes)" [_thread_blocked, id=12416, stack(0x0000008b5a700000,0x0000008b5a800000)]
  0x0000021fcacc6000 JavaThread "File watcher server" daemon [_thread_in_native, id=6556, stack(0x0000008b5a800000,0x0000008b5a900000)]
  0x0000021fcadc1800 JavaThread "File watcher consumer" daemon [_thread_blocked, id=16204, stack(0x0000008b5a900000,0x0000008b5aa00000)]
  0x0000021fcadc0000 JavaThread "jar transforms" [_thread_blocked, id=16428, stack(0x0000008b5aa00000,0x0000008b5ab00000)]
  0x0000021fcadc1000 JavaThread "jar transforms Thread 2" [_thread_blocked, id=9984, stack(0x0000008b5ab00000,0x0000008b5ac00000)]
  0x0000021fcadc5000 JavaThread "jar transforms Thread 3" [_thread_blocked, id=15592, stack(0x0000008b5ac00000,0x0000008b5ad00000)]
  0x0000021fcadc4000 JavaThread "jar transforms Thread 4" [_thread_blocked, id=12004, stack(0x0000008b5ad00000,0x0000008b5ae00000)]
  0x0000021fcadc3800 JavaThread "jar transforms Thread 5" [_thread_blocked, id=7420, stack(0x0000008b5ae00000,0x0000008b5af00000)]
  0x0000021fcadbf800 JavaThread "jar transforms Thread 6" [_thread_blocked, id=13988, stack(0x0000008b5af00000,0x0000008b5b000000)]
  0x0000021fcadc7800 JavaThread "jar transforms Thread 7" [_thread_blocked, id=11244, stack(0x0000008b5b000000,0x0000008b5b100000)]
  0x0000021fcadc6800 JavaThread "jar transforms Thread 8" [_thread_blocked, id=7600, stack(0x0000008b5b100000,0x0000008b5b200000)]
  0x0000021fcadc6000 JavaThread "Cache worker for checksums cache (D:\lab\.gradle\7.5\checksums)" [_thread_blocked, id=7640, stack(0x0000008b59f00000,0x0000008b5a000000)]
  0x0000021fcadc8800 JavaThread "Cache worker for cache directory md-rule (C:\Users\sergi\.gradle\caches\7.5\md-rule)" [_thread_blocked, id=10000, stack(0x0000008b5b200000,0x0000008b5b300000)]
  0x0000021fcadc2800 JavaThread "Cache worker for file content cache (C:\Users\sergi\.gradle\caches\7.5\fileContent)" [_thread_blocked, id=16332, stack(0x0000008b5b300000,0x0000008b5b400000)]
  0x0000021fcadcb800 JavaThread "Cache worker for file hash cache (D:\lab\.gradle\7.5\fileHashes)" [_thread_blocked, id=8224, stack(0x0000008b5b400000,0x0000008b5b500000)]
  0x0000021fcadcc800 JavaThread "Cache worker for cache directory md-supplier (C:\Users\sergi\.gradle\caches\7.5\md-supplier)" [_thread_blocked, id=9996, stack(0x0000008b5b500000,0x0000008b5b600000)]
  0x0000021fcadce000 JavaThread "Cache worker for execution history cache (C:\Users\sergi\.gradle\caches\7.5\executionHistory)" [_thread_blocked, id=7964, stack(0x0000008b5b600000,0x0000008b5b700000)]
  0x0000021fc8d67000 JavaThread "Cache worker for dependencies-accessors (D:\lab\.gradle\7.5\dependencies-accessors)" [_thread_blocked, id=10468, stack(0x0000008b5b700000,0x0000008b5b800000)]
  0x0000021fc8d68000 JavaThread "Cache worker for Build Output Cleanup Cache (D:\lab\.gradle\buildOutputCleanup)" [_thread_blocked, id=13740, stack(0x0000008b5b800000,0x0000008b5b900000)]
  0x0000021fc8d6b000 JavaThread "Unconstrained build operations" [_thread_blocked, id=14488, stack(0x0000008b5b900000,0x0000008b5ba00000)]
  0x0000021fc8d68800 JavaThread "Unconstrained build operations Thread 2" [_thread_blocked, id=7728, stack(0x0000008b5ba00000,0x0000008b5bb00000)]
  0x0000021fc8d6a800 JavaThread "Unconstrained build operations Thread 3" [_thread_blocked, id=16116, stack(0x0000008b5bb00000,0x0000008b5bc00000)]
  0x0000021fc8d65800 JavaThread "Unconstrained build operations Thread 4" [_thread_blocked, id=4556, stack(0x0000008b5bc00000,0x0000008b5bd00000)]
  0x0000021fc8d6c000 JavaThread "Unconstrained build operations Thread 5" [_thread_blocked, id=6988, stack(0x0000008b5bd00000,0x0000008b5be00000)]
  0x0000021fc8d66000 JavaThread "Unconstrained build operations Thread 6" [_thread_blocked, id=15516, stack(0x0000008b5be00000,0x0000008b5bf00000)]
  0x0000021fc8d72800 JavaThread "Unconstrained build operations Thread 7" [_thread_blocked, id=6728, stack(0x0000008b5bf00000,0x0000008b5c000000)]
  0x0000021fc8d6e800 JavaThread "Unconstrained build operations Thread 8" [_thread_blocked, id=14444, stack(0x0000008b5c000000,0x0000008b5c100000)]
  0x0000021fc8d6c800 JavaThread "Unconstrained build operations Thread 9" [_thread_blocked, id=17380, stack(0x0000008b5c100000,0x0000008b5c200000)]
  0x0000021fc8d6f000 JavaThread "Unconstrained build operations Thread 10" [_thread_blocked, id=8892, stack(0x0000008b5c200000,0x0000008b5c300000)]
  0x0000021fc8d71000 JavaThread "Unconstrained build operations Thread 11" [_thread_blocked, id=14936, stack(0x0000008b5c300000,0x0000008b5c400000)]
  0x0000021fc8d70000 JavaThread "Unconstrained build operations Thread 12" [_thread_blocked, id=8484, stack(0x0000008b5c400000,0x0000008b5c500000)]
  0x0000021fc8d71800 JavaThread "Unconstrained build operations Thread 13" [_thread_blocked, id=11928, stack(0x0000008b5c500000,0x0000008b5c600000)]
  0x0000021fc8d73800 JavaThread "Unconstrained build operations Thread 14" [_thread_blocked, id=16452, stack(0x0000008b5c600000,0x0000008b5c700000)]
  0x0000021fc8d6d800 JavaThread "Unconstrained build operations Thread 15" [_thread_blocked, id=7392, stack(0x0000008b5c700000,0x0000008b5c800000)]
  0x0000021fc8d74000 JavaThread "Unconstrained build operations Thread 16" [_thread_blocked, id=14540, stack(0x0000008b5c800000,0x0000008b5c900000)]
  0x0000021fcc519800 JavaThread "Unconstrained build operations Thread 17" [_thread_blocked, id=6024, stack(0x0000008b5c900000,0x0000008b5ca00000)]
  0x0000021fcc515000 JavaThread "Unconstrained build operations Thread 18" [_thread_blocked, id=8724, stack(0x0000008b5ca00000,0x0000008b5cb00000)]
  0x0000021fcc513800 JavaThread "Unconstrained build operations Thread 19" [_thread_blocked, id=6724, stack(0x0000008b5cb00000,0x0000008b5cc00000)]
  0x0000021fcc514800 JavaThread "Unconstrained build operations Thread 20" [_thread_blocked, id=588, stack(0x0000008b5cc00000,0x0000008b5cd00000)]
  0x0000021fcc516000 JavaThread "Unconstrained build operations Thread 21" [_thread_blocked, id=3732, stack(0x0000008b5cd00000,0x0000008b5ce00000)]
  0x0000021fcc51a000 JavaThread "Unconstrained build operations Thread 22" [_thread_blocked, id=1960, stack(0x0000008b5ce00000,0x0000008b5cf00000)]
  0x0000021fcc51c800 JavaThread "Unconstrained build operations Thread 23" [_thread_blocked, id=14436, stack(0x0000008b5cf00000,0x0000008b5d000000)]
  0x0000021fcc517000 JavaThread "Unconstrained build operations Thread 24" [_thread_blocked, id=6604, stack(0x0000008b5d000000,0x0000008b5d100000)]
  0x0000021fcc51c000 JavaThread "Unconstrained build operations Thread 25" [_thread_blocked, id=16696, stack(0x0000008b5d100000,0x0000008b5d200000)]
  0x0000021fcc51d800 JavaThread "Unconstrained build operations Thread 26" [_thread_blocked, id=10752, stack(0x0000008b5d200000,0x0000008b5d300000)]
  0x0000021fcc518800 JavaThread "Unconstrained build operations Thread 27" [_thread_blocked, id=16996, stack(0x0000008b5d300000,0x0000008b5d400000)]
  0x0000021fcc51b000 JavaThread "Unconstrained build operations Thread 28" [_thread_blocked, id=13152, stack(0x0000008b5d400000,0x0000008b5d500000)]
  0x0000021fcc517800 JavaThread "Unconstrained build operations Thread 29" [_thread_blocked, id=4712, stack(0x0000008b5d500000,0x0000008b5d600000)]
  0x0000021fcc520000 JavaThread "Unconstrained build operations Thread 30" [_thread_blocked, id=2720, stack(0x0000008b5d600000,0x0000008b5d700000)]
  0x0000021fcc521800 JavaThread "Unconstrained build operations Thread 31" [_thread_blocked, id=11172, stack(0x0000008b5d700000,0x0000008b5d800000)]
  0x0000021fcc51e000 JavaThread "Unconstrained build operations Thread 32" [_thread_blocked, id=14384, stack(0x0000008b5d800000,0x0000008b5d900000)]
  0x0000021fcc522800 JavaThread "Unconstrained build operations Thread 33" [_thread_blocked, id=7196, stack(0x0000008b5d900000,0x0000008b5da00000)]
  0x0000021fcc520800 JavaThread "Unconstrained build operations Thread 34" [_thread_blocked, id=14468, stack(0x0000008b5da00000,0x0000008b5db00000)]
  0x0000021fcc51f000 JavaThread "Unconstrained build operations Thread 35" [_thread_blocked, id=2872, stack(0x0000008b5db00000,0x0000008b5dc00000)]
  0x0000021fcb8a8000 JavaThread "Unconstrained build operations Thread 36" [_thread_blocked, id=16708, stack(0x0000008b5dc00000,0x0000008b5dd00000)]
  0x0000021fcb8a4800 JavaThread "Unconstrained build operations Thread 37" [_thread_blocked, id=4568, stack(0x0000008b5dd00000,0x0000008b5de00000)]
  0x0000021fcb8a9000 JavaThread "Unconstrained build operations Thread 38" [_thread_blocked, id=16016, stack(0x0000008b5de00000,0x0000008b5df00000)]
  0x0000021fcb8a3000 JavaThread "Unconstrained build operations Thread 39" [_thread_blocked, id=6788, stack(0x0000008b5df00000,0x0000008b5e000000)]
  0x0000021fcb8a6800 JavaThread "Unconstrained build operations Thread 40" [_thread_blocked, id=15528, stack(0x0000008b5e000000,0x0000008b5e100000)]
  0x0000021fcb8a9800 JavaThread "Unconstrained build operations Thread 41" [_thread_blocked, id=7880, stack(0x0000008b5e100000,0x0000008b5e200000)]
  0x0000021fcb8a4000 JavaThread "Unconstrained build operations Thread 42" [_thread_blocked, id=12128, stack(0x0000008b5e200000,0x0000008b5e300000)]
  0x0000021fcb8aa800 JavaThread "Unconstrained build operations Thread 43" [_thread_blocked, id=16976, stack(0x0000008b5e300000,0x0000008b5e400000)]
  0x0000021fcb8ab800 JavaThread "Unconstrained build operations Thread 44" [_thread_blocked, id=14064, stack(0x0000008b5e400000,0x0000008b5e500000)]
  0x0000021fcb8a5800 JavaThread "Unconstrained build operations Thread 45" [_thread_blocked, id=15064, stack(0x0000008b5e500000,0x0000008b5e600000)]
  0x0000021fcb8ac000 JavaThread "Unconstrained build operations Thread 46" [_thread_blocked, id=16340, stack(0x0000008b5e600000,0x0000008b5e700000)]
  0x0000021fcb8ad000 JavaThread "Unconstrained build operations Thread 47" [_thread_blocked, id=17300, stack(0x0000008b5e700000,0x0000008b5e800000)]
  0x0000021fcb8a7000 JavaThread "Unconstrained build operations Thread 48" [_thread_blocked, id=1284, stack(0x0000008b5e800000,0x0000008b5e900000)]
  0x0000021fcb8af800 JavaThread "Unconstrained build operations Thread 49" [_thread_blocked, id=6232, stack(0x0000008b5e900000,0x0000008b5ea00000)]
  0x0000021fcb8ad800 JavaThread "Unconstrained build operations Thread 50" [_thread_blocked, id=12396, stack(0x0000008b5ea00000,0x0000008b5eb00000)]
  0x0000021fcb8b1000 JavaThread "Unconstrained build operations Thread 51" [_thread_blocked, id=13792, stack(0x0000008b5eb00000,0x0000008b5ec00000)]
  0x0000021fcb8ae800 JavaThread "Unconstrained build operations Thread 52" [_thread_blocked, id=5868, stack(0x0000008b5ec00000,0x0000008b5ed00000)]
  0x0000021fcb8b2000 JavaThread "Unconstrained build operations Thread 53" [_thread_blocked, id=6432, stack(0x0000008b5ed00000,0x0000008b5ee00000)]
  0x0000021fcb8b0000 JavaThread "Unconstrained build operations Thread 54" [_thread_blocked, id=14592, stack(0x0000008b5ee00000,0x0000008b5ef00000)]
  0x0000021fcdcb8000 JavaThread "Unconstrained build operations Thread 55" [_thread_blocked, id=15036, stack(0x0000008b5ef00000,0x0000008b5f000000)]
  0x0000021fcdcbe800 JavaThread "Unconstrained build operations Thread 56" [_thread_blocked, id=4884, stack(0x0000008b5f000000,0x0000008b5f100000)]
  0x0000021fcdcbc800 JavaThread "Unconstrained build operations Thread 57" [_thread_blocked, id=17312, stack(0x0000008b5f100000,0x0000008b5f200000)]
  0x0000021fcdcbb000 JavaThread "Unconstrained build operations Thread 58" [_thread_blocked, id=15248, stack(0x0000008b5f200000,0x0000008b5f300000)]
  0x0000021fcdcbc000 JavaThread "Unconstrained build operations Thread 59" [_thread_blocked, id=2360, stack(0x0000008b5f300000,0x0000008b5f400000)]
  0x0000021fcdcb9800 JavaThread "Unconstrained build operations Thread 60" [_thread_blocked, id=15040, stack(0x0000008b5f400000,0x0000008b5f500000)]
  0x0000021fcdcba800 JavaThread "Unconstrained build operations Thread 61" [_thread_blocked, id=8176, stack(0x0000008b5f500000,0x0000008b5f600000)]
  0x0000021fcdcb8800 JavaThread "Unconstrained build operations Thread 62" [_thread_blocked, id=14124, stack(0x0000008b5f600000,0x0000008b5f700000)]
  0x0000021fcdcc1800 JavaThread "Unconstrained build operations Thread 63" [_thread_blocked, id=6000, stack(0x0000008b5f700000,0x0000008b5f800000)]
  0x0000021fcdcc0000 JavaThread "Unconstrained build operations Thread 64" [_thread_blocked, id=5384, stack(0x0000008b5f800000,0x0000008b5f900000)]
  0x0000021fcdcc1000 JavaThread "Unconstrained build operations Thread 65" [_thread_blocked, id=6968, stack(0x0000008b5f900000,0x0000008b5fa00000)]
  0x0000021fcdcc2800 JavaThread "Unconstrained build operations Thread 66" [_thread_blocked, id=9004, stack(0x0000008b5fa00000,0x0000008b5fb00000)]
  0x0000021fcdcc3800 JavaThread "Unconstrained build operations Thread 67" [_thread_blocked, id=9740, stack(0x0000008b5fb00000,0x0000008b5fc00000)]
  0x0000021fcdcbd800 JavaThread "Unconstrained build operations Thread 68" [_thread_blocked, id=16292, stack(0x0000008b5fc00000,0x0000008b5fd00000)]
  0x0000021fcdcc4000 JavaThread "Unconstrained build operations Thread 69" [_thread_blocked, id=5652, stack(0x0000008b5fd00000,0x0000008b5fe00000)]
  0x0000021fcdcc5000 JavaThread "Unconstrained build operations Thread 70" [_thread_blocked, id=16312, stack(0x0000008b5fe00000,0x0000008b5ff00000)]
  0x0000021fcdcbf000 JavaThread "Unconstrained build operations Thread 71" [_thread_blocked, id=16744, stack(0x0000008b5ff00000,0x0000008b60000000)]
  0x0000021fcdcc5800 JavaThread "Unconstrained build operations Thread 72" [_thread_blocked, id=11424, stack(0x0000008b60000000,0x0000008b60100000)]
  0x0000021fcdcc6800 JavaThread "Unconstrained build operations Thread 73" [_thread_blocked, id=13088, stack(0x0000008b60100000,0x0000008b60200000)]
  0x0000021fcdb29000 JavaThread "Unconstrained build operations Thread 74" [_thread_blocked, id=9120, stack(0x0000008b60200000,0x0000008b60300000)]
  0x0000021fcdb25000 JavaThread "Unconstrained build operations Thread 75" [_thread_blocked, id=13196, stack(0x0000008b60300000,0x0000008b60400000)]
  0x0000021fcdb26800 JavaThread "Unconstrained build operations Thread 76" [_thread_blocked, id=12140, stack(0x0000008b60400000,0x0000008b60500000)]
  0x0000021fcdb28000 JavaThread "Unconstrained build operations Thread 77" [_thread_blocked, id=3192, stack(0x0000008b60500000,0x0000008b60600000)]
  0x0000021fcdb27800 JavaThread "Unconstrained build operations Thread 78" [_thread_blocked, id=11136, stack(0x0000008b60600000,0x0000008b60700000)]
  0x0000021fcdb24000 JavaThread "Unconstrained build operations Thread 79" [_thread_blocked, id=2916, stack(0x0000008b60700000,0x0000008b60800000)]
  0x0000021fcdb2a000 JavaThread "Unconstrained build operations Thread 80" [_thread_blocked, id=4104, stack(0x0000008b60800000,0x0000008b60900000)]
  0x0000021fcdb2b800 JavaThread "Memory manager" [_thread_blocked, id=10676, stack(0x0000008b60900000,0x0000008b60a00000)]
  0x0000021fcdb26000 JavaThread "included builds" [_thread_blocked, id=4580, stack(0x0000008b60a00000,0x0000008b60b00000)]
  0x0000021fcdb31000 JavaThread "Execution worker" [_thread_blocked, id=16200, stack(0x0000008b60b00000,0x0000008b60c00000)]
  0x0000021fcdb30800 JavaThread "Execution worker Thread 2" [_thread_blocked, id=1240, stack(0x0000008b60c00000,0x0000008b60d00000)]
  0x0000021fcdb32000 JavaThread "Execution worker Thread 3" [_thread_blocked, id=14840, stack(0x0000008b60d00000,0x0000008b60e00000)]
  0x0000021fcdb2d000 JavaThread "Execution worker Thread 4" [_thread_blocked, id=724, stack(0x0000008b60e00000,0x0000008b60f00000)]
  0x0000021fcdb2f800 JavaThread "Execution worker Thread 5" [_thread_blocked, id=15332, stack(0x0000008b60f00000,0x0000008b61000000)]
  0x0000021fcdb2c800 JavaThread "Execution worker Thread 6" [_thread_blocked, id=13112, stack(0x0000008b61000000,0x0000008b61100000)]
  0x0000021fcdb2f000 JavaThread "Execution worker Thread 7" [_thread_blocked, id=12292, stack(0x0000008b61100000,0x0000008b61200000)]
  0x0000021fcdb33000 JavaThread "Cache worker for execution history cache (D:\lab\.gradle\7.5\executionHistory)" [_thread_blocked, id=11652, stack(0x0000008b61200000,0x0000008b61300000)]
  0x0000021fcdb2e000 JavaThread "idea-tooling-model-converter" [_thread_blocked, id=1428, stack(0x0000008b61300000,0x0000008b61400000)]

Other Threads:
=>0x0000021fc7b65800 VMThread "VM Thread" [stack: 0x0000008b58600000,0x0000008b58700000] [id=3896]
  0x0000021fc8660000 WatcherThread [stack: 0x0000008b59000000,0x0000008b59100000] [id=17360]
  0x0000021fab6fc800 GCTaskThread "GC Thread#0" [stack: 0x0000008b58100000,0x0000008b58200000] [id=5568]
  0x0000021fc92b9800 GCTaskThread "GC Thread#1" [stack: 0x0000008b59200000,0x0000008b59300000] [id=5888]
  0x0000021fca9c0800 GCTaskThread "GC Thread#2" [stack: 0x0000008b59400000,0x0000008b59500000] [id=576]
  0x0000021fca560800 GCTaskThread "GC Thread#3" [stack: 0x0000008b59500000,0x0000008b59600000] [id=16796]
  0x0000021fcae89000 GCTaskThread "GC Thread#4" [stack: 0x0000008b5a200000,0x0000008b5a300000] [id=16584]
  0x0000021fcb091000 GCTaskThread "GC Thread#5" [stack: 0x0000008b5a300000,0x0000008b5a400000] [id=14844]
  0x0000021fc972c000 GCTaskThread "GC Thread#6" [stack: 0x0000008b5a400000,0x0000008b5a500000] [id=5860]
  0x0000021fcaa1d000 GCTaskThread "GC Thread#7" [stack: 0x0000008b5a500000,0x0000008b5a600000] [id=6536]
  0x0000021fab72e000 ConcurrentGCThread "G1 Main Marker" [stack: 0x0000008b58200000,0x0000008b58300000] [id=15492]
  0x0000021fab730800 ConcurrentGCThread "G1 Conc#0" [stack: 0x0000008b58300000,0x0000008b58400000] [id=12756]
  0x0000021fcaaf2800 ConcurrentGCThread "G1 Conc#1" [stack: 0x0000008b5a600000,0x0000008b5a700000] [id=16648]
  0x0000021fc79b1800 ConcurrentGCThread "G1 Refine#0" [stack: 0x0000008b58400000,0x0000008b58500000] [id=16776]
  0x0000021fcaa36000 ConcurrentGCThread "G1 Refine#1" [stack: 0x0000008b59600000,0x0000008b59700000] [id=13380]
  0x0000021fc79b2800 ConcurrentGCThread "G1 Young RemSet Sampling" [stack: 0x0000008b58500000,0x0000008b58600000] [id=6224]

Threads with active compile tasks:
C2 CompilerThread0    21516 11262       4       java.util.LinkedHashMap::afterNodeAccess (116 bytes)

VM state:at safepoint (normal execution)

VM Mutex/Monitor currently owned by a thread:  ([mutex/lock_event])
[0x0000021fab6e12d0] Threads_lock - owner thread: 0x0000021fc7b65800
[0x0000021fab6e0670] Heap_lock - owner thread: 0x0000021fc9d90000

Heap address: 0x0000000080000000, size: 2048 MB, Compressed Oops mode: 32-bit
Narrow klass base: 0x0000000000000000, Narrow klass shift: 3
Compressed class space size: 1073741824 Address: 0x0000000100000000

Heap:
 garbage-first heap   total 319488K, used 181986K [0x0000000080000000, 0x0000000100000000)
  region size 1024K, 5 young (5120K), 5 survivors (5120K)
 Metaspace       used 100350K, capacity 103140K, committed 103216K, reserved 1138688K
  class space    used 12884K, capacity 13902K, committed 13952K, reserved 1048576K
Heap Regions: E=young(eden), S=young(survivor), O=old, HS=humongous(starts), HC=humongous(continues), CS=collection set, F=free, A=archive, TAMS=top-at-mark-start (previous, next)
|   0|0x0000000080000000, 0x0000000080100000, 0x0000000080100000|100%| O|  |TAMS 0x0000000080100000, 0x0000000080000000| Untracked 
|   1|0x0000000080100000, 0x0000000080200000, 0x0000000080200000|100%| O|  |TAMS 0x0000000080200000, 0x0000000080100000| Untracked 
|   2|0x0000000080200000, 0x0000000080300000, 0x0000000080300000|100%| O|  |TAMS 0x0000000080300000, 0x0000000080200000| Untracked 
|   3|0x0000000080300000, 0x0000000080400000, 0x0000000080400000|100%|HS|  |TAMS 0x0000000080400000, 0x0000000080300000| Complete 
|   4|0x0000000080400000, 0x0000000080500000, 0x0000000080500000|100%|HC|  |TAMS 0x0000000080500000, 0x0000000080400000| Complete 
|   5|0x0000000080500000, 0x0000000080600000, 0x0000000080600000|100%|HC|  |TAMS 0x0000000080600000, 0x0000000080500000| Complete 
|   6|0x0000000080600000, 0x0000000080700000, 0x0000000080700000|100%| O|  |TAMS 0x0000000080700000, 0x0000000080600000| Untracked 
|   7|0x0000000080700000, 0x0000000080800000, 0x0000000080800000|100%| O|  |TAMS 0x0000000080800000, 0x0000000080700000| Untracked 
|   8|0x0000000080800000, 0x0000000080900000, 0x0000000080900000|100%| O|  |TAMS 0x0000000080900000, 0x0000000080800000| Untracked 
|   9|0x0000000080900000, 0x0000000080a00000, 0x0000000080a00000|100%| O|  |TAMS 0x0000000080a00000, 0x0000000080900000| Untracked 
|  10|0x0000000080a00000, 0x0000000080b00000, 0x0000000080b00000|100%| O|  |TAMS 0x0000000080b00000, 0x0000000080a00000| Untracked 
|  11|0x0000000080b00000, 0x0000000080c00000, 0x0000000080c00000|100%| O|  |TAMS 0x0000000080c00000, 0x0000000080b00000| Untracked 
|  12|0x0000000080c00000, 0x0000000080d00000, 0x0000000080d00000|100%| O|  |TAMS 0x0000000080d00000, 0x0000000080c00000| Untracked 
|  13|0x0000000080d00000, 0x0000000080e00000, 0x0000000080e00000|100%| O|  |TAMS 0x0000000080e00000, 0x0000000080d00000| Untracked 
|  14|0x0000000080e00000, 0x0000000080f00000, 0x0000000080f00000|100%| O|  |TAMS 0x0000000080f00000, 0x0000000080e00000| Untracked 
|  15|0x0000000080f00000, 0x0000000081000000, 0x0000000081000000|100%|HS|  |TAMS 0x0000000081000000, 0x0000000080f00000| Complete 
|  16|0x0000000081000000, 0x0000000081100000, 0x0000000081100000|100%|HC|  |TAMS 0x0000000081100000, 0x0000000081000000| Complete 
|  17|0x0000000081100000, 0x0000000081200000, 0x0000000081200000|100%|HS|  |TAMS 0x0000000081200000, 0x0000000081100000| Complete 
|  18|0x0000000081200000, 0x0000000081300000, 0x0000000081300000|100%|HC|  |TAMS 0x0000000081300000, 0x0000000081200000| Complete 
|  19|0x0000000081300000, 0x0000000081400000, 0x0000000081400000|100%|HC|  |TAMS 0x0000000081400000, 0x0000000081300000| Complete 
|  20|0x0000000081400000, 0x0000000081500000, 0x0000000081500000|100%|HS|  |TAMS 0x0000000081500000, 0x0000000081400000| Complete 
|  21|0x0000000081500000, 0x0000000081600000, 0x0000000081600000|100%|HC|  |TAMS 0x0000000081600000, 0x0000000081500000| Complete 
|  22|0x0000000081600000, 0x0000000081700000, 0x0000000081700000|100%|HC|  |TAMS 0x0000000081700000, 0x0000000081600000| Complete 
|  23|0x0000000081700000, 0x0000000081800000, 0x0000000081800000|100%|HS|  |TAMS 0x0000000081800000, 0x0000000081700000| Complete 
|  24|0x0000000081800000, 0x0000000081900000, 0x0000000081900000|100%|HC|  |TAMS 0x0000000081900000, 0x0000000081800000| Complete 
|  25|0x0000000081900000, 0x0000000081a00000, 0x0000000081a00000|100%|HS|  |TAMS 0x0000000081a00000, 0x0000000081900000| Complete 
|  26|0x0000000081a00000, 0x0000000081b00000, 0x0000000081b00000|100%|HC|  |TAMS 0x0000000081b00000, 0x0000000081a00000| Complete 
|  27|0x0000000081b00000, 0x0000000081c00000, 0x0000000081c00000|100%|HC|  |TAMS 0x0000000081c00000, 0x0000000081b00000| Complete 
|  28|0x0000000081c00000, 0x0000000081d00000, 0x0000000081d00000|100%|HC|  |TAMS 0x0000000081d00000, 0x0000000081c00000| Complete 
|  29|0x0000000081d00000, 0x0000000081e00000, 0x0000000081e00000|100%|HC|  |TAMS 0x0000000081e00000, 0x0000000081d00000| Complete 
|  30|0x0000000081e00000, 0x0000000081f00000, 0x0000000081f00000|100%|HC|  |TAMS 0x0000000081f00000, 0x0000000081e00000| Complete 
|  31|0x0000000081f00000, 0x0000000082000000, 0x0000000082000000|100%|HC|  |TAMS 0x0000000082000000, 0x0000000081f00000| Complete 
|  32|0x0000000082000000, 0x0000000082100000, 0x0000000082100000|100%|HC|  |TAMS 0x0000000082100000, 0x0000000082000000| Complete 
|  33|0x0000000082100000, 0x0000000082200000, 0x0000000082200000|100%|HC|  |TAMS 0x0000000082200000, 0x0000000082100000| Complete 
|  34|0x0000000082200000, 0x0000000082300000, 0x0000000082300000|100%|HC|  |TAMS 0x0000000082300000, 0x0000000082200000| Complete 
|  35|0x0000000082300000, 0x0000000082400000, 0x0000000082400000|100%|HS|  |TAMS 0x0000000082400000, 0x0000000082300000| Complete 
|  36|0x0000000082400000, 0x0000000082500000, 0x0000000082500000|100%|HC|  |TAMS 0x0000000082500000, 0x0000000082400000| Complete 
|  37|0x0000000082500000, 0x0000000082600000, 0x0000000082600000|100%|HS|  |TAMS 0x0000000082600000, 0x0000000082500000| Complete 
|  38|0x0000000082600000, 0x0000000082700000, 0x0000000082700000|100%|HC|  |TAMS 0x0000000082700000, 0x0000000082600000| Complete 
|  39|0x0000000082700000, 0x0000000082800000, 0x0000000082800000|100%|HC|  |TAMS 0x0000000082800000, 0x0000000082700000| Complete 
|  40|0x0000000082800000, 0x0000000082900000, 0x0000000082900000|100%|HC|  |TAMS 0x0000000082900000, 0x0000000082800000| Complete 
|  41|0x0000000082900000, 0x0000000082a00000, 0x0000000082a00000|100%|HC|  |TAMS 0x0000000082a00000, 0x0000000082900000| Complete 
|  42|0x0000000082a00000, 0x0000000082b00000, 0x0000000082b00000|100%| O|  |TAMS 0x0000000082b00000, 0x0000000082a00000| Untracked 
|  43|0x0000000082b00000, 0x0000000082c00000, 0x0000000082c00000|100%| O|  |TAMS 0x0000000082c00000, 0x0000000082b00000| Untracked 
|  44|0x0000000082c00000, 0x0000000082d00000, 0x0000000082d00000|100%| O|  |TAMS 0x0000000082d00000, 0x0000000082c00000| Untracked 
|  45|0x0000000082d00000, 0x0000000082e00000, 0x0000000082e00000|100%| O|  |TAMS 0x0000000082e00000, 0x0000000082d00000| Untracked 
|  46|0x0000000082e00000, 0x0000000082f00000, 0x0000000082f00000|100%| O|  |TAMS 0x0000000082f00000, 0x0000000082e00000| Untracked 
|  47|0x0000000082f00000, 0x0000000083000000, 0x0000000083000000|100%| O|  |TAMS 0x0000000083000000, 0x0000000082f00000| Untracked 
|  48|0x0000000083000000, 0x0000000083100000, 0x0000000083100000|100%| O|  |TAMS 0x0000000083100000, 0x0000000083000000| Untracked 
|  49|0x0000000083100000, 0x0000000083200000, 0x0000000083200000|100%| O|  |TAMS 0x0000000083200000, 0x0000000083100000| Untracked 
|  50|0x0000000083200000, 0x0000000083300000, 0x0000000083300000|100%| O|  |TAMS 0x0000000083300000, 0x0000000083200000| Untracked 
|  51|0x0000000083300000, 0x0000000083400000, 0x0000000083400000|100%| O|  |TAMS 0x0000000083400000, 0x0000000083300000| Untracked 
|  52|0x0000000083400000, 0x0000000083500000, 0x0000000083500000|100%| O|  |TAMS 0x0000000083500000, 0x0000000083400000| Untracked 
|  53|0x0000000083500000, 0x0000000083600000, 0x0000000083600000|100%| O|  |TAMS 0x0000000083600000, 0x0000000083500000| Untracked 
|  54|0x0000000083600000, 0x0000000083700000, 0x0000000083700000|100%| O|  |TAMS 0x0000000083700000, 0x0000000083600000| Untracked 
|  55|0x0000000083700000, 0x0000000083800000, 0x0000000083800000|100%| O|  |TAMS 0x0000000083800000, 0x0000000083700000| Untracked 
|  56|0x0000000083800000, 0x0000000083900000, 0x0000000083900000|100%| O|  |TAMS 0x0000000083900000, 0x0000000083800000| Untracked 
|  57|0x0000000083900000, 0x0000000083a00000, 0x0000000083a00000|100%|HS|  |TAMS 0x0000000083a00000, 0x0000000083900000| Complete 
|  58|0x0000000083a00000, 0x0000000083b00000, 0x0000000083b00000|100%|HC|  |TAMS 0x0000000083b00000, 0x0000000083a00000| Complete 
|  59|0x0000000083b00000, 0x0000000083c00000, 0x0000000083c00000|100%|HC|  |TAMS 0x0000000083c00000, 0x0000000083b00000| Complete 
|  60|0x0000000083c00000, 0x0000000083d00000, 0x0000000083d00000|100%|HS|  |TAMS 0x0000000083d00000, 0x0000000083c00000| Complete 
|  61|0x0000000083d00000, 0x0000000083e00000, 0x0000000083e00000|100%|HC|  |TAMS 0x0000000083e00000, 0x0000000083d00000| Complete 
|  62|0x0000000083e00000, 0x0000000083f00000, 0x0000000083f00000|100%|HC|  |TAMS 0x0000000083f00000, 0x0000000083e00000| Complete 
|  63|0x0000000083f00000, 0x0000000084000000, 0x0000000084000000|100%|HC|  |TAMS 0x0000000084000000, 0x0000000083f00000| Complete 
|  64|0x0000000084000000, 0x0000000084100000, 0x0000000084100000|100%|HC|  |TAMS 0x0000000084100000, 0x0000000084000000| Complete 
|  65|0x0000000084100000, 0x0000000084200000, 0x0000000084200000|100%|HC|  |TAMS 0x0000000084200000, 0x0000000084100000| Complete 
|  66|0x0000000084200000, 0x0000000084300000, 0x0000000084300000|100%|HC|  |TAMS 0x0000000084300000, 0x0000000084200000| Complete 
|  67|0x0000000084300000, 0x0000000084400000, 0x0000000084400000|100%|HC|  |TAMS 0x0000000084400000, 0x0000000084300000| Complete 
|  68|0x0000000084400000, 0x0000000084500000, 0x0000000084500000|100%|HC|  |TAMS 0x0000000084500000, 0x0000000084400000| Complete 
|  69|0x0000000084500000, 0x0000000084600000, 0x0000000084600000|100%|HC|  |TAMS 0x0000000084600000, 0x0000000084500000| Complete 
|  70|0x0000000084600000, 0x0000000084700000, 0x0000000084700000|100%|HS|  |TAMS 0x0000000084700000, 0x0000000084600000| Complete 
|  71|0x0000000084700000, 0x0000000084800000, 0x0000000084800000|100%|HC|  |TAMS 0x0000000084800000, 0x0000000084700000| Complete 
|  72|0x0000000084800000, 0x0000000084900000, 0x0000000084900000|100%| O|  |TAMS 0x0000000084900000, 0x0000000084800000| Untracked 
|  73|0x0000000084900000, 0x0000000084a00000, 0x0000000084a00000|100%|HS|  |TAMS 0x0000000084a00000, 0x0000000084900000| Complete 
|  74|0x0000000084a00000, 0x0000000084b00000, 0x0000000084b00000|100%|HC|  |TAMS 0x0000000084b00000, 0x0000000084a00000| Complete 
|  75|0x0000000084b00000, 0x0000000084c00000, 0x0000000084c00000|100%|HS|  |TAMS 0x0000000084c00000, 0x0000000084b00000| Complete 
|  76|0x0000000084c00000, 0x0000000084d00000, 0x0000000084d00000|100%|HC|  |TAMS 0x0000000084d00000, 0x0000000084c00000| Complete 
|  77|0x0000000084d00000, 0x0000000084e00000, 0x0000000084e00000|100%|HC|  |TAMS 0x0000000084e00000, 0x0000000084d00000| Complete 
|  78|0x0000000084e00000, 0x0000000084f00000, 0x0000000084f00000|100%| O|  |TAMS 0x0000000084f00000, 0x0000000084e00000| Untracked 
|  79|0x0000000084f00000, 0x0000000085000000, 0x0000000085000000|100%| O|  |TAMS 0x0000000085000000, 0x0000000084f00000| Untracked 
|  80|0x0000000085000000, 0x0000000085100000, 0x0000000085100000|100%| O|  |TAMS 0x0000000085100000, 0x0000000085000000| Untracked 
|  81|0x0000000085100000, 0x0000000085200000, 0x0000000085200000|100%| O|  |TAMS 0x0000000085200000, 0x0000000085100000| Untracked 
|  82|0x0000000085200000, 0x0000000085300000, 0x0000000085300000|100%| O|  |TAMS 0x0000000085300000, 0x0000000085200000| Untracked 
|  83|0x0000000085300000, 0x0000000085400000, 0x0000000085400000|100%| O|  |TAMS 0x0000000085400000, 0x0000000085300000| Untracked 
|  84|0x0000000085400000, 0x0000000085500000, 0x0000000085500000|100%|HS|  |TAMS 0x0000000085500000, 0x0000000085400000| Complete 
|  85|0x0000000085500000, 0x0000000085600000, 0x0000000085600000|100%|HC|  |TAMS 0x0000000085600000, 0x0000000085500000| Complete 
|  86|0x0000000085600000, 0x0000000085700000, 0x0000000085700000|100%|HC|  |TAMS 0x0000000085700000, 0x0000000085600000| Complete 
|  87|0x0000000085700000, 0x0000000085800000, 0x0000000085800000|100%|HC|  |TAMS 0x0000000085800000, 0x0000000085700000| Complete 
|  88|0x0000000085800000, 0x0000000085900000, 0x0000000085900000|100%|HC|  |TAMS 0x0000000085900000, 0x0000000085800000| Complete 
|  89|0x0000000085900000, 0x0000000085a00000, 0x0000000085a00000|100%| O|  |TAMS 0x0000000085a00000, 0x0000000085900000| Untracked 
|  90|0x0000000085a00000, 0x0000000085b00000, 0x0000000085b00000|100%| O|  |TAMS 0x0000000085b00000, 0x0000000085a00000| Untracked 
|  91|0x0000000085b00000, 0x0000000085c00000, 0x0000000085c00000|100%| O|  |TAMS 0x0000000085c00000, 0x0000000085b00000| Untracked 
|  92|0x0000000085c00000, 0x0000000085d00000, 0x0000000085d00000|100%|HS|  |TAMS 0x0000000085d00000, 0x0000000085c00000| Complete 
|  93|0x0000000085d00000, 0x0000000085e00000, 0x0000000085e00000|100%|HS|  |TAMS 0x0000000085e00000, 0x0000000085d00000| Complete 
|  94|0x0000000085e00000, 0x0000000085f00000, 0x0000000085f00000|100%|HC|  |TAMS 0x0000000085f00000, 0x0000000085e00000| Complete 
|  95|0x0000000085f00000, 0x0000000086000000, 0x0000000086000000|100%|HS|  |TAMS 0x0000000086000000, 0x0000000085f00000| Complete 
|  96|0x0000000086000000, 0x0000000086100000, 0x0000000086100000|100%| O|  |TAMS 0x0000000086100000, 0x0000000086000000| Untracked 
|  97|0x0000000086100000, 0x0000000086200000, 0x0000000086200000|100%| O|  |TAMS 0x0000000086200000, 0x0000000086100000| Untracked 
|  98|0x0000000086200000, 0x0000000086300000, 0x0000000086300000|100%| O|  |TAMS 0x0000000086300000, 0x0000000086200000| Untracked 
|  99|0x0000000086300000, 0x0000000086400000, 0x0000000086400000|100%| O|  |TAMS 0x0000000086400000, 0x0000000086300000| Untracked 
| 100|0x0000000086400000, 0x0000000086500000, 0x0000000086500000|100%|HS|  |TAMS 0x0000000086500000, 0x0000000086400000| Complete 
| 101|0x0000000086500000, 0x0000000086600000, 0x0000000086600000|100%|HC|  |TAMS 0x0000000086600000, 0x0000000086500000| Complete 
| 102|0x0000000086600000, 0x0000000086700000, 0x0000000086700000|100%|HC|  |TAMS 0x0000000086700000, 0x0000000086600000| Complete 
| 103|0x0000000086700000, 0x0000000086800000, 0x0000000086800000|100%|HC|  |TAMS 0x0000000086800000, 0x0000000086700000| Complete 
| 104|0x0000000086800000, 0x0000000086900000, 0x0000000086900000|100%| O|  |TAMS 0x0000000086900000, 0x0000000086800000| Untracked 
| 105|0x0000000086900000, 0x0000000086a00000, 0x0000000086a00000|100%| O|  |TAMS 0x0000000086a00000, 0x0000000086900000| Untracked 
| 106|0x0000000086a00000, 0x0000000086b00000, 0x0000000086b00000|100%| O|  |TAMS 0x0000000086b00000, 0x0000000086a00000| Untracked 
| 107|0x0000000086b00000, 0x0000000086c00000, 0x0000000086c00000|100%| O|  |TAMS 0x0000000086c00000, 0x0000000086b00000| Untracked 
| 108|0x0000000086c00000, 0x0000000086d00000, 0x0000000086d00000|100%| O|  |TAMS 0x0000000086d00000, 0x0000000086c00000| Untracked 
| 109|0x0000000086d00000, 0x0000000086e00000, 0x0000000086e00000|100%| O|  |TAMS 0x0000000086e00000, 0x0000000086d00000| Untracked 
| 110|0x0000000086e00000, 0x0000000086f00000, 0x0000000086f00000|100%| O|  |TAMS 0x0000000086f00000, 0x0000000086e00000| Untracked 
| 111|0x0000000086f00000, 0x0000000087000000, 0x0000000087000000|100%| O|  |TAMS 0x0000000087000000, 0x0000000086f00000| Untracked 
| 112|0x0000000087000000, 0x0000000087100000, 0x0000000087100000|100%| O|  |TAMS 0x0000000087100000, 0x0000000087000000| Untracked 
| 113|0x0000000087100000, 0x0000000087200000, 0x0000000087200000|100%| O|  |TAMS 0x0000000087200000, 0x0000000087100000| Untracked 
| 114|0x0000000087200000, 0x0000000087300000, 0x0000000087300000|100%| O|  |TAMS 0x0000000087300000, 0x0000000087200000| Untracked 
| 115|0x0000000087300000, 0x0000000087400000, 0x0000000087400000|100%| O|  |TAMS 0x0000000087400000, 0x0000000087300000| Untracked 
| 116|0x0000000087400000, 0x0000000087500000, 0x0000000087500000|100%| O|  |TAMS 0x0000000087500000, 0x0000000087400000| Untracked 
| 117|0x0000000087500000, 0x0000000087600000, 0x0000000087600000|100%| O|  |TAMS 0x0000000087600000, 0x0000000087500000| Untracked 
| 118|0x0000000087600000, 0x0000000087700000, 0x0000000087700000|100%| O|  |TAMS 0x0000000087700000, 0x0000000087600000| Untracked 
| 119|0x0000000087700000, 0x0000000087800000, 0x0000000087800000|100%| O|  |TAMS 0x0000000087800000, 0x0000000087700000| Untracked 
| 120|0x0000000087800000, 0x0000000087900000, 0x0000000087900000|100%| O|  |TAMS 0x0000000087900000, 0x0000000087800000| Untracked 
| 121|0x0000000087900000, 0x0000000087a00000, 0x0000000087a00000|100%| O|  |TAMS 0x0000000087a00000, 0x0000000087900000| Untracked 
| 122|0x0000000087a00000, 0x0000000087b00000, 0x0000000087b00000|100%| O|  |TAMS 0x0000000087b00000, 0x0000000087a00000| Untracked 
| 123|0x0000000087b00000, 0x0000000087c00000, 0x0000000087c00000|100%|HS|  |TAMS 0x0000000087c00000, 0x0000000087b00000| Complete 
| 124|0x0000000087c00000, 0x0000000087d00000, 0x0000000087d00000|100%|HC|  |TAMS 0x0000000087d00000, 0x0000000087c00000| Complete 
| 125|0x0000000087d00000, 0x0000000087e00000, 0x0000000087e00000|100%|HS|  |TAMS 0x0000000087e00000, 0x0000000087d00000| Complete 
| 126|0x0000000087e00000, 0x0000000087f00000, 0x0000000087f00000|100%|HC|  |TAMS 0x0000000087f00000, 0x0000000087e00000| Complete 
| 127|0x0000000087f00000, 0x0000000088000000, 0x0000000088000000|100%|HC|  |TAMS 0x0000000088000000, 0x0000000087f00000| Complete 
| 128|0x0000000088000000, 0x0000000088100000, 0x0000000088100000|100%|HS|  |TAMS 0x0000000088100000, 0x0000000088000000| Complete 
| 129|0x0000000088100000, 0x0000000088200000, 0x0000000088200000|100%|HC|  |TAMS 0x0000000088200000, 0x0000000088100000| Complete 
| 130|0x0000000088200000, 0x0000000088300000, 0x0000000088300000|100%|HC|  |TAMS 0x0000000088300000, 0x0000000088200000| Complete 
| 131|0x0000000088300000, 0x0000000088400000, 0x0000000088400000|100%|HS|  |TAMS 0x0000000088400000, 0x0000000088300000| Complete 
| 132|0x0000000088400000, 0x0000000088500000, 0x0000000088500000|100%|HC|  |TAMS 0x0000000088500000, 0x0000000088400000| Complete 
| 133|0x0000000088500000, 0x0000000088600000, 0x0000000088600000|100%|HS|  |TAMS 0x0000000088600000, 0x0000000088500000| Complete 
| 134|0x0000000088600000, 0x0000000088700000, 0x0000000088700000|100%|HC|  |TAMS 0x0000000088700000, 0x0000000088600000| Complete 
| 135|0x0000000088700000, 0x0000000088800000, 0x0000000088800000|100%|HC|  |TAMS 0x0000000088800000, 0x0000000088700000| Complete 
| 136|0x0000000088800000, 0x0000000088900000, 0x0000000088900000|100%|HC|  |TAMS 0x0000000088900000, 0x0000000088800000| Complete 
| 137|0x0000000088900000, 0x0000000088a00000, 0x0000000088a00000|100%|HC|  |TAMS 0x0000000088a00000, 0x0000000088900000| Complete 
| 138|0x0000000088a00000, 0x0000000088b00000, 0x0000000088b00000|100%|HC|  |TAMS 0x0000000088b00000, 0x0000000088a00000| Complete 
| 139|0x0000000088b00000, 0x0000000088c00000, 0x0000000088c00000|100%|HC|  |TAMS 0x0000000088c00000, 0x0000000088b00000| Complete 
| 140|0x0000000088c00000, 0x0000000088d00000, 0x0000000088d00000|100%|HC|  |TAMS 0x0000000088d00000, 0x0000000088c00000| Complete 
| 141|0x0000000088d00000, 0x0000000088e00000, 0x0000000088e00000|100%|HC|  |TAMS 0x0000000088e00000, 0x0000000088d00000| Complete 
| 142|0x0000000088e00000, 0x0000000088f00000, 0x0000000088f00000|100%|HC|  |TAMS 0x0000000088f00000, 0x0000000088e00000| Complete 
| 143|0x0000000088f00000, 0x0000000089000000, 0x0000000089000000|100%|HS|  |TAMS 0x0000000089000000, 0x0000000088f00000| Complete 
| 144|0x0000000089000000, 0x0000000089100000, 0x0000000089100000|100%|HC|  |TAMS 0x0000000089100000, 0x0000000089000000| Complete 
| 145|0x0000000089100000, 0x0000000089200000, 0x0000000089200000|100%| O|  |TAMS 0x0000000089200000, 0x0000000089100000| Untracked 
| 146|0x0000000089200000, 0x0000000089300000, 0x0000000089300000|100%| O|  |TAMS 0x0000000089300000, 0x0000000089200000| Untracked 
| 147|0x0000000089300000, 0x0000000089400000, 0x0000000089400000|100%| O|  |TAMS 0x0000000089400000, 0x0000000089300000| Untracked 
| 148|0x0000000089400000, 0x0000000089500000, 0x0000000089500000|100%|HS|  |TAMS 0x0000000089500000, 0x0000000089400000| Complete 
| 149|0x0000000089500000, 0x0000000089600000, 0x0000000089600000|100%|HC|  |TAMS 0x0000000089600000, 0x0000000089500000| Complete 
| 150|0x0000000089600000, 0x0000000089700000, 0x0000000089700000|100%|HC|  |TAMS 0x0000000089700000, 0x0000000089600000| Complete 
| 151|0x0000000089700000, 0x0000000089800000, 0x0000000089800000|100%|HC|  |TAMS 0x0000000089800000, 0x0000000089700000| Complete 
| 152|0x0000000089800000, 0x0000000089900000, 0x0000000089900000|100%|HC|  |TAMS 0x0000000089900000, 0x0000000089800000| Complete 
| 153|0x0000000089900000, 0x0000000089a00000, 0x0000000089a00000|100%| O|  |TAMS 0x0000000089a00000, 0x0000000089900000| Untracked 
| 154|0x0000000089a00000, 0x0000000089b00000, 0x0000000089b00000|100%| O|  |TAMS 0x0000000089b00000, 0x0000000089a00000| Untracked 
| 155|0x0000000089b00000, 0x0000000089c00000, 0x0000000089c00000|100%| O|  |TAMS 0x0000000089c00000, 0x0000000089b00000| Untracked 
| 156|0x0000000089c00000, 0x0000000089d00000, 0x0000000089d00000|100%| O|  |TAMS 0x0000000089d00000, 0x0000000089c00000| Untracked 
| 157|0x0000000089d00000, 0x0000000089e00000, 0x0000000089e00000|100%| O|  |TAMS 0x0000000089e00000, 0x0000000089d00000| Untracked 
| 158|0x0000000089e00000, 0x0000000089f00000, 0x0000000089f00000|100%| O|  |TAMS 0x0000000089f00000, 0x0000000089e00000| Untracked 
| 159|0x0000000089f00000, 0x000000008a000000, 0x000000008a000000|100%| O|  |TAMS 0x000000008a000000, 0x0000000089f00000| Untracked 
| 160|0x000000008a000000, 0x000000008a100000, 0x000000008a100000|100%| O|  |TAMS 0x000000008a100000, 0x000000008a000000| Untracked 
| 161|0x000000008a100000, 0x000000008a200000, 0x000000008a200000|100%| O|  |TAMS 0x000000008a200000, 0x000000008a100000| Untracked 
| 162|0x000000008a200000, 0x000000008a300000, 0x000000008a300000|100%| O|  |TAMS 0x000000008a300000, 0x000000008a200000| Untracked 
| 163|0x000000008a300000, 0x000000008a400000, 0x000000008a400000|100%| O|  |TAMS 0x000000008a400000, 0x000000008a300000| Untracked 
| 164|0x000000008a400000, 0x000000008a500000, 0x000000008a500000|100%| O|  |TAMS 0x000000008a500000, 0x000000008a400000| Untracked 
| 165|0x000000008a500000, 0x000000008a600000, 0x000000008a600000|100%| O|  |TAMS 0x000000008a600000, 0x000000008a500000| Untracked 
| 166|0x000000008a600000, 0x000000008a700000, 0x000000008a700000|100%| O|  |TAMS 0x000000008a700000, 0x000000008a600000| Untracked 
| 167|0x000000008a700000, 0x000000008a800000, 0x000000008a800000|100%| O|  |TAMS 0x000000008a800000, 0x000000008a700000| Untracked 
| 168|0x000000008a800000, 0x000000008a900000, 0x000000008a900000|100%| O|  |TAMS 0x000000008a900000, 0x000000008a800000| Untracked 
| 169|0x000000008a900000, 0x000000008aa00000, 0x000000008aa00000|100%| O|  |TAMS 0x000000008aa00000, 0x000000008a900000| Untracked 
| 170|0x000000008aa00000, 0x000000008ab00000, 0x000000008ab00000|100%| O|  |TAMS 0x000000008ab00000, 0x000000008aa00000| Untracked 
| 171|0x000000008ab00000, 0x000000008ac00000, 0x000000008ac00000|100%| O|  |TAMS 0x000000008ac00000, 0x000000008ab00000| Untracked 
| 172|0x000000008ac00000, 0x000000008acb8800, 0x000000008ad00000| 72%| O|  |TAMS 0x000000008acb8800, 0x000000008ac00000| Untracked 
| 173|0x000000008ad00000, 0x000000008ad00000, 0x000000008ae00000|  0%| F|  |TAMS 0x000000008ad00000, 0x000000008ad00000| Untracked 
| 174|0x000000008ae00000, 0x000000008ae00000, 0x000000008af00000|  0%| F|  |TAMS 0x000000008ae00000, 0x000000008ae00000| Untracked 
| 175|0x000000008af00000, 0x000000008af00000, 0x000000008b000000|  0%| F|  |TAMS 0x000000008af00000, 0x000000008af00000| Untracked 
| 176|0x000000008b000000, 0x000000008b000000, 0x000000008b100000|  0%| F|  |TAMS 0x000000008b000000, 0x000000008b000000| Untracked 
| 177|0x000000008b100000, 0x000000008b100000, 0x000000008b200000|  0%| F|  |TAMS 0x000000008b100000, 0x000000008b100000| Untracked 
| 178|0x000000008b200000, 0x000000008b200000, 0x000000008b300000|  0%| F|  |TAMS 0x000000008b200000, 0x000000008b200000| Untracked 
| 179|0x000000008b300000, 0x000000008b300000, 0x000000008b400000|  0%| F|  |TAMS 0x000000008b300000, 0x000000008b300000| Untracked 
| 180|0x000000008b400000, 0x000000008b400000, 0x000000008b500000|  0%| F|  |TAMS 0x000000008b400000, 0x000000008b400000| Untracked 
| 181|0x000000008b500000, 0x000000008b500000, 0x000000008b600000|  0%| F|  |TAMS 0x000000008b500000, 0x000000008b500000| Untracked 
| 182|0x000000008b600000, 0x000000008b600000, 0x000000008b700000|  0%| F|  |TAMS 0x000000008b600000, 0x000000008b600000| Untracked 
| 183|0x000000008b700000, 0x000000008b700000, 0x000000008b800000|  0%| F|  |TAMS 0x000000008b700000, 0x000000008b700000| Untracked 
| 184|0x000000008b800000, 0x000000008b800000, 0x000000008b900000|  0%| F|  |TAMS 0x000000008b800000, 0x000000008b800000| Untracked 
| 185|0x000000008b900000, 0x000000008b900000, 0x000000008ba00000|  0%| F|  |TAMS 0x000000008b900000, 0x000000008b900000| Untracked 
| 186|0x000000008ba00000, 0x000000008ba00000, 0x000000008bb00000|  0%| F|  |TAMS 0x000000008ba00000, 0x000000008ba00000| Untracked 
| 187|0x000000008bb00000, 0x000000008bb00000, 0x000000008bc00000|  0%| F|  |TAMS 0x000000008bb00000, 0x000000008bb00000| Untracked 
| 188|0x000000008bc00000, 0x000000008bc00000, 0x000000008bd00000|  0%| F|  |TAMS 0x000000008bc00000, 0x000000008bc00000| Untracked 
| 189|0x000000008bd00000, 0x000000008bd00000, 0x000000008be00000|  0%| F|  |TAMS 0x000000008bd00000, 0x000000008bd00000| Untracked 
| 190|0x000000008be00000, 0x000000008be00000, 0x000000008bf00000|  0%| F|  |TAMS 0x000000008be00000, 0x000000008be00000| Untracked 
| 191|0x000000008bf00000, 0x000000008bf00000, 0x000000008c000000|  0%| F|  |TAMS 0x000000008bf00000, 0x000000008bf00000| Untracked 
| 192|0x000000008c000000, 0x000000008c000000, 0x000000008c100000|  0%| F|  |TAMS 0x000000008c000000, 0x000000008c000000| Untracked 
| 193|0x000000008c100000, 0x000000008c100000, 0x000000008c200000|  0%| F|  |TAMS 0x000000008c100000, 0x000000008c100000| Untracked 
| 194|0x000000008c200000, 0x000000008c200000, 0x000000008c300000|  0%| F|  |TAMS 0x000000008c200000, 0x000000008c200000| Untracked 
| 195|0x000000008c300000, 0x000000008c300000, 0x000000008c400000|  0%| F|  |TAMS 0x000000008c300000, 0x000000008c300000| Untracked 
| 196|0x000000008c400000, 0x000000008c400000, 0x000000008c500000|  0%| F|  |TAMS 0x000000008c400000, 0x000000008c400000| Untracked 
| 197|0x000000008c500000, 0x000000008c500000, 0x000000008c600000|  0%| F|  |TAMS 0x000000008c500000, 0x000000008c500000| Untracked 
| 198|0x000000008c600000, 0x000000008c600000, 0x000000008c700000|  0%| F|  |TAMS 0x000000008c600000, 0x000000008c600000| Untracked 
| 199|0x000000008c700000, 0x000000008c700000, 0x000000008c800000|  0%| F|  |TAMS 0x000000008c700000, 0x000000008c700000| Untracked 
| 200|0x000000008c800000, 0x000000008c800000, 0x000000008c900000|  0%| F|  |TAMS 0x000000008c800000, 0x000000008c800000| Untracked 
| 201|0x000000008c900000, 0x000000008c900000, 0x000000008ca00000|  0%| F|  |TAMS 0x000000008c900000, 0x000000008c900000| Untracked 
| 202|0x000000008ca00000, 0x000000008ca00000, 0x000000008cb00000|  0%| F|  |TAMS 0x000000008ca00000, 0x000000008ca00000| Untracked 
| 203|0x000000008cb00000, 0x000000008cb00000, 0x000000008cc00000|  0%| F|  |TAMS 0x000000008cb00000, 0x000000008cb00000| Untracked 
| 204|0x000000008cc00000, 0x000000008cc00000, 0x000000008cd00000|  0%| F|  |TAMS 0x000000008cc00000, 0x000000008cc00000| Untracked 
| 205|0x000000008cd00000, 0x000000008cd00000, 0x000000008ce00000|  0%| F|  |TAMS 0x000000008cd00000, 0x000000008cd00000| Untracked 
| 206|0x000000008ce00000, 0x000000008ce00000, 0x000000008cf00000|  0%| F|  |TAMS 0x000000008ce00000, 0x000000008ce00000| Untracked 
| 207|0x000000008cf00000, 0x000000008cf00000, 0x000000008d000000|  0%| F|  |TAMS 0x000000008cf00000, 0x000000008cf00000| Untracked 
| 208|0x000000008d000000, 0x000000008d000000, 0x000000008d100000|  0%| F|  |TAMS 0x000000008d000000, 0x000000008d000000| Untracked 
| 209|0x000000008d100000, 0x000000008d100000, 0x000000008d200000|  0%| F|  |TAMS 0x000000008d100000, 0x000000008d100000| Untracked 
| 210|0x000000008d200000, 0x000000008d300000, 0x000000008d300000|100%| S|CS|TAMS 0x000000008d200000, 0x000000008d200000| Complete 
| 211|0x000000008d300000, 0x000000008d300000, 0x000000008d400000|  0%| F|  |TAMS 0x000000008d300000, 0x000000008d300000| Untracked 
| 212|0x000000008d400000, 0x000000008d400000, 0x000000008d500000|  0%| F|  |TAMS 0x000000008d400000, 0x000000008d400000| Untracked 
| 213|0x000000008d500000, 0x000000008d500000, 0x000000008d600000|  0%| F|  |TAMS 0x000000008d500000, 0x000000008d500000| Untracked 
| 214|0x000000008d600000, 0x000000008d600000, 0x000000008d700000|  0%| F|  |TAMS 0x000000008d600000, 0x000000008d600000| Untracked 
| 215|0x000000008d700000, 0x000000008d800000, 0x000000008d800000|100%| S|CS|TAMS 0x000000008d700000, 0x000000008d700000| Complete 
| 216|0x000000008d800000, 0x000000008d900000, 0x000000008d900000|100%| S|CS|TAMS 0x000000008d800000, 0x000000008d800000| Complete 
| 217|0x000000008d900000, 0x000000008da00000, 0x000000008da00000|100%| S|CS|TAMS 0x000000008d900000, 0x000000008d900000| Complete 
| 218|0x000000008da00000, 0x000000008db00000, 0x000000008db00000|100%| S|CS|TAMS 0x000000008da00000, 0x000000008da00000| Complete 
| 219|0x000000008db00000, 0x000000008db00000, 0x000000008dc00000|  0%| F|  |TAMS 0x000000008db00000, 0x000000008db00000| Untracked 
| 220|0x000000008dc00000, 0x000000008dc00000, 0x000000008dd00000|  0%| F|  |TAMS 0x000000008dc00000, 0x000000008dc00000| Untracked 
| 221|0x000000008dd00000, 0x000000008dd00000, 0x000000008de00000|  0%| F|  |TAMS 0x000000008dd00000, 0x000000008dd00000| Untracked 
| 222|0x000000008de00000, 0x000000008de00000, 0x000000008df00000|  0%| F|  |TAMS 0x000000008de00000, 0x000000008de00000| Untracked 
| 223|0x000000008df00000, 0x000000008df00000, 0x000000008e000000|  0%| F|  |TAMS 0x000000008df00000, 0x000000008df00000| Untracked 
| 224|0x000000008e000000, 0x000000008e000000, 0x000000008e100000|  0%| F|  |TAMS 0x000000008e000000, 0x000000008e000000| Untracked 
| 225|0x000000008e100000, 0x000000008e100000, 0x000000008e200000|  0%| F|  |TAMS 0x000000008e100000, 0x000000008e100000| Untracked 
| 226|0x000000008e200000, 0x000000008e200000, 0x000000008e300000|  0%| F|  |TAMS 0x000000008e200000, 0x000000008e200000| Untracked 
| 227|0x000000008e300000, 0x000000008e300000, 0x000000008e400000|  0%| F|  |TAMS 0x000000008e300000, 0x000000008e300000| Untracked 
| 228|0x000000008e400000, 0x000000008e400000, 0x000000008e500000|  0%| F|  |TAMS 0x000000008e400000, 0x000000008e400000| Untracked 
| 229|0x000000008e500000, 0x000000008e500000, 0x000000008e600000|  0%| F|  |TAMS 0x000000008e500000, 0x000000008e500000| Untracked 
| 230|0x000000008e600000, 0x000000008e600000, 0x000000008e700000|  0%| F|  |TAMS 0x000000008e600000, 0x000000008e600000| Untracked 
| 231|0x000000008e700000, 0x000000008e700000, 0x000000008e800000|  0%| F|  |TAMS 0x000000008e700000, 0x000000008e700000| Untracked 
| 232|0x000000008e800000, 0x000000008e800000, 0x000000008e900000|  0%| F|  |TAMS 0x000000008e800000, 0x000000008e800000| Untracked 
| 233|0x000000008e900000, 0x000000008e900000, 0x000000008ea00000|  0%| F|  |TAMS 0x000000008e900000, 0x000000008e900000| Untracked 
| 234|0x000000008ea00000, 0x000000008ea00000, 0x000000008eb00000|  0%| F|  |TAMS 0x000000008ea00000, 0x000000008ea00000| Untracked 
| 235|0x000000008eb00000, 0x000000008eb00000, 0x000000008ec00000|  0%| F|  |TAMS 0x000000008eb00000, 0x000000008eb00000| Untracked 
| 236|0x000000008ec00000, 0x000000008ec00000, 0x000000008ed00000|  0%| F|  |TAMS 0x000000008ec00000, 0x000000008ec00000| Untracked 
| 237|0x000000008ed00000, 0x000000008ed00000, 0x000000008ee00000|  0%| F|  |TAMS 0x000000008ed00000, 0x000000008ed00000| Untracked 
| 238|0x000000008ee00000, 0x000000008ee00000, 0x000000008ef00000|  0%| F|  |TAMS 0x000000008ee00000, 0x000000008ee00000| Untracked 
| 239|0x000000008ef00000, 0x000000008ef00000, 0x000000008f000000|  0%| F|  |TAMS 0x000000008ef00000, 0x000000008ef00000| Untracked 
| 240|0x000000008f000000, 0x000000008f000000, 0x000000008f100000|  0%| F|  |TAMS 0x000000008f000000, 0x000000008f000000| Untracked 
| 241|0x000000008f100000, 0x000000008f100000, 0x000000008f200000|  0%| F|  |TAMS 0x000000008f100000, 0x000000008f100000| Untracked 
| 242|0x000000008f200000, 0x000000008f200000, 0x000000008f300000|  0%| F|  |TAMS 0x000000008f200000, 0x000000008f200000| Untracked 
| 243|0x000000008f300000, 0x000000008f300000, 0x000000008f400000|  0%| F|  |TAMS 0x000000008f300000, 0x000000008f300000| Untracked 
| 244|0x000000008f400000, 0x000000008f400000, 0x000000008f500000|  0%| F|  |TAMS 0x000000008f400000, 0x000000008f400000| Untracked 
| 245|0x000000008f500000, 0x000000008f500000, 0x000000008f600000|  0%| F|  |TAMS 0x000000008f500000, 0x000000008f500000| Untracked 
| 246|0x000000008f600000, 0x000000008f600000, 0x000000008f700000|  0%| F|  |TAMS 0x000000008f600000, 0x000000008f600000| Untracked 
| 247|0x000000008f700000, 0x000000008f700000, 0x000000008f800000|  0%| F|  |TAMS 0x000000008f700000, 0x000000008f700000| Untracked 
| 248|0x000000008f800000, 0x000000008f800000, 0x000000008f900000|  0%| F|  |TAMS 0x000000008f800000, 0x000000008f800000| Untracked 
| 249|0x000000008f900000, 0x000000008f900000, 0x000000008fa00000|  0%| F|  |TAMS 0x000000008f900000, 0x000000008f900000| Untracked 
| 250|0x000000008fa00000, 0x000000008fa00000, 0x000000008fb00000|  0%| F|  |TAMS 0x000000008fa00000, 0x000000008fa00000| Untracked 
| 251|0x000000008fb00000, 0x000000008fb00000, 0x000000008fc00000|  0%| F|  |TAMS 0x000000008fb00000, 0x000000008fb00000| Untracked 
| 252|0x000000008fc00000, 0x000000008fc00000, 0x000000008fd00000|  0%| F|  |TAMS 0x000000008fc00000, 0x000000008fc00000| Untracked 
| 253|0x000000008fd00000, 0x000000008fd00000, 0x000000008fe00000|  0%| F|  |TAMS 0x000000008fd00000, 0x000000008fd00000| Untracked 
| 254|0x000000008fe00000, 0x000000008fe00000, 0x000000008ff00000|  0%| F|  |TAMS 0x000000008fe00000, 0x000000008fe00000| Untracked 
| 255|0x000000008ff00000, 0x000000008ff00000, 0x0000000090000000|  0%| F|  |TAMS 0x000000008ff00000, 0x000000008ff00000| Untracked 
| 256|0x0000000090000000, 0x0000000090000000, 0x0000000090100000|  0%| F|  |TAMS 0x0000000090000000, 0x0000000090000000| Untracked 
| 257|0x0000000090100000, 0x0000000090100000, 0x0000000090200000|  0%| F|  |TAMS 0x0000000090100000, 0x0000000090100000| Untracked 
| 258|0x0000000090200000, 0x0000000090200000, 0x0000000090300000|  0%| F|  |TAMS 0x0000000090200000, 0x0000000090200000| Untracked 
| 259|0x0000000090300000, 0x0000000090300000, 0x0000000090400000|  0%| F|  |TAMS 0x0000000090300000, 0x0000000090300000| Untracked 

Card table byte_map: [0x0000021fc0880000,0x0000021fc0c80000] _byte_map_base: 0x0000021fc0480000

Marking Bits (Prev, Next): (CMBitMap*) 0x0000021fab725350, (CMBitMap*) 0x0000021fab725318
 Prev Bits: [0x0000021fc3080000, 0x0000021fc5080000)
 Next Bits: [0x0000021fc1080000, 0x0000021fc3080000)

Polling page: 0x0000021fab7c0000

Metaspace:

Usage:
  Non-class:     87.15 MB capacity,    85.42 MB ( 98%) used,     1.43 MB (  2%) free+waste,   304.69 KB ( <1%) overhead. 
      Class:     13.58 MB capacity,    12.58 MB ( 93%) used,   878.20 KB (  6%) free+waste,   139.44 KB (  1%) overhead. 
       Both:    100.72 MB capacity,    98.00 MB ( 97%) used,     2.29 MB (  2%) free+waste,   444.12 KB ( <1%) overhead. 

Virtual space:
  Non-class space:       88.00 MB reserved,      87.17 MB (>99%) committed 
      Class space:        1.00 GB reserved,      13.62 MB (  1%) committed 
             Both:        1.09 GB reserved,     100.80 MB (  9%) committed 

Chunk freelists:
   Non-Class:  26.00 KB
       Class:  18.00 KB
        Both:  44.00 KB

MaxMetaspaceSize: 17179869184.00 GB
CompressedClassSpaceSize: 1.00 GB
Initial GC threshold: 20.80 MB
Current GC threshold: 166.12 MB
CDS: off

CodeHeap 'non-profiled nmethods': size=120000Kb used=5229Kb max_used=5229Kb free=114770Kb
 bounds [0x0000021fb84f0000, 0x0000021fb8a10000, 0x0000021fbfa20000]
CodeHeap 'profiled nmethods': size=120000Kb used=22864Kb max_used=22864Kb free=97135Kb
 bounds [0x0000021fb0fc0000, 0x0000021fb2620000, 0x0000021fb84f0000]
CodeHeap 'non-nmethods': size=5760Kb used=2415Kb max_used=2452Kb free=3344Kb
 bounds [0x0000021fb0a20000, 0x0000021fb0ca0000, 0x0000021fb0fc0000]
 total_blobs=12058 nmethods=11115 adapters=855
 compilation: enabled
              stopped_count=0, restarted_count=0
 full_count=0

Compilation events (20 events):
Event: 21.471 Thread 0x0000021fc7b89000 11257       3       java.util.HashSet::add (20 bytes)
Event: 21.471 Thread 0x0000021fc7b89000 nmethod 11257 0x0000021fb2611910 code [0x0000021fb2611ae0, 0x0000021fb2611d08]
Event: 21.472 Thread 0x0000021fc7b84800 nmethod 11168 0x0000021fb8a09090 code [0x0000021fb8a09260, 0x0000021fb8a09738]
Event: 21.472 Thread 0x0000021fc7b84800 11253       4       org.gradle.internal.resources.DefaultResourceLockCoordinationService::getCurrent (42 bytes)
Event: 21.474 Thread 0x0000021fc7b89000 11259       3       org.gradle.api.internal.artifacts.transform.TransformingAsyncArtifactListener$1::visitArtifact (47 bytes)
Event: 21.474 Thread 0x0000021fc7b89000 nmethod 11259 0x0000021fb2611e10 code [0x0000021fb2612020, 0x0000021fb2612748]
Event: 21.474 Thread 0x0000021fc7b89000 11261   !   3       com.google.common.collect.RegularImmutableSortedSet::indexOf (35 bytes)
Event: 21.474 Thread 0x0000021fc7b89000 nmethod 11261 0x0000021fb2612a10 code [0x0000021fb2612be0, 0x0000021fb2612e28]
Event: 21.474 Thread 0x0000021fc7b89000 11263       3       org.gradle.api.internal.artifacts.ivyservice.resolveengine.artifact.ParallelResolveArtifactSet$VisitingSet$StartVisitAction::visitResults (43 bytes)
Event: 21.475 Thread 0x0000021fc7b89000 nmethod 11263 0x0000021fb2612f10 code [0x0000021fb2613120, 0x0000021fb26136d8]
Event: 21.475 Thread 0x0000021fc7b89000 11260       3       org.gradle.api.internal.artifacts.transform.TransformingAsyncArtifactListener$TransformedArtifact::<init> (32 bytes)
Event: 21.475 Thread 0x0000021fc7b89000 nmethod 11260 0x0000021fb2613890 code [0x0000021fb2613a60, 0x0000021fb2613d98]
Event: 21.478 Thread 0x0000021fc7b84800 nmethod 11253 0x0000021fb8a09c10 code [0x0000021fb8a09e00, 0x0000021fb8a0a248]
Event: 21.478 Thread 0x0000021fc7b84800 11200       4       com.google.common.collect.ImmutableList$Builder::build (17 bytes)
Event: 21.481 Thread 0x0000021fc7b84800 nmethod 11200 0x0000021fb8a0a690 code [0x0000021fb8a0a840, 0x0000021fb8a0acb8]
Event: 21.481 Thread 0x0000021fc7b84800 11258       4       com.google.common.collect.ImmutableMap::keySet (23 bytes)
Event: 21.483 Thread 0x0000021fc7b89000 11264       3       org.jetbrains.kotlin.cli.common.arguments.Freezable$FreezableVar::<init> (15 bytes)
Event: 21.483 Thread 0x0000021fc7b89000 nmethod 11264 0x0000021fb2613e90 code [0x0000021fb2614040, 0x0000021fb2614258]
Event: 21.484 Thread 0x0000021fc7b84800 nmethod 11258 0x0000021fb8a0af10 code [0x0000021fb8a0b0c0, 0x0000021fb8a0b438]
Event: 21.484 Thread 0x0000021fc7b84800 11262       4       java.util.LinkedHashMap::afterNodeAccess (116 bytes)

GC Heap History (20 events):
Event: 16.862 GC heap after
{Heap after GC invocations=58 (full 0):
 garbage-first heap   total 221184K, used 166818K [0x0000000080000000, 0x0000000100000000)
  region size 1024K, 2 young (2048K), 2 survivors (2048K)
 Metaspace       used 81832K, capacity 84141K, committed 84272K, reserved 1122304K
  class space    used 10685K, capacity 11557K, committed 11648K, reserved 1048576K
}
Event: 16.941 GC heap before
{Heap before GC invocations=59 (full 0):
 garbage-first heap   total 221184K, used 190370K [0x0000000080000000, 0x0000000100000000)
  region size 1024K, 25 young (25600K), 2 survivors (2048K)
 Metaspace       used 82463K, capacity 84809K, committed 84912K, reserved 1122304K
  class space    used 10770K, capacity 11690K, committed 11776K, reserved 1048576K
}
Event: 16.943 GC heap after
{Heap after GC invocations=60 (full 0):
 garbage-first heap   total 221184K, used 167065K [0x0000000080000000, 0x0000000100000000)
  region size 1024K, 2 young (2048K), 2 survivors (2048K)
 Metaspace       used 82463K, capacity 84809K, committed 84912K, reserved 1122304K
  class space    used 10770K, capacity 11690K, committed 11776K, reserved 1048576K
}
Event: 17.112 GC heap before
{Heap before GC invocations=60 (full 0):
 garbage-first heap   total 221184K, used 191641K [0x0000000080000000, 0x0000000100000000)
  region size 1024K, 26 young (26624K), 2 survivors (2048K)
 Metaspace       used 83392K, capacity 85756K, committed 86064K, reserved 1124352K
  class space    used 10907K, capacity 11835K, committed 11904K, reserved 1048576K
}
Event: 17.116 GC heap after
{Heap after GC invocations=61 (full 0):
 garbage-first heap   total 221184K, used 168505K [0x0000000080000000, 0x0000000100000000)
  region size 1024K, 3 young (3072K), 3 survivors (3072K)
 Metaspace       used 83392K, capacity 85756K, committed 86064K, reserved 1124352K
  class space    used 10907K, capacity 11835K, committed 11904K, reserved 1048576K
}
Event: 17.232 GC heap before
{Heap before GC invocations=62 (full 0):
 garbage-first heap   total 221184K, used 192057K [0x0000000080000000, 0x0000000100000000)
  region size 1024K, 26 young (26624K), 3 survivors (3072K)
 Metaspace       used 84338K, capacity 86769K, committed 86832K, reserved 1124352K
  class space    used 11022K, capacity 11895K, committed 11904K, reserved 1048576K
}
Event: 17.236 GC heap after
{Heap after GC invocations=63 (full 0):
 garbage-first heap   total 221184K, used 169172K [0x0000000080000000, 0x0000000100000000)
  region size 1024K, 3 young (3072K), 3 survivors (3072K)
 Metaspace       used 84338K, capacity 86769K, committed 86832K, reserved 1124352K
  class space    used 11022K, capacity 11895K, committed 11904K, reserved 1048576K
}
Event: 17.248 GC heap before
{Heap before GC invocations=63 (full 0):
 garbage-first heap   total 221184K, used 173268K [0x0000000080000000, 0x0000000100000000)
  region size 1024K, 9 young (9216K), 3 survivors (3072K)
 Metaspace       used 84626K, capacity 87057K, committed 87216K, reserved 1124352K
  class space    used 11044K, capacity 11927K, committed 12032K, reserved 1048576K
}
Event: 17.251 GC heap after
{Heap after GC invocations=64 (full 0):
 garbage-first heap   total 221184K, used 169646K [0x0000000080000000, 0x0000000100000000)
  region size 1024K, 3 young (3072K), 3 survivors (3072K)
 Metaspace       used 84626K, capacity 87057K, committed 87216K, reserved 1124352K
  class space    used 11044K, capacity 11927K, committed 12032K, reserved 1048576K
}
Event: 17.319 GC heap before
{Heap before GC invocations=64 (full 0):
 garbage-first heap   total 221184K, used 192174K [0x0000000080000000, 0x0000000100000000)
  region size 1024K, 24 young (24576K), 3 survivors (3072K)
 Metaspace       used 86109K, capacity 88593K, committed 88880K, reserved 1126400K
  class space    used 11163K, capacity 12055K, committed 12160K, reserved 1048576K
}
Event: 17.322 GC heap after
{Heap after GC invocations=65 (full 0):
 garbage-first heap   total 266240K, used 169226K [0x0000000080000000, 0x0000000100000000)
  region size 1024K, 1 young (1024K), 1 survivors (1024K)
 Metaspace       used 86109K, capacity 88593K, committed 88880K, reserved 1126400K
  class space    used 11163K, capacity 12055K, committed 12160K, reserved 1048576K
}
Event: 18.367 GC heap before
{Heap before GC invocations=66 (full 0):
 garbage-first heap   total 266240K, used 210186K [0x0000000080000000, 0x0000000100000000)
  region size 1024K, 41 young (41984K), 1 survivors (1024K)
 Metaspace       used 91265K, capacity 93734K, committed 93872K, reserved 1130496K
  class space    used 11866K, capacity 12770K, committed 12800K, reserved 1048576K
}
Event: 18.372 GC heap after
{Heap after GC invocations=67 (full 0):
 garbage-first heap   total 266240K, used 170673K [0x0000000080000000, 0x0000000100000000)
  region size 1024K, 3 young (3072K), 3 survivors (3072K)
 Metaspace       used 91265K, capacity 93734K, committed 93872K, reserved 1130496K
  class space    used 11866K, capacity 12770K, committed 12800K, reserved 1048576K
}
Event: 19.094 GC heap before
{Heap before GC invocations=67 (full 0):
 garbage-first heap   total 266240K, used 212657K [0x0000000080000000, 0x0000000100000000)
  region size 1024K, 45 young (46080K), 3 survivors (3072K)
 Metaspace       used 94952K, capacity 97599K, committed 97840K, reserved 1134592K
  class space    used 12406K, capacity 13365K, committed 13440K, reserved 1048576K
}
Event: 19.102 GC heap after
{Heap after GC invocations=68 (full 0):
 garbage-first heap   total 266240K, used 173558K [0x0000000080000000, 0x0000000100000000)
  region size 1024K, 5 young (5120K), 5 survivors (5120K)
 Metaspace       used 94952K, capacity 97599K, committed 97840K, reserved 1134592K
  class space    used 12406K, capacity 13365K, committed 13440K, reserved 1048576K
}
Event: 20.344 GC heap before
{Heap before GC invocations=69 (full 0):
 garbage-first heap   total 266240K, used 215542K [0x0000000080000000, 0x0000000100000000)
  region size 1024K, 47 young (48128K), 5 survivors (5120K)
 Metaspace       used 98523K, capacity 101384K, committed 101552K, reserved 1136640K
  class space    used 12733K, capacity 13753K, committed 13824K, reserved 1048576K
}
Event: 20.353 GC heap after
{Heap after GC invocations=70 (full 0):
 garbage-first heap   total 266240K, used 177018K [0x0000000080000000, 0x0000000100000000)
  region size 1024K, 6 young (6144K), 6 survivors (6144K)
 Metaspace       used 98523K, capacity 101384K, committed 101552K, reserved 1136640K
  class space    used 12733K, capacity 13753K, committed 13824K, reserved 1048576K
}
Event: 20.941 GC heap before
{Heap before GC invocations=70 (full 0):
 garbage-first heap   total 266240K, used 219002K [0x0000000080000000, 0x0000000100000000)
  region size 1024K, 48 young (49152K), 6 survivors (6144K)
 Metaspace       used 99203K, capacity 101956K, committed 102064K, reserved 1138688K
  class space    used 12777K, capacity 13800K, committed 13824K, reserved 1048576K
}
Event: 20.955 GC heap after
{Heap after GC invocations=71 (full 0):
 garbage-first heap   total 266240K, used 180077K [0x0000000080000000, 0x0000000100000000)
  region size 1024K, 4 young (4096K), 4 survivors (4096K)
 Metaspace       used 99203K, capacity 101956K, committed 102064K, reserved 1138688K
  class space    used 12777K, capacity 13800K, committed 13824K, reserved 1048576K
}
Event: 21.485 GC heap before
{Heap before GC invocations=72 (full 0):
 garbage-first heap   total 266240K, used 221037K [0x0000000080000000, 0x0000000100000000)
  region size 1024K, 45 young (46080K), 4 survivors (4096K)
 Metaspace       used 100350K, capacity 103140K, committed 103216K, reserved 1138688K
  class space    used 12884K, capacity 13902K, committed 13952K, reserved 1048576K
}

Deoptimization events (20 events):
Event: 21.107 Thread 0x0000021fc9d90000 Uncommon trap: trap_request=0xffffffc6 fr.pc=0x0000021fb878f400 relative=0x00000000000002a0
Event: 21.107 Thread 0x0000021fc9d90000 Uncommon trap: reason=bimorphic_or_optimized_type_check action=maybe_recompile pc=0x0000021fb878f400 method=com.google.common.collect.ImmutableList.copyOf(Ljava/util/Collection;)Lcom/google/common/collect/ImmutableList; @ 11 c2
Event: 21.107 Thread 0x0000021fc9d90000 DEOPT PACKING pc=0x0000021fb878f400 sp=0x0000008b59bf9350
Event: 21.107 Thread 0x0000021fc9d90000 DEOPT UNPACKING pc=0x0000021fb0a6a1af sp=0x0000008b59bf9318 mode 2
Event: 21.114 Thread 0x0000021fcdcc0000 DEOPT PACKING pc=0x0000021fb21782c4 sp=0x0000008b5f8fcf60
Event: 21.114 Thread 0x0000021fcdcc0000 DEOPT UNPACKING pc=0x0000021fb0a6a95e sp=0x0000008b5f8fc500 mode 0
Event: 21.118 Thread 0x0000021fc9d90000 Uncommon trap: trap_request=0xffffffc6 fr.pc=0x0000021fb878f400 relative=0x00000000000002a0
Event: 21.118 Thread 0x0000021fc9d90000 Uncommon trap: reason=bimorphic_or_optimized_type_check action=maybe_recompile pc=0x0000021fb878f400 method=com.google.common.collect.ImmutableList.copyOf(Ljava/util/Collection;)Lcom/google/common/collect/ImmutableList; @ 11 c2
Event: 21.118 Thread 0x0000021fc9d90000 DEOPT PACKING pc=0x0000021fb878f400 sp=0x0000008b59bf9380
Event: 21.118 Thread 0x0000021fc9d90000 DEOPT UNPACKING pc=0x0000021fb0a6a1af sp=0x0000008b59bf9348 mode 2
Event: 21.253 Thread 0x0000021fc9d90000 DEOPT PACKING pc=0x0000021fb2353a31 sp=0x0000008b59bfa930
Event: 21.253 Thread 0x0000021fc9d90000 DEOPT UNPACKING pc=0x0000021fb0a6a95e sp=0x0000008b59bf9df8 mode 0
Event: 21.278 Thread 0x0000021fc9d90000 DEOPT PACKING pc=0x0000021fb258b2f9 sp=0x0000008b59bfa860
Event: 21.278 Thread 0x0000021fc9d90000 DEOPT UNPACKING pc=0x0000021fb0a6a95e sp=0x0000008b59bf9dc8 mode 0
Event: 21.279 Thread 0x0000021fc9d90000 DEOPT PACKING pc=0x0000021fb2590bc7 sp=0x0000008b59bfa8e0
Event: 21.279 Thread 0x0000021fc9d90000 DEOPT UNPACKING pc=0x0000021fb0a6a95e sp=0x0000008b59bf9e60 mode 0
Event: 21.314 Thread 0x0000021fc9d90000 DEOPT PACKING pc=0x0000021fb1619396 sp=0x0000008b59bf9820
Event: 21.314 Thread 0x0000021fc9d90000 DEOPT UNPACKING pc=0x0000021fb0a6a95e sp=0x0000008b59bf8d38 mode 0
Event: 21.392 Thread 0x0000021fcc51e000 DEOPT PACKING pc=0x0000021fb21782c4 sp=0x0000008b5d8fd5e0
Event: 21.392 Thread 0x0000021fcc51e000 DEOPT UNPACKING pc=0x0000021fb0a6a95e sp=0x0000008b5d8fcb80 mode 0

Classes redefined (0 events):
No events

Internal exceptions (20 events):
Event: 18.238 Thread 0x0000021fc9d90000 Exception <a 'sun/nio/fs/WindowsException'{0x000000008e1af708}> (0x000000008e1af708) thrown at [src/hotspot/share/prims/jni.cpp, line 617]
Event: 18.238 Thread 0x0000021fc9d90000 Exception <a 'sun/nio/fs/WindowsException'{0x000000008e1b0ad0}> (0x000000008e1b0ad0) thrown at [src/hotspot/share/prims/jni.cpp, line 617]
Event: 18.380 Thread 0x0000021fc9d90000 Exception <a 'java/lang/NoSuchMethodError'{0x0000000090385ad0}: 'java.lang.Object java.lang.invoke.DirectMethodHandle$Holder.invokeStatic(java.lang.Object, java.lang.Object, java.lang.Object, java.lang.Object, java.lang.Object, java.lang.Object, int)'> (0x0000000090385ad0) thrown at [src/hotspot/share/interpreter/linkResolver.cpp, line 773]
Event: 18.381 Thread 0x0000021fc9d90000 Exception <a 'java/lang/NoSuchMethodError'{0x000000009039d9f8}: 'java.lang.Object java.lang.invoke.DirectMethodHandle$Holder.invokeStatic(java.lang.Object, java.lang.Object, java.lang.Object, java.lang.Object, java.lang.Object, java.lang.Object, int, int)'> (0x000000009039d9f8) thrown at [src/hotspot/share/interpreter/linkResolver.cpp, line 773]
Event: 18.383 Thread 0x0000021fc9d90000 Exception <a 'java/lang/NoSuchMethodError'{0x00000000903b6258}: 'java.lang.Object java.lang.invoke.DirectMethodHandle$Holder.invokeStatic(java.lang.Object, java.lang.Object, java.lang.Object, java.lang.Object, java.lang.Object, java.lang.Object, int, int, java.lang.Object)'> (0x00000000903b6258) thrown at [src/hotspot/share/interpreter/linkResolver.cpp, line 773]
Event: 18.598 Thread 0x0000021fc9d90000 Exception <a 'java/lang/NoSuchMethodError'{0x000000008f30d8d8}: 'int java.lang.invoke.DirectMethodHandle$Holder.invokeSpecialIFC(java.lang.Object, java.lang.Object, java.lang.Object)'> (0x000000008f30d8d8) thrown at [src/hotspot/share/interpreter/linkResolver.cpp, line 773]
Event: 18.650 Thread 0x0000021fc9d90000 Exception <a 'java/lang/NoSuchMethodError'{0x000000008f08fa60}: 'java.lang.Object java.lang.invoke.DirectMethodHandle$Holder.invokeStatic(java.lang.Object, java.lang.Object, java.lang.Object, java.lang.Object, int, java.lang.Object)'> (0x000000008f08fa60) thrown at [src/hotspot/share/interpreter/linkResolver.cpp, line 773]
Event: 18.650 Thread 0x0000021fc9d90000 Exception <a 'java/lang/NoSuchMethodError'{0x000000008f094330}: 'java.lang.Object java.lang.invoke.DirectMethodHandle$Holder.invokeSpecial(java.lang.Object, java.lang.Object, java.lang.Object, java.lang.Object, java.lang.Object, int, java.lang.Object)'> (0x000000008f094330) thrown at [src/hotspot/share/interpreter/linkResolver.cpp, line 773]
Event: 18.651 Thread 0x0000021fc9d90000 Exception <a 'java/lang/NoSuchMethodError'{0x000000008f0985c0}: 'java.lang.Object java.lang.invoke.Invokers$Holder.linkToTargetMethod(java.lang.Object, java.lang.Object, java.lang.Object, int, java.lang.Object, java.lang.Object)'> (0x000000008f0985c0) thrown at [src/hotspot/share/interpreter/linkResolver.cpp, line 773]
Event: 18.882 Thread 0x0000021fc9d90000 Exception <a 'java/lang/NoSuchMethodError'{0x000000008e2c05d0}: 'void java.lang.invoke.DirectMethodHandle$Holder.invokeStatic(java.lang.Object, java.lang.Object, java.lang.Object, java.lang.Object, int, java.lang.Object, java.lang.Object)'> (0x000000008e2c05d0) thrown at [src/hotspot/share/interpreter/linkResolver.cpp, line 773]
Event: 18.909 Thread 0x0000021fc9d90000 Exception <a 'java/lang/IncompatibleClassChangeError'{0x000000008e07ce38}: Found class java.lang.Object, but interface was expected> (0x000000008e07ce38) thrown at [src/hotspot/share/interpreter/linkResolver.cpp, line 839]
Event: 18.986 Thread 0x0000021fcc517800 Exception <a 'java/lang/IncompatibleClassChangeError'{0x000000008def3678}: Found class java.lang.Object, but interface was expected> (0x000000008def3678) thrown at [src/hotspot/share/interpreter/linkResolver.cpp, line 839]
Event: 19.018 Thread 0x0000021fcc517800 Exception <a 'java/lang/NoSuchMethodError'{0x000000008dcb4ea0}: 'int java.lang.invoke.DirectMethodHandle$Holder.invokeStaticInit(java.lang.Object, java.lang.Object, java.lang.Object, java.lang.Object, java.lang.Object)'> (0x000000008dcb4ea0) thrown at [src/hotspot/share/interpreter/linkResolver.cpp, line 773]
Event: 20.268 Thread 0x0000021fc9d90000 Exception <a 'java/lang/NoSuchMethodError'{0x000000008e4db768}: 'java.lang.Object java.lang.invoke.DirectMethodHandle$Holder.invokeSpecialIFC(java.lang.Object, java.lang.Object, java.lang.Object)'> (0x000000008e4db768) thrown at [src/hotspot/share/interpreter/linkResolver.cpp, line 773]
Event: 20.268 Thread 0x0000021fc8d6a800 Exception <a 'java/lang/NoSuchMethodError'{0x000000008e314d48}: 'java.lang.Object java.lang.invoke.DirectMethodHandle$Holder.invokeSpecialIFC(java.lang.Object, java.lang.Object, java.lang.Object)'> (0x000000008e314d48) thrown at [src/hotspot/share/interpreter/linkResolver.cpp, line 773]
Event: 20.801 Thread 0x0000021fcb8a3000 Exception <a 'java/lang/NoSuchMethodError'{0x000000008eb9c820}: 'void java.lang.invoke.DirectMethodHandle$Holder.invokeVirtual(java.lang.Object, java.lang.Object)'> (0x000000008eb9c820) thrown at [src/hotspot/share/interpreter/linkResolver.cpp, line 773]
Event: 20.801 Thread 0x0000021fcc51c800 Exception <a 'java/lang/NoSuchMethodError'{0x00000000900dca20}: 'void java.lang.invoke.DirectMethodHandle$Holder.invokeVirtual(java.lang.Object, java.lang.Object)'> (0x00000000900dca20) thrown at [src/hotspot/share/interpreter/linkResolver.cpp, line 773]
Event: 20.801 Thread 0x0000021fcb8a6800 Exception <a 'java/lang/NoSuchMethodError'{0x000000008ebbdd50}: 'void java.lang.invoke.DirectMethodHandle$Holder.invokeVirtual(java.lang.Object, java.lang.Object)'> (0x000000008ebbdd50) thrown at [src/hotspot/share/interpreter/linkResolver.cpp, line 773]
Event: 20.801 Thread 0x0000021fcb8a5800 Exception <a 'java/lang/NoSuchMethodError'{0x000000008dd5d3c8}: 'void java.lang.invoke.DirectMethodHandle$Holder.invokeVirtual(java.lang.Object, java.lang.Object)'> (0x000000008dd5d3c8) thrown at [src/hotspot/share/interpreter/linkResolver.cpp, line 773]
Event: 20.801 Thread 0x0000021fc9d90000 Exception <a 'java/lang/NoSuchMethodError'{0x000000008debae38}: 'void java.lang.invoke.DirectMethodHandle$Holder.invokeVirtual(java.lang.Object, java.lang.Object)'> (0x000000008debae38) thrown at [src/hotspot/share/interpreter/linkResolver.cpp, line 773]

Events (20 events):
Event: 21.471 loading class com/android/build/gradle/internal/dependency/ArtifactCollectionWithExtraArtifact$ExtraComponentIdentifier done
Event: 21.471 loading class com/android/build/gradle/api/TestedComponentIdentifier
Event: 21.471 loading class com/android/build/gradle/api/TestedComponentIdentifier done
Event: 21.472 loading class org/jetbrains/kotlin/gradle/internal/DefaultsOnly
Event: 21.472 loading class org/jetbrains/kotlin/gradle/internal/DefaultsOnly done
Event: 21.472 loading class org/jetbrains/kotlin/gradle/internal/CompilerArgumentsConfigurationFlag
Event: 21.472 loading class org/jetbrains/kotlin/gradle/internal/CompilerArgumentsConfigurationFlag done
Event: 21.474 loading class org/jetbrains/kotlin/gradle/plugin/android/AndroidGradleWrapper
Event: 21.474 loading class org/jetbrains/kotlin/gradle/plugin/android/AndroidGradleWrapper done
Event: 21.475 loading class org/jetbrains/kotlin/gradle/plugin/android/AndroidGradleWrapperKt
Event: 21.475 loading class org/jetbrains/kotlin/gradle/plugin/android/AndroidGradleWrapperKt done
Event: 21.481 loading class org/jetbrains/kotlin/incremental/IncrementalJvmCompilerRunnerKt
Event: 21.481 loading class org/jetbrains/kotlin/incremental/IncrementalJvmCompilerRunnerKt done
Event: 21.482 loading class org/jetbrains/kotlin/incremental/IncrementalJvmCompilerRunnerKt$classpathAsList$2
Event: 21.482 loading class org/jetbrains/kotlin/incremental/IncrementalJvmCompilerRunnerKt$classpathAsList$2 done
Event: 21.483 loading class kotlin/reflect/full/KClasses
Event: 21.483 loading class kotlin/reflect/full/KClasses done
Event: 21.483 loading class kotlin/reflect/full/KClasses
Event: 21.483 loading class kotlin/reflect/full/KClasses done
Event: 21.485 Executing VM operation: G1CollectForAllocation


Dynamic libraries:
0x00007ff723a40000 - 0x00007ff723a4a000 	D:\Androd\sdk\jbr\bin\java.exe
0x00007ff97d830000 - 0x00007ff97da28000 	C:\WINDOWS\SYSTEM32\ntdll.dll
0x00007ff97c6d0000 - 0x00007ff97c78f000 	C:\WINDOWS\System32\KERNEL32.DLL
0x00007ff97b1d0000 - 0x00007ff97b4aa000 	C:\WINDOWS\System32\KERNELBASE.dll
0x00007ff97b0d0000 - 0x00007ff97b1d0000 	C:\WINDOWS\System32\ucrtbase.dll
0x00007ff975b20000 - 0x00007ff975b3b000 	D:\Androd\sdk\jbr\bin\VCRUNTIME140.dll
0x00007ff96d590000 - 0x00007ff96d5a7000 	D:\Androd\sdk\jbr\bin\jli.dll
0x00007ff97bf90000 - 0x00007ff97c12d000 	C:\WINDOWS\System32\USER32.dll
0x00007ff97b0a0000 - 0x00007ff97b0c2000 	C:\WINDOWS\System32\win32u.dll
0x00007ff969f60000 - 0x00007ff96a1fa000 	C:\WINDOWS\WinSxS\amd64_microsoft.windows.common-controls_6595b64144ccf1df_6.0.19041.1110_none_60b5254171f9507e\COMCTL32.dll
0x00007ff97c6a0000 - 0x00007ff97c6cb000 	C:\WINDOWS\System32\GDI32.dll
0x00007ff97d030000 - 0x00007ff97d0ce000 	C:\WINDOWS\System32\msvcrt.dll
0x00007ff97b6c0000 - 0x00007ff97b7d0000 	C:\WINDOWS\System32\gdi32full.dll
0x00007ff97b620000 - 0x00007ff97b6bd000 	C:\WINDOWS\System32\msvcp_win.dll
0x00007ff97d610000 - 0x00007ff97d640000 	C:\WINDOWS\System32\IMM32.DLL
0x00007ff975ad0000 - 0x00007ff975adc000 	D:\Androd\sdk\jbr\bin\vcruntime140_1.dll
0x00007ff954c60000 - 0x00007ff954ced000 	D:\Androd\sdk\jbr\bin\msvcp140.dll
0x00007ff9279d0000 - 0x00007ff92858c000 	D:\Androd\sdk\jbr\bin\server\jvm.dll
0x00007ff97d4a0000 - 0x00007ff97d54e000 	C:\WINDOWS\System32\ADVAPI32.dll
0x00007ff97d0d0000 - 0x00007ff97d16c000 	C:\WINDOWS\System32\sechost.dll
0x00007ff97c570000 - 0x00007ff97c696000 	C:\WINDOWS\System32\RPCRT4.dll
0x00007ff97d550000 - 0x00007ff97d558000 	C:\WINDOWS\System32\PSAPI.DLL
0x00007ff970de0000 - 0x00007ff970e07000 	C:\WINDOWS\SYSTEM32\WINMM.dll
0x00007ff9744b0000 - 0x00007ff9744b9000 	C:\WINDOWS\SYSTEM32\WSOCK32.dll
0x00007ff974810000 - 0x00007ff97481a000 	C:\WINDOWS\SYSTEM32\VERSION.dll
0x00007ff97bec0000 - 0x00007ff97bf2b000 	C:\WINDOWS\System32\WS2_32.dll
0x00007ff979790000 - 0x00007ff9797a2000 	C:\WINDOWS\SYSTEM32\kernel.appcore.dll
0x00007ff973720000 - 0x00007ff973730000 	D:\Androd\sdk\jbr\bin\verify.dll
0x00007ff979370000 - 0x00007ff979554000 	C:\WINDOWS\SYSTEM32\DBGHELP.DLL
0x00007ff965bd0000 - 0x00007ff965c04000 	C:\WINDOWS\SYSTEM32\dbgcore.DLL
0x00007ff97b4b0000 - 0x00007ff97b532000 	C:\WINDOWS\System32\bcryptPrimitives.dll
0x00007ff9602e0000 - 0x00007ff960308000 	D:\Androd\sdk\jbr\bin\java.dll
0x00007ff96d070000 - 0x00007ff96d07a000 	D:\Androd\sdk\jbr\bin\jimage.dll
0x00007ff968910000 - 0x00007ff968928000 	D:\Androd\sdk\jbr\bin\zip.dll
0x00007ff97c8b0000 - 0x00007ff97cff4000 	C:\WINDOWS\System32\SHELL32.dll
0x00007ff978bd0000 - 0x00007ff979363000 	C:\WINDOWS\SYSTEM32\windows.storage.dll
0x00007ff97c1b0000 - 0x00007ff97c504000 	C:\WINDOWS\System32\combase.dll
0x00007ff97a930000 - 0x00007ff97a95e000 	C:\WINDOWS\SYSTEM32\Wldp.dll
0x00007ff97d560000 - 0x00007ff97d60d000 	C:\WINDOWS\System32\SHCORE.dll
0x00007ff97c510000 - 0x00007ff97c565000 	C:\WINDOWS\System32\shlwapi.dll
0x00007ff97ae80000 - 0x00007ff97ae9f000 	C:\WINDOWS\SYSTEM32\profapi.dll
0x00007ff9613f0000 - 0x00007ff961409000 	D:\Androd\sdk\jbr\bin\net.dll
0x00007ff970aa0000 - 0x00007ff970baa000 	C:\WINDOWS\SYSTEM32\WINHTTP.dll
0x00007ff97a690000 - 0x00007ff97a6fa000 	C:\WINDOWS\system32\mswsock.dll
0x00007ff95f300000 - 0x00007ff95f313000 	D:\Androd\sdk\jbr\bin\nio.dll
0x00007ff96d0d0000 - 0x00007ff96d0f7000 	C:\Users\sergi\.gradle\native\e1d6ef7f7dcc3fd88c89a11ec53ec762bb8ba0a96d01ffa2cd45eb1d1d8dd5c5\windows-amd64\native-platform.dll
0x00007ff954780000 - 0x00007ff9548c4000 	C:\Users\sergi\.gradle\native\0d407fdbe67a94daf76414ababcb853783967236a71b16ec16e742cd7a986fd3\windows-amd64\native-platform-file-events.dll
0x00007ff96d060000 - 0x00007ff96d06a000 	D:\Androd\sdk\jbr\bin\management.dll
0x00007ff96bb30000 - 0x00007ff96bb3b000 	D:\Androd\sdk\jbr\bin\management_ext.dll
0x00007ff97a880000 - 0x00007ff97a898000 	C:\WINDOWS\SYSTEM32\CRYPTSP.dll
0x00007ff979fb0000 - 0x00007ff979fe4000 	C:\WINDOWS\system32\rsaenh.dll
0x00007ff97b540000 - 0x00007ff97b567000 	C:\WINDOWS\System32\bcrypt.dll
0x00007ff97ae40000 - 0x00007ff97ae6e000 	C:\WINDOWS\SYSTEM32\USERENV.dll
0x00007ff97a8a0000 - 0x00007ff97a8ac000 	C:\WINDOWS\SYSTEM32\CRYPTBASE.dll
0x00007ff97a380000 - 0x00007ff97a3bc000 	C:\WINDOWS\SYSTEM32\IPHLPAPI.DLL
0x00007ff97d2b0000 - 0x00007ff97d2b8000 	C:\WINDOWS\System32\NSI.dll
0x00007ff971560000 - 0x00007ff971577000 	C:\WINDOWS\SYSTEM32\dhcpcsvc6.DLL
0x00007ff971580000 - 0x00007ff97159d000 	C:\WINDOWS\SYSTEM32\dhcpcsvc.DLL
0x00007ff97a3c0000 - 0x00007ff97a48b000 	C:\WINDOWS\SYSTEM32\DNSAPI.dll
0x00007ff9635e0000 - 0x00007ff9635f7000 	C:\WINDOWS\system32\napinsp.dll
0x00007ff9623f0000 - 0x00007ff96240b000 	C:\WINDOWS\system32\pnrpnsp.dll
0x00007ff9591f0000 - 0x00007ff959205000 	C:\WINDOWS\system32\wshbth.dll
0x00007ff976430000 - 0x00007ff97644d000 	C:\WINDOWS\system32\NLAapi.dll
0x00007ff962170000 - 0x00007ff962182000 	C:\WINDOWS\System32\winrnr.dll
0x00007ff96b1c0000 - 0x00007ff96b1ca000 	C:\Windows\System32\rasadhlp.dll
0x00007ff96b240000 - 0x00007ff96b2c0000 	C:\WINDOWS\System32\fwpuclnt.dll

dbghelp: loaded successfully - version: 4.0.5 - missing functions: none
symbol engine: initialized successfully - sym options: 0x614 - pdb path: .;D:\Androd\sdk\jbr\bin;C:\WINDOWS\SYSTEM32;C:\WINDOWS\WinSxS\amd64_microsoft.windows.common-controls_6595b64144ccf1df_6.0.19041.1110_none_60b5254171f9507e;D:\Androd\sdk\jbr\bin\server;C:\Users\sergi\.gradle\native\e1d6ef7f7dcc3fd88c89a11ec53ec762bb8ba0a96d01ffa2cd45eb1d1d8dd5c5\windows-amd64;C:\Users\sergi\.gradle\native\0d407fdbe67a94daf76414ababcb853783967236a71b16ec16e742cd7a986fd3\windows-amd64

VM Arguments:
jvm_args: --add-opens=java.base/java.util=ALL-UNNAMED --add-opens=java.base/java.lang=ALL-UNNAMED --add-opens=java.base/java.lang.invoke=ALL-UNNAMED --add-opens=java.base/java.util=ALL-UNNAMED --add-opens=java.prefs/java.util.prefs=ALL-UNNAMED --add-opens=java.prefs/java.util.prefs=ALL-UNNAMED --add-opens=java.base/java.nio.charset=ALL-UNNAMED --add-opens=java.base/java.net=ALL-UNNAMED --add-opens=java.base/java.util.concurrent.atomic=ALL-UNNAMED -Xmx2048m -Dfile.encoding=UTF-8 -Duser.country=RU -Duser.language=ru -Duser.variant 
java_command: org.gradle.launcher.daemon.bootstrap.GradleDaemon 7.5
java_class_path (initial): C:\Users\sergi\.gradle\wrapper\dists\gradle-7.5-bin\f1w0cc9nuo0eivz97x2xlu9sv\gradle-7.5\lib\gradle-launcher-7.5.jar
Launcher Type: SUN_STANDARD

[Global flags]
     intx CICompilerCount                          = 4                                         {product} {ergonomic}
     uint ConcGCThreads                            = 2                                         {product} {ergonomic}
     uint G1ConcRefinementThreads                  = 8                                         {product} {ergonomic}
   size_t G1HeapRegionSize                         = 1048576                                   {product} {ergonomic}
    uintx GCDrainStackTargetSize                   = 64                                        {product} {ergonomic}
   size_t InitialHeapSize                          = 100663296                                 {product} {ergonomic}
   size_t MarkStackSize                            = 4194304                                   {product} {ergonomic}
   size_t MaxHeapSize                              = 2147483648                                {product} {command line}
   size_t MaxNewSize                               = 1287651328                                {product} {ergonomic}
   size_t MinHeapDeltaBytes                        = 1048576                                   {product} {ergonomic}
    uintx NonNMethodCodeHeapSize                   = 5836300                                {pd product} {ergonomic}
    uintx NonProfiledCodeHeapSize                  = 122910970                              {pd product} {ergonomic}
    uintx ProfiledCodeHeapSize                     = 122910970                              {pd product} {ergonomic}
    uintx ReservedCodeCacheSize                    = 251658240                              {pd product} {ergonomic}
     bool SegmentedCodeCache                       = true                                      {product} {ergonomic}
     bool UseCompressedClassPointers               = true                                 {lp64_product} {ergonomic}
     bool UseCompressedOops                        = true                                 {lp64_product} {ergonomic}
     bool UseG1GC                                  = true                                      {product} {ergonomic}
     bool UseLargePagesIndividualAllocation        = false                                  {pd product} {ergonomic}

Logging:
Log output configuration:
 #0: stdout all=warning uptime,level,tags
 #1: stderr all=off uptime,level,tags

Environment Variables:
PATH=C:\Windows\system32;C:\Windows;C:\Windows\System32\Wbem;C:\Windows\System32\WindowsPowerShell\v1.0\;C:\Windows\System32\OpenSSH\;C:\Program Files\NVIDIA Corporation\NVIDIA NvDLISR;C:\Program Files (x86)\NVIDIA Corporation\PhysX\Common;C:\Program Files\Git\cmd;C:\WINDOWS\system32;C:\WINDOWS;C:\WINDOWS\System32\Wbem;C:\WINDOWS\System32\WindowsPowerShell\v1.0\;C:\WINDOWS\System32\OpenSSH\;C:\Users\sergi\AppData\Local\Microsoft\WindowsApps
USERNAME=sergi
OS=Windows_NT
PROCESSOR_IDENTIFIER=AMD64 Family 23 Model 24 Stepping 1, AuthenticAMD



---------------  S Y S T E M  ---------------

OS: Windows 10 , 64 bit Build 19041 (10.0.19041.2788)
OS uptime: 0 days 21:20 hours

CPU:total 8 (initial active 8) (8 cores per cpu, 2 threads per core) family 23 model 24 stepping 1 microcode 0x0, cmov, cx8, fxsr, mmx, sse, sse2, sse3, ssse3, sse4.1, sse4.2, popcnt, avx, avx2, aes, clmul, mmxext, 3dnowpref, lzcnt, sse4a, ht, tsc, tscinvbit, tscinv, bmi1, bmi2, adx, sha, fma

Memory: 4k page, system-wide physical 6081M (275M free)
TotalPageFile size 10081M (AvailPageFile size 14M)
current process WorkingSet (physical memory assigned to process): 390M, peak: 390M
current process commit charge ("private bytes"): 566M, peak: 618M

vm_info: OpenJDK 64-Bit Server VM (11.0.15+0-b2043.56-9505619) for windows-amd64 JRE (11.0.15+0-b2043.56-9505619), built on Jan 19 2023 02:48:00 by "builduser" with unknown MS VC++:1929

END.
