#
# There is insufficient memory for the Java Runtime Environment to continue.
# Native memory allocation (mmap) failed to map 29360128 bytes for Failed to commit area from 0x0000000088c00000 to 0x000000008a800000 of length 29360128.
# Possible reasons:
#   The system is out of physical RAM or swap space
#   The process is running with CompressedOops enabled, and the Java Heap may be blocking the growth of the native heap
# Possible solutions:
#   Reduce memory load on the system
#   Increase physical memory or swap space
#   Check if swap backing store is full
#   Decrease Java heap size (-Xmx/-Xms)
#   Decrease number of Java threads
#   Decrease Java thread stack sizes (-Xss)
#   Set larger code cache with -XX:ReservedCodeCacheSize=
#   JVM is running with Unscaled Compressed Oops mode in which the Java heap is
#     placed in the first 4GB address space. The Java Heap base address is the
#     maximum limit for the native heap growth. Please use -XX:HeapBaseMinAddress
#     to set the Java Heap base and to place the Java Heap above 4GB virtual address.
# This output file may be truncated or incomplete.
#
#  Out of Memory Error (src/hotspot/os/windows/os_windows.cpp:3627), pid=8336, tid=9844
#
# JRE version: OpenJDK Runtime Environment (11.0.15) (build 11.0.15+0-b2043.56-9505619)
# Java VM: OpenJDK 64-Bit Server VM (11.0.15+0-b2043.56-9505619, mixed mode, tiered, compressed oops, g1 gc, windows-amd64)
# No core dump will be written. Minidumps are not enabled by default on client versions of Windows
#

---------------  S U M M A R Y ------------

Command Line: --add-opens=java.base/java.util=ALL-UNNAMED --add-opens=java.base/java.lang=ALL-UNNAMED --add-opens=java.base/java.lang.invoke=ALL-UNNAMED --add-opens=java.base/java.util=ALL-UNNAMED --add-opens=java.prefs/java.util.prefs=ALL-UNNAMED --add-opens=java.prefs/java.util.prefs=ALL-UNNAMED --add-opens=java.base/java.nio.charset=ALL-UNNAMED --add-opens=java.base/java.net=ALL-UNNAMED --add-opens=java.base/java.util.concurrent.atomic=ALL-UNNAMED -Xmx2048m -Dfile.encoding=UTF-8 -Duser.country=RU -Duser.language=ru -Duser.variant org.gradle.launcher.daemon.bootstrap.GradleDaemon 7.5

Host: AMD Ryzen 5 3550H with Radeon Vega Mobile Gfx  , 8 cores, 5G,  Windows 10 , 64 bit Build 19041 (10.0.19041.2788)
Time: Tue Apr 18 22:01:29 2023  Windows 10 , 64 bit Build 19041 (10.0.19041.2788) elapsed time: 6.308777 seconds (0d 0h 0m 6s)

---------------  T H R E A D  ---------------

Current thread (0x00000291f4298000):  VMThread "VM Thread" [stack: 0x000000fbc8e00000,0x000000fbc8f00000] [id=9844]

Stack: [0x000000fbc8e00000,0x000000fbc8f00000]
[error occurred during error reporting (printing stack bounds), id 0xc0000005, EXCEPTION_ACCESS_VIOLATION (0xc0000005) at pc=0x00000291dd93112d]

Native frames: (J=compiled Java code, j=interpreted, Vv=VM code, C=native code)
V  [jvm.dll+0x64135a]
V  [jvm.dll+0x7d39f9]
V  [jvm.dll+0x7d51b9]
V  [jvm.dll+0x7d5805]
V  [jvm.dll+0x7d57bb]
V  [jvm.dll+0x640655]
V  [jvm.dll+0x640d68]
C  [ntdll.dll+0xa23df]
C  [ntdll.dll+0x514a4]
C  [ntdll.dll+0xa0f0e]
C  0x00000291dd93112d

VM_Operation (0x000000fbca0f6f20): G1CollectForAllocation, mode: safepoint, requested by thread 0x00000291f709e800


---------------  P R O C E S S  ---------------

Threads class SMR info:
_java_thread_list=0x00000291fde70c50, length=43, elements={
0x00000291d9e06800, 0x00000291f429f800, 0x00000291f42a9000, 0x00000291f42be000,
0x00000291f42bf000, 0x00000291f42c1000, 0x00000291f42c4800, 0x00000291f42cf800,
0x00000291f42d0800, 0x00000291f4d8b000, 0x00000291f6d6e800, 0x00000291f6fca800,
0x00000291f6c5c800, 0x00000291f6562000, 0x00000291f5e3b000, 0x00000291f7879800,
0x00000291f709e800, 0x00000291f6706800, 0x00000291f6707800, 0x00000291f667a800,
0x00000291f4e09800, 0x00000291f4e0d000, 0x00000291f4e0a800, 0x00000291f7e4c800,
0x00000291f8056800, 0x00000291f4e0c000, 0x00000291f4e08000, 0x00000291f4e07800,
0x00000291f4e0b800, 0x00000291f4e0e000, 0x00000291f4e09000, 0x00000291f7f5b000,
0x00000291f7f5b800, 0x00000291f7f5c800, 0x00000291f7f5e000, 0x00000291f7f5d000,
0x00000291f7f5a000, 0x00000291f7f5f000, 0x00000291f7f59000, 0x00000291f7f63000,
0x00000291f7f64800, 0x00000291f7f66000, 0x00000291f7f60800
}

Java Threads: ( => current thread )
  0x00000291d9e06800 JavaThread "main" [_thread_blocked, id=9432, stack(0x000000fbc8800000,0x000000fbc8900000)]
  0x00000291f429f800 JavaThread "Reference Handler" daemon [_thread_blocked, id=7272, stack(0x000000fbc8f00000,0x000000fbc9000000)]
  0x00000291f42a9000 JavaThread "Finalizer" daemon [_thread_blocked, id=13216, stack(0x000000fbc9000000,0x000000fbc9100000)]
  0x00000291f42be000 JavaThread "Signal Dispatcher" daemon [_thread_blocked, id=6620, stack(0x000000fbc9100000,0x000000fbc9200000)]
  0x00000291f42bf000 JavaThread "Attach Listener" daemon [_thread_blocked, id=14480, stack(0x000000fbc9200000,0x000000fbc9300000)]
  0x00000291f42c1000 JavaThread "Service Thread" daemon [_thread_blocked, id=14128, stack(0x000000fbc9300000,0x000000fbc9400000)]
  0x00000291f42c4800 JavaThread "C2 CompilerThread0" daemon [_thread_in_native, id=15056, stack(0x000000fbc9400000,0x000000fbc9500000)]
  0x00000291f42cf800 JavaThread "C1 CompilerThread0" daemon [_thread_blocked, id=2188, stack(0x000000fbc9500000,0x000000fbc9600000)]
  0x00000291f42d0800 JavaThread "Sweeper thread" daemon [_thread_blocked, id=11796, stack(0x000000fbc9600000,0x000000fbc9700000)]
  0x00000291f4d8b000 JavaThread "Common-Cleaner" daemon [_thread_blocked, id=14256, stack(0x000000fbc9700000,0x000000fbc9800000)]
  0x00000291f6d6e800 JavaThread "Daemon health stats" [_thread_blocked, id=1176, stack(0x000000fbc9c00000,0x000000fbc9d00000)]
  0x00000291f6fca800 JavaThread "Incoming local TCP Connector on port 58932" [_thread_in_native, id=14508, stack(0x000000fbc9900000,0x000000fbc9a00000)]
  0x00000291f6c5c800 JavaThread "Daemon periodic checks" [_thread_blocked, id=17040, stack(0x000000fbc9a00000,0x000000fbc9b00000)]
  0x00000291f6562000 JavaThread "Daemon" [_thread_blocked, id=4496, stack(0x000000fbc9d00000,0x000000fbc9e00000)]
  0x00000291f5e3b000 JavaThread "Handler for socket connection from /127.0.0.1:58932 to /127.0.0.1:58933" [_thread_in_native, id=2964, stack(0x000000fbc9e00000,0x000000fbc9f00000)]
  0x00000291f7879800 JavaThread "Cancel handler" [_thread_blocked, id=10784, stack(0x000000fbc9f00000,0x000000fbca000000)]
  0x00000291f709e800 JavaThread "Daemon worker" [_thread_blocked, id=11008, stack(0x000000fbca000000,0x000000fbca100000)]
  0x00000291f6706800 JavaThread "Asynchronous log dispatcher for DefaultDaemonConnection: socket connection from /127.0.0.1:58932 to /127.0.0.1:58933" [_thread_blocked, id=14844, stack(0x000000fbca100000,0x000000fbca200000)]
  0x00000291f6707800 JavaThread "Stdin handler" [_thread_blocked, id=5860, stack(0x000000fbca200000,0x000000fbca300000)]
  0x00000291f667a800 JavaThread "Daemon client event forwarder" [_thread_blocked, id=6536, stack(0x000000fbca300000,0x000000fbca400000)]
  0x00000291f4e09800 JavaThread "Cache worker for journal cache (C:\Users\sergi\.gradle\caches\journal-1)" [_thread_blocked, id=15592, stack(0x000000fbcaa00000,0x000000fbcab00000)]
  0x00000291f4e0d000 JavaThread "File lock request listener" [_thread_in_native, id=12004, stack(0x000000fbcab00000,0x000000fbcac00000)]
  0x00000291f4e0a800 JavaThread "Cache worker for file hash cache (C:\Users\sergi\.gradle\caches\7.5\fileHashes)" [_thread_blocked, id=13988, stack(0x000000fbcad00000,0x000000fbcae00000)]
  0x00000291f7e4c800 JavaThread "C2 CompilerThread1" daemon [_thread_blocked, id=11244, stack(0x000000fbcae00000,0x000000fbcaf00000)]
  0x00000291f8056800 JavaThread "C2 CompilerThread2" daemon [_thread_in_native, id=7600, stack(0x000000fbcaf00000,0x000000fbcb000000)]
  0x00000291f4e0c000 JavaThread "File watcher server" daemon [_thread_in_native, id=7640, stack(0x000000fbcb000000,0x000000fbcb100000)]
  0x00000291f4e08000 JavaThread "File watcher consumer" daemon [_thread_blocked, id=10000, stack(0x000000fbcb100000,0x000000fbcb200000)]
  0x00000291f4e07800 JavaThread "jar transforms" [_thread_blocked, id=16332, stack(0x000000fbcb200000,0x000000fbcb300000)]
  0x00000291f4e0b800 JavaThread "jar transforms Thread 2" [_thread_blocked, id=8224, stack(0x000000fbcb300000,0x000000fbcb400000)]
  0x00000291f4e0e000 JavaThread "jar transforms Thread 3" [_thread_blocked, id=9996, stack(0x000000fbcb400000,0x000000fbcb500000)]
  0x00000291f4e09000 JavaThread "jar transforms Thread 4" [_thread_blocked, id=7964, stack(0x000000fbcb500000,0x000000fbcb600000)]
  0x00000291f7f5b000 JavaThread "jar transforms Thread 5" [_thread_blocked, id=10468, stack(0x000000fbcb600000,0x000000fbcb700000)]
  0x00000291f7f5b800 JavaThread "jar transforms Thread 6" [_thread_blocked, id=13740, stack(0x000000fbcb700000,0x000000fbcb800000)]
  0x00000291f7f5c800 JavaThread "jar transforms Thread 7" [_thread_blocked, id=14488, stack(0x000000fbcb800000,0x000000fbcb900000)]
  0x00000291f7f5e000 JavaThread "jar transforms Thread 8" [_thread_blocked, id=7728, stack(0x000000fbcb900000,0x000000fbcba00000)]
  0x00000291f7f5d000 JavaThread "Cache worker for checksums cache (D:\lab\.gradle\7.5\checksums)" [_thread_blocked, id=16116, stack(0x000000fbcba00000,0x000000fbcbb00000)]
  0x00000291f7f5a000 JavaThread "Cache worker for cache directory md-rule (C:\Users\sergi\.gradle\caches\7.5\md-rule)" [_thread_blocked, id=4556, stack(0x000000fbcbb00000,0x000000fbcbc00000)]
  0x00000291f7f5f000 JavaThread "Cache worker for file content cache (C:\Users\sergi\.gradle\caches\7.5\fileContent)" [_thread_blocked, id=6988, stack(0x000000fbcbc00000,0x000000fbcbd00000)]
  0x00000291f7f59000 JavaThread "Cache worker for file hash cache (D:\lab\.gradle\7.5\fileHashes)" [_thread_blocked, id=15516, stack(0x000000fbcbd00000,0x000000fbcbe00000)]
  0x00000291f7f63000 JavaThread "Cache worker for cache directory md-supplier (C:\Users\sergi\.gradle\caches\7.5\md-supplier)" [_thread_blocked, id=6728, stack(0x000000fbcbe00000,0x000000fbcbf00000)]
  0x00000291f7f64800 JavaThread "Cache worker for execution history cache (C:\Users\sergi\.gradle\caches\7.5\executionHistory)" [_thread_blocked, id=14444, stack(0x000000fbcbf00000,0x000000fbcc000000)]
  0x00000291f7f66000 JavaThread "Cache worker for dependencies-accessors (D:\lab\.gradle\7.5\dependencies-accessors)" [_thread_blocked, id=17380, stack(0x000000fbcc000000,0x000000fbcc100000)]
  0x00000291f7f60800 JavaThread "Cache worker for Build Output Cleanup Cache (D:\lab\.gradle\buildOutputCleanup)" [_thread_blocked, id=8892, stack(0x000000fbcc100000,0x000000fbcc200000)]

Other Threads:
=>0x00000291f4298000 VMThread "VM Thread" [stack: 0x000000fbc8e00000,0x000000fbc8f00000] [id=9844]
  0x00000291f4db2800 WatcherThread [stack: 0x000000fbc9800000,0x000000fbc9900000] [id=12028]
  0x00000291d9e1f800 GCTaskThread "GC Thread#0" [stack: 0x000000fbc8900000,0x000000fbc8a00000] [id=6688]
  0x00000291f5d03800 GCTaskThread "GC Thread#1" [stack: 0x000000fbc9b00000,0x000000fbc9c00000] [id=1972]
  0x00000291f71ff000 GCTaskThread "GC Thread#2" [stack: 0x000000fbca400000,0x000000fbca500000] [id=16648]
  0x00000291f79fc800 GCTaskThread "GC Thread#3" [stack: 0x000000fbca500000,0x000000fbca600000] [id=12416]
  0x00000291f60d7000 GCTaskThread "GC Thread#4" [stack: 0x000000fbca600000,0x000000fbca700000] [id=6556]
  0x00000291f60d8000 GCTaskThread "GC Thread#5" [stack: 0x000000fbca700000,0x000000fbca800000] [id=16204]
  0x00000291f6e4e800 GCTaskThread "GC Thread#6" [stack: 0x000000fbca800000,0x000000fbca900000] [id=16428]
  0x00000291f6e4f000 GCTaskThread "GC Thread#7" [stack: 0x000000fbca900000,0x000000fbcaa00000] [id=9984]
  0x00000291d9e51000 ConcurrentGCThread "G1 Main Marker" [stack: 0x000000fbc8a00000,0x000000fbc8b00000] [id=2452]
  0x00000291d9e52800 ConcurrentGCThread "G1 Conc#0" [stack: 0x000000fbc8b00000,0x000000fbc8c00000] [id=14684]
  0x00000291f628b000 ConcurrentGCThread "G1 Conc#1" [stack: 0x000000fbcac00000,0x000000fbcad00000] [id=7420]
  0x00000291d9ed9000 ConcurrentGCThread "G1 Refine#0" [stack: 0x000000fbc8c00000,0x000000fbc8d00000] [id=11924]
  0x00000291d9eda000 ConcurrentGCThread "G1 Young RemSet Sampling" [stack: 0x000000fbc8d00000,0x000000fbc8e00000] [id=16576]

Threads with active compile tasks:
C2 CompilerThread0     6318 4493       4       jdk.internal.loader.URLClassPath$JarLoader$2::getBytes (48 bytes)
C1 CompilerThread0     6318 4537       3       org.gradle.internal.instantiation.generator.ParamsMatchingConstructorSelector::forParams (481 bytes)
C2 CompilerThread1     6318 4503       4       java.lang.String::compareToIgnoreCase (11 bytes)
C2 CompilerThread2     6318 4494   !   4       jdk.internal.loader.Resource::getBytes (242 bytes)

VM state:at safepoint (normal execution)

VM Mutex/Monitor currently owned by a thread:  ([mutex/lock_event])
[0x00000291d9e007e0] Threads_lock - owner thread: 0x00000291f4298000
[0x00000291d9e00900] Heap_lock - owner thread: 0x00000291f709e800

Heap address: 0x0000000080000000, size: 2048 MB, Compressed Oops mode: 32-bit
Narrow klass base: 0x0000000000000000, Narrow klass shift: 3
Compressed class space size: 1073741824 Address: 0x0000000100000000

Heap:
 garbage-first heap   total 172032K, used 96430K [0x0000000080000000, 0x0000000100000000)
  region size 1024K, 3 young (3072K), 3 survivors (3072K)
 Metaspace       used 49928K, capacity 51364K, committed 51504K, reserved 1093632K
  class space    used 6417K, capacity 6971K, committed 7040K, reserved 1048576K
Heap Regions: E=young(eden), S=young(survivor), O=old, HS=humongous(starts), HC=humongous(continues), CS=collection set, F=free, A=archive, TAMS=top-at-mark-start (previous, next)
|   0|0x0000000080000000, 0x0000000080100000, 0x0000000080100000|100%| O|  |TAMS 0x0000000080100000, 0x0000000080000000| Untracked 
|   1|0x0000000080100000, 0x0000000080200000, 0x0000000080200000|100%| O|  |TAMS 0x0000000080200000, 0x0000000080100000| Untracked 
|   2|0x0000000080200000, 0x0000000080300000, 0x0000000080300000|100%| O|  |TAMS 0x0000000080300000, 0x0000000080200000| Untracked 
|   3|0x0000000080300000, 0x0000000080400000, 0x0000000080400000|100%|HS|  |TAMS 0x0000000080400000, 0x0000000080300000| Complete 
|   4|0x0000000080400000, 0x0000000080500000, 0x0000000080500000|100%|HC|  |TAMS 0x0000000080500000, 0x0000000080400000| Complete 
|   5|0x0000000080500000, 0x0000000080600000, 0x0000000080600000|100%|HC|  |TAMS 0x0000000080600000, 0x0000000080500000| Complete 
|   6|0x0000000080600000, 0x0000000080700000, 0x0000000080700000|100%| O|  |TAMS 0x0000000080700000, 0x0000000080600000| Untracked 
|   7|0x0000000080700000, 0x0000000080800000, 0x0000000080800000|100%| O|  |TAMS 0x0000000080800000, 0x0000000080700000| Untracked 
|   8|0x0000000080800000, 0x0000000080900000, 0x0000000080900000|100%| O|  |TAMS 0x0000000080900000, 0x0000000080800000| Untracked 
|   9|0x0000000080900000, 0x0000000080a00000, 0x0000000080a00000|100%| O|  |TAMS 0x0000000080a00000, 0x0000000080900000| Untracked 
|  10|0x0000000080a00000, 0x0000000080b00000, 0x0000000080b00000|100%| O|  |TAMS 0x0000000080b00000, 0x0000000080a00000| Untracked 
|  11|0x0000000080b00000, 0x0000000080c00000, 0x0000000080c00000|100%| O|  |TAMS 0x0000000080c00000, 0x0000000080b00000| Untracked 
|  12|0x0000000080c00000, 0x0000000080d00000, 0x0000000080d00000|100%| O|  |TAMS 0x0000000080d00000, 0x0000000080c00000| Untracked 
|  13|0x0000000080d00000, 0x0000000080e00000, 0x0000000080e00000|100%| O|  |TAMS 0x0000000080e00000, 0x0000000080d00000| Untracked 
|  14|0x0000000080e00000, 0x0000000080f00000, 0x0000000080f00000|100%| O|  |TAMS 0x0000000080f00000, 0x0000000080e00000| Untracked 
|  15|0x0000000080f00000, 0x0000000081000000, 0x0000000081000000|100%| O|  |TAMS 0x0000000081000000, 0x0000000080f00000| Untracked 
|  16|0x0000000081000000, 0x0000000081100000, 0x0000000081100000|100%| O|  |TAMS 0x0000000081100000, 0x0000000081000000| Untracked 
|  17|0x0000000081100000, 0x0000000081200000, 0x0000000081200000|100%|HS|  |TAMS 0x0000000081200000, 0x0000000081100000| Complete 
|  18|0x0000000081200000, 0x0000000081300000, 0x0000000081300000|100%|HC|  |TAMS 0x0000000081300000, 0x0000000081200000| Complete 
|  19|0x0000000081300000, 0x0000000081400000, 0x0000000081400000|100%|HS|  |TAMS 0x0000000081400000, 0x0000000081300000| Complete 
|  20|0x0000000081400000, 0x0000000081500000, 0x0000000081500000|100%|HC|  |TAMS 0x0000000081500000, 0x0000000081400000| Complete 
|  21|0x0000000081500000, 0x0000000081600000, 0x0000000081600000|100%|HC|  |TAMS 0x0000000081600000, 0x0000000081500000| Complete 
|  22|0x0000000081600000, 0x0000000081700000, 0x0000000081700000|100%|HS|  |TAMS 0x0000000081700000, 0x0000000081600000| Complete 
|  23|0x0000000081700000, 0x0000000081800000, 0x0000000081800000|100%|HC|  |TAMS 0x0000000081800000, 0x0000000081700000| Complete 
|  24|0x0000000081800000, 0x0000000081900000, 0x0000000081900000|100%|HC|  |TAMS 0x0000000081900000, 0x0000000081800000| Complete 
|  25|0x0000000081900000, 0x0000000081a00000, 0x0000000081a00000|100%|HS|  |TAMS 0x0000000081a00000, 0x0000000081900000| Complete 
|  26|0x0000000081a00000, 0x0000000081b00000, 0x0000000081b00000|100%|HC|  |TAMS 0x0000000081b00000, 0x0000000081a00000| Complete 
|  27|0x0000000081b00000, 0x0000000081c00000, 0x0000000081c00000|100%|HS|  |TAMS 0x0000000081c00000, 0x0000000081b00000| Complete 
|  28|0x0000000081c00000, 0x0000000081d00000, 0x0000000081d00000|100%|HC|  |TAMS 0x0000000081d00000, 0x0000000081c00000| Complete 
|  29|0x0000000081d00000, 0x0000000081e00000, 0x0000000081e00000|100%|HC|  |TAMS 0x0000000081e00000, 0x0000000081d00000| Complete 
|  30|0x0000000081e00000, 0x0000000081f00000, 0x0000000081f00000|100%|HC|  |TAMS 0x0000000081f00000, 0x0000000081e00000| Complete 
|  31|0x0000000081f00000, 0x0000000082000000, 0x0000000082000000|100%|HC|  |TAMS 0x0000000082000000, 0x0000000081f00000| Complete 
|  32|0x0000000082000000, 0x0000000082100000, 0x0000000082100000|100%|HC|  |TAMS 0x0000000082100000, 0x0000000082000000| Complete 
|  33|0x0000000082100000, 0x0000000082200000, 0x0000000082200000|100%|HC|  |TAMS 0x0000000082200000, 0x0000000082100000| Complete 
|  34|0x0000000082200000, 0x0000000082300000, 0x0000000082300000|100%|HC|  |TAMS 0x0000000082300000, 0x0000000082200000| Complete 
|  35|0x0000000082300000, 0x0000000082400000, 0x0000000082400000|100%|HC|  |TAMS 0x0000000082400000, 0x0000000082300000| Complete 
|  36|0x0000000082400000, 0x0000000082500000, 0x0000000082500000|100%|HC|  |TAMS 0x0000000082500000, 0x0000000082400000| Complete 
|  37|0x0000000082500000, 0x0000000082600000, 0x0000000082600000|100%|HS|  |TAMS 0x0000000082600000, 0x0000000082500000| Complete 
|  38|0x0000000082600000, 0x0000000082700000, 0x0000000082700000|100%|HC|  |TAMS 0x0000000082700000, 0x0000000082600000| Complete 
|  39|0x0000000082700000, 0x0000000082800000, 0x0000000082800000|100%|HS|  |TAMS 0x0000000082800000, 0x0000000082700000| Complete 
|  40|0x0000000082800000, 0x0000000082900000, 0x0000000082900000|100%|HC|  |TAMS 0x0000000082900000, 0x0000000082800000| Complete 
|  41|0x0000000082900000, 0x0000000082a00000, 0x0000000082a00000|100%|HC|  |TAMS 0x0000000082a00000, 0x0000000082900000| Complete 
|  42|0x0000000082a00000, 0x0000000082b00000, 0x0000000082b00000|100%|HC|  |TAMS 0x0000000082b00000, 0x0000000082a00000| Complete 
|  43|0x0000000082b00000, 0x0000000082c00000, 0x0000000082c00000|100%|HC|  |TAMS 0x0000000082c00000, 0x0000000082b00000| Complete 
|  44|0x0000000082c00000, 0x0000000082d00000, 0x0000000082d00000|100%| O|  |TAMS 0x0000000082d00000, 0x0000000082c00000| Untracked 
|  45|0x0000000082d00000, 0x0000000082e00000, 0x0000000082e00000|100%| O|  |TAMS 0x0000000082e00000, 0x0000000082d00000| Untracked 
|  46|0x0000000082e00000, 0x0000000082f00000, 0x0000000082f00000|100%| O|  |TAMS 0x0000000082f00000, 0x0000000082e00000| Untracked 
|  47|0x0000000082f00000, 0x0000000083000000, 0x0000000083000000|100%| O|  |TAMS 0x0000000083000000, 0x0000000082f00000| Untracked 
|  48|0x0000000083000000, 0x0000000083100000, 0x0000000083100000|100%| O|  |TAMS 0x0000000083100000, 0x0000000083000000| Untracked 
|  49|0x0000000083100000, 0x0000000083200000, 0x0000000083200000|100%| O|  |TAMS 0x0000000083200000, 0x0000000083100000| Untracked 
|  50|0x0000000083200000, 0x0000000083300000, 0x0000000083300000|100%| O|  |TAMS 0x0000000083300000, 0x0000000083200000| Untracked 
|  51|0x0000000083300000, 0x0000000083400000, 0x0000000083400000|100%| O|  |TAMS 0x0000000083400000, 0x0000000083300000| Untracked 
|  52|0x0000000083400000, 0x0000000083500000, 0x0000000083500000|100%| O|  |TAMS 0x0000000083500000, 0x0000000083400000| Untracked 
|  53|0x0000000083500000, 0x0000000083600000, 0x0000000083600000|100%| O|  |TAMS 0x0000000083600000, 0x0000000083500000| Untracked 
|  54|0x0000000083600000, 0x0000000083700000, 0x0000000083700000|100%| O|  |TAMS 0x0000000083700000, 0x0000000083600000| Untracked 
|  55|0x0000000083700000, 0x0000000083800000, 0x0000000083800000|100%| O|  |TAMS 0x0000000083800000, 0x0000000083700000| Untracked 
|  56|0x0000000083800000, 0x0000000083900000, 0x0000000083900000|100%| O|  |TAMS 0x0000000083900000, 0x0000000083800000| Untracked 
|  57|0x0000000083900000, 0x0000000083a00000, 0x0000000083a00000|100%| O|  |TAMS 0x0000000083a00000, 0x0000000083900000| Untracked 
|  58|0x0000000083a00000, 0x0000000083b00000, 0x0000000083b00000|100%|HS|  |TAMS 0x0000000083b00000, 0x0000000083a00000| Complete 
|  59|0x0000000083b00000, 0x0000000083c00000, 0x0000000083c00000|100%|HC|  |TAMS 0x0000000083c00000, 0x0000000083b00000| Complete 
|  60|0x0000000083c00000, 0x0000000083d00000, 0x0000000083d00000|100%|HC|  |TAMS 0x0000000083d00000, 0x0000000083c00000| Complete 
|  61|0x0000000083d00000, 0x0000000083e00000, 0x0000000083e00000|100%|HS|  |TAMS 0x0000000083e00000, 0x0000000083d00000| Complete 
|  62|0x0000000083e00000, 0x0000000083f00000, 0x0000000083f00000|100%|HC|  |TAMS 0x0000000083f00000, 0x0000000083e00000| Complete 
|  63|0x0000000083f00000, 0x0000000084000000, 0x0000000084000000|100%|HC|  |TAMS 0x0000000084000000, 0x0000000083f00000| Complete 
|  64|0x0000000084000000, 0x0000000084100000, 0x0000000084100000|100%|HC|  |TAMS 0x0000000084100000, 0x0000000084000000| Complete 
|  65|0x0000000084100000, 0x0000000084200000, 0x0000000084200000|100%|HC|  |TAMS 0x0000000084200000, 0x0000000084100000| Complete 
|  66|0x0000000084200000, 0x0000000084300000, 0x0000000084300000|100%|HC|  |TAMS 0x0000000084300000, 0x0000000084200000| Complete 
|  67|0x0000000084300000, 0x0000000084400000, 0x0000000084400000|100%|HC|  |TAMS 0x0000000084400000, 0x0000000084300000| Complete 
|  68|0x0000000084400000, 0x0000000084500000, 0x0000000084500000|100%|HC|  |TAMS 0x0000000084500000, 0x0000000084400000| Complete 
|  69|0x0000000084500000, 0x0000000084600000, 0x0000000084600000|100%|HC|  |TAMS 0x0000000084600000, 0x0000000084500000| Complete 
|  70|0x0000000084600000, 0x0000000084700000, 0x0000000084700000|100%|HC|  |TAMS 0x0000000084700000, 0x0000000084600000| Complete 
|  71|0x0000000084700000, 0x0000000084800000, 0x0000000084800000|100%|HS|  |TAMS 0x0000000084800000, 0x0000000084700000| Complete 
|  72|0x0000000084800000, 0x0000000084900000, 0x0000000084900000|100%|HC|  |TAMS 0x0000000084900000, 0x0000000084800000| Complete 
|  73|0x0000000084900000, 0x0000000084a00000, 0x0000000084a00000|100%| O|  |TAMS 0x0000000084a00000, 0x0000000084900000| Untracked 
|  74|0x0000000084a00000, 0x0000000084b00000, 0x0000000084b00000|100%| O|  |TAMS 0x0000000084b00000, 0x0000000084a00000| Untracked 
|  75|0x0000000084b00000, 0x0000000084c00000, 0x0000000084c00000|100%|HS|  |TAMS 0x0000000084c00000, 0x0000000084b00000| Complete 
|  76|0x0000000084c00000, 0x0000000084d00000, 0x0000000084d00000|100%|HC|  |TAMS 0x0000000084d00000, 0x0000000084c00000| Complete 
|  77|0x0000000084d00000, 0x0000000084e00000, 0x0000000084e00000|100%|HS|  |TAMS 0x0000000084e00000, 0x0000000084d00000| Complete 
|  78|0x0000000084e00000, 0x0000000084f00000, 0x0000000084f00000|100%|HC|  |TAMS 0x0000000084f00000, 0x0000000084e00000| Complete 
|  79|0x0000000084f00000, 0x0000000085000000, 0x0000000085000000|100%|HC|  |TAMS 0x0000000085000000, 0x0000000084f00000| Complete 
|  80|0x0000000085000000, 0x0000000085100000, 0x0000000085100000|100%| O|  |TAMS 0x0000000085100000, 0x0000000085000000| Untracked 
|  81|0x0000000085100000, 0x0000000085200000, 0x0000000085200000|100%| O|  |TAMS 0x0000000085200000, 0x0000000085100000| Untracked 
|  82|0x0000000085200000, 0x0000000085300000, 0x0000000085300000|100%| O|  |TAMS 0x0000000085300000, 0x0000000085200000| Untracked 
|  83|0x0000000085300000, 0x0000000085400000, 0x0000000085400000|100%| O|  |TAMS 0x0000000085300000, 0x0000000085300000| Untracked 
|  84|0x0000000085400000, 0x0000000085500000, 0x0000000085500000|100%| O|  |TAMS 0x0000000085500000, 0x0000000085400000| Untracked 
|  85|0x0000000085500000, 0x0000000085600000, 0x0000000085600000|100%| O|  |TAMS 0x0000000085569e00, 0x0000000085500000| Untracked 
|  86|0x0000000085600000, 0x0000000085700000, 0x0000000085700000|100%|HS|  |TAMS 0x0000000085600000, 0x0000000085600000| Complete 
|  87|0x0000000085700000, 0x0000000085800000, 0x0000000085800000|100%|HC|  |TAMS 0x0000000085700000, 0x0000000085700000| Complete 
|  88|0x0000000085800000, 0x0000000085900000, 0x0000000085900000|100%|HC|  |TAMS 0x0000000085800000, 0x0000000085800000| Complete 
|  89|0x0000000085900000, 0x0000000085a00000, 0x0000000085a00000|100%|HC|  |TAMS 0x0000000085900000, 0x0000000085900000| Complete 
|  90|0x0000000085a00000, 0x0000000085b00000, 0x0000000085b00000|100%|HC|  |TAMS 0x0000000085a00000, 0x0000000085a00000| Complete 
|  91|0x0000000085b00000, 0x0000000085b2b800, 0x0000000085c00000| 16%| O|  |TAMS 0x0000000085b00000, 0x0000000085b00000| Untracked 
|  92|0x0000000085c00000, 0x0000000085c00000, 0x0000000085d00000|  0%| F|  |TAMS 0x0000000085c00000, 0x0000000085c00000| Untracked 
|  93|0x0000000085d00000, 0x0000000085d00000, 0x0000000085e00000|  0%| F|  |TAMS 0x0000000085d00000, 0x0000000085d00000| Untracked 
|  94|0x0000000085e00000, 0x0000000085e00000, 0x0000000085f00000|  0%| F|  |TAMS 0x0000000085e00000, 0x0000000085e00000| Untracked 
|  95|0x0000000085f00000, 0x0000000085f00000, 0x0000000086000000|  0%| F|  |TAMS 0x0000000085f00000, 0x0000000085f00000| Untracked 
|  96|0x0000000086000000, 0x0000000086000000, 0x0000000086100000|  0%| F|  |TAMS 0x0000000086000000, 0x0000000086000000| Untracked 
|  97|0x0000000086100000, 0x0000000086100000, 0x0000000086200000|  0%| F|  |TAMS 0x0000000086100000, 0x0000000086100000| Untracked 
|  98|0x0000000086200000, 0x0000000086200000, 0x0000000086300000|  0%| F|  |TAMS 0x0000000086200000, 0x0000000086200000| Untracked 
|  99|0x0000000086300000, 0x0000000086300000, 0x0000000086400000|  0%| F|  |TAMS 0x0000000086300000, 0x0000000086300000| Untracked 
| 100|0x0000000086400000, 0x0000000086400000, 0x0000000086500000|  0%| F|  |TAMS 0x0000000086400000, 0x0000000086400000| Untracked 
| 101|0x0000000086500000, 0x0000000086500000, 0x0000000086600000|  0%| F|  |TAMS 0x0000000086500000, 0x0000000086500000| Untracked 
| 102|0x0000000086600000, 0x0000000086600000, 0x0000000086700000|  0%| F|  |TAMS 0x0000000086600000, 0x0000000086600000| Untracked 
| 103|0x0000000086700000, 0x0000000086700000, 0x0000000086800000|  0%| F|  |TAMS 0x0000000086700000, 0x0000000086700000| Untracked 
| 104|0x0000000086800000, 0x0000000086800000, 0x0000000086900000|  0%| F|  |TAMS 0x0000000086800000, 0x0000000086800000| Untracked 
| 105|0x0000000086900000, 0x0000000086900000, 0x0000000086a00000|  0%| F|  |TAMS 0x0000000086900000, 0x0000000086900000| Untracked 
| 106|0x0000000086a00000, 0x0000000086a00000, 0x0000000086b00000|  0%| F|  |TAMS 0x0000000086a00000, 0x0000000086a00000| Untracked 
| 107|0x0000000086b00000, 0x0000000086b00000, 0x0000000086c00000|  0%| F|  |TAMS 0x0000000086b00000, 0x0000000086b00000| Untracked 
| 108|0x0000000086c00000, 0x0000000086c00000, 0x0000000086d00000|  0%| F|  |TAMS 0x0000000086c00000, 0x0000000086c00000| Untracked 
| 109|0x0000000086d00000, 0x0000000086d00000, 0x0000000086e00000|  0%| F|  |TAMS 0x0000000086d00000, 0x0000000086d00000| Untracked 
| 110|0x0000000086e00000, 0x0000000086e00000, 0x0000000086f00000|  0%| F|  |TAMS 0x0000000086e00000, 0x0000000086e00000| Untracked 
| 111|0x0000000086f00000, 0x0000000086f00000, 0x0000000087000000|  0%| F|  |TAMS 0x0000000086f00000, 0x0000000086f00000| Untracked 
| 112|0x0000000087000000, 0x0000000087000000, 0x0000000087100000|  0%| F|  |TAMS 0x0000000087000000, 0x0000000087000000| Untracked 
| 113|0x0000000087100000, 0x0000000087200000, 0x0000000087200000|100%| S|CS|TAMS 0x0000000087100000, 0x0000000087100000| Complete 
| 114|0x0000000087200000, 0x0000000087300000, 0x0000000087300000|100%| S|CS|TAMS 0x0000000087200000, 0x0000000087200000| Complete 
| 115|0x0000000087300000, 0x0000000087300000, 0x0000000087400000|  0%| F|  |TAMS 0x0000000087300000, 0x0000000087300000| Untracked 
| 116|0x0000000087400000, 0x0000000087500000, 0x0000000087500000|100%| S|CS|TAMS 0x0000000087400000, 0x0000000087400000| Complete 
| 117|0x0000000087500000, 0x0000000087500000, 0x0000000087600000|  0%| F|  |TAMS 0x0000000087500000, 0x0000000087500000| Untracked 
| 118|0x0000000087600000, 0x0000000087600000, 0x0000000087700000|  0%| F|  |TAMS 0x0000000087600000, 0x0000000087600000| Untracked 
| 119|0x0000000087700000, 0x0000000087700000, 0x0000000087800000|  0%| F|  |TAMS 0x0000000087700000, 0x0000000087700000| Untracked 
| 120|0x0000000087800000, 0x0000000087800000, 0x0000000087900000|  0%| F|  |TAMS 0x0000000087800000, 0x0000000087800000| Untracked 
| 121|0x0000000087900000, 0x0000000087900000, 0x0000000087a00000|  0%| F|  |TAMS 0x0000000087900000, 0x0000000087900000| Untracked 
| 122|0x0000000087a00000, 0x0000000087a00000, 0x0000000087b00000|  0%| F|  |TAMS 0x0000000087a00000, 0x0000000087a00000| Untracked 
| 123|0x0000000087b00000, 0x0000000087b00000, 0x0000000087c00000|  0%| F|  |TAMS 0x0000000087b00000, 0x0000000087b00000| Untracked 
| 124|0x0000000087c00000, 0x0000000087c00000, 0x0000000087d00000|  0%| F|  |TAMS 0x0000000087c00000, 0x0000000087c00000| Untracked 
| 125|0x0000000087d00000, 0x0000000087d00000, 0x0000000087e00000|  0%| F|  |TAMS 0x0000000087d00000, 0x0000000087d00000| Untracked 
| 126|0x0000000087e00000, 0x0000000087e00000, 0x0000000087f00000|  0%| F|  |TAMS 0x0000000087e00000, 0x0000000087e00000| Untracked 
| 127|0x0000000087f00000, 0x0000000087f00000, 0x0000000088000000|  0%| F|  |TAMS 0x0000000087f00000, 0x0000000087f00000| Untracked 
| 128|0x0000000088000000, 0x0000000088000000, 0x0000000088100000|  0%| F|  |TAMS 0x0000000088000000, 0x0000000088000000| Untracked 
| 129|0x0000000088100000, 0x0000000088100000, 0x0000000088200000|  0%| F|  |TAMS 0x0000000088100000, 0x0000000088100000| Untracked 
| 130|0x0000000088200000, 0x0000000088200000, 0x0000000088300000|  0%| F|  |TAMS 0x0000000088200000, 0x0000000088200000| Untracked 
| 131|0x0000000088300000, 0x0000000088300000, 0x0000000088400000|  0%| F|  |TAMS 0x0000000088300000, 0x0000000088300000| Untracked 
| 132|0x0000000088400000, 0x0000000088400000, 0x0000000088500000|  0%| F|  |TAMS 0x0000000088400000, 0x0000000088400000| Untracked 
| 133|0x0000000088500000, 0x0000000088500000, 0x0000000088600000|  0%| F|  |TAMS 0x0000000088500000, 0x0000000088500000| Untracked 
| 134|0x0000000088600000, 0x0000000088600000, 0x0000000088700000|  0%| F|  |TAMS 0x0000000088600000, 0x0000000088600000| Untracked 
| 135|0x0000000088700000, 0x0000000088700000, 0x0000000088800000|  0%| F|  |TAMS 0x0000000088700000, 0x0000000088700000| Untracked 
| 136|0x0000000088800000, 0x0000000088800000, 0x0000000088900000|  0%| F|  |TAMS 0x0000000088800000, 0x0000000088800000| Untracked 
| 137|0x0000000088900000, 0x0000000088900000, 0x0000000088a00000|  0%| F|  |TAMS 0x0000000088900000, 0x0000000088900000| Untracked 
| 138|0x0000000088a00000, 0x0000000088a00000, 0x0000000088b00000|  0%| F|  |TAMS 0x0000000088a00000, 0x0000000088a00000| Untracked 
| 139|0x0000000088b00000, 0x0000000088b00000, 0x0000000088c00000|  0%| F|  |TAMS 0x0000000088b00000, 0x0000000088b00000| Untracked 

Card table byte_map: [0x00000291ed060000,0x00000291ed460000] _byte_map_base: 0x00000291ecc60000

Marking Bits (Prev, Next): (CMBitMap*) 0x00000291d9e483a0, (CMBitMap*) 0x00000291d9e48368
 Prev Bits: [0x00000291ef860000, 0x00000291f1860000)
 Next Bits: [0x00000291ed860000, 0x00000291ef860000)

Polling page: 0x00000291d7d40000

Metaspace:

Usage:
  Non-class:     43.35 MB capacity,    42.49 MB ( 98%) used,   747.24 KB (  2%) free+waste,   135.31 KB ( <1%) overhead. 
      Class:      6.81 MB capacity,     6.27 MB ( 92%) used,   487.03 KB (  7%) free+waste,    66.31 KB ( <1%) overhead. 
       Both:     50.16 MB capacity,    48.76 MB ( 97%) used,     1.21 MB (  2%) free+waste,   201.62 KB ( <1%) overhead. 

Virtual space:
  Non-class space:       44.00 MB reserved,      43.42 MB ( 99%) committed 
      Class space:        1.00 GB reserved,       6.88 MB ( <1%) committed 
             Both:        1.04 GB reserved,      50.30 MB (  5%) committed 

Chunk freelists:
   Non-Class:  7.00 KB
       Class:  5.00 KB
        Both:  12.00 KB

MaxMetaspaceSize: 17179869184.00 GB
CompressedClassSpaceSize: 1.00 GB
Initial GC threshold: 20.80 MB
Current GC threshold: 81.33 MB
CDS: off

CodeHeap 'non-profiled nmethods': size=120000Kb used=2863Kb max_used=2863Kb free=117136Kb
 bounds [0x00000291e5400000, 0x00000291e56d0000, 0x00000291ec930000]
CodeHeap 'profiled nmethods': size=120000Kb used=9741Kb max_used=9741Kb free=110258Kb
 bounds [0x00000291dded0000, 0x00000291de860000, 0x00000291e5400000]
CodeHeap 'non-nmethods': size=5760Kb used=2298Kb max_used=2406Kb free=3461Kb
 bounds [0x00000291dd930000, 0x00000291ddba0000, 0x00000291dded0000]
 total_blobs=5323 nmethods=4526 adapters=709
 compilation: enabled
              stopped_count=0, restarted_count=0
 full_count=0

Compilation events (20 events):
Event: 6.292 Thread 0x00000291f42cf800 nmethod 4527 0x00000291de84ed10 code [0x00000291de84ef20, 0x00000291de84f4d8]
Event: 6.292 Thread 0x00000291f42cf800 4530       3       java.lang.invoke.BoundMethodHandle::rebind (14 bytes)
Event: 6.293 Thread 0x00000291f7e4c800 nmethod 4495 0x00000291e56cb810 code [0x00000291e56cb9a0, 0x00000291e56cba18]
Event: 6.293 Thread 0x00000291f7e4c800 4519       4       org.objectweb.asm.MethodWriter::visitEnd (1 bytes)
Event: 6.293 Thread 0x00000291f42cf800 nmethod 4530 0x00000291de84f690 code [0x00000291de84f8e0, 0x00000291de850228]
Event: 6.293 Thread 0x00000291f7e4c800 nmethod 4519 0x00000291e56cbb10 code [0x00000291e56cbca0, 0x00000291e56cbcf8]
Event: 6.293 Thread 0x00000291f42cf800 4531       3       java.lang.invoke.BoundMethodHandle::tooComplex (27 bytes)
Event: 6.293 Thread 0x00000291f7e4c800 4503       4       java.lang.String::compareToIgnoreCase (11 bytes)
Event: 6.294 Thread 0x00000291f42cf800 nmethod 4531 0x00000291de850590 code [0x00000291de850780, 0x00000291de850bd8]
Event: 6.294 Thread 0x00000291f42cf800 4533   !   3       com.google.common.cache.LocalCache::processPendingNotifications (47 bytes)
Event: 6.294 Thread 0x00000291f42cf800 nmethod 4533 0x00000291de850d90 code [0x00000291de850fe0, 0x00000291de8518e8]
Event: 6.294 Thread 0x00000291f42cf800 4532       3       java.lang.invoke.BoundMethodHandle::fieldCount (8 bytes)
Event: 6.295 Thread 0x00000291f42cf800 nmethod 4532 0x00000291de851c90 code [0x00000291de851e60, 0x00000291de852138]
Event: 6.295 Thread 0x00000291f42cf800 4529       3       org.gradle.internal.instantiation.generator.AsmBackedClassGenerator::getDisplayNameForNext (21 bytes)
Event: 6.295 Thread 0x00000291f42cf800 nmethod 4529 0x00000291de852290 code [0x00000291de852460, 0x00000291de852728]
Event: 6.297 Thread 0x00000291f42cf800 4534       3       java.lang.invoke.BoundMethodHandle::bindArgumentL (11 bytes)
Event: 6.297 Thread 0x00000291f42cf800 nmethod 4534 0x00000291de852810 code [0x00000291de852a00, 0x00000291de852ed8]
Event: 6.297 Thread 0x00000291f42cf800 4535       3       java.lang.invoke.LambdaFormEditor::bindArgumentL (59 bytes)
Event: 6.298 Thread 0x00000291f42cf800 nmethod 4535 0x00000291de853110 code [0x00000291de8532e0, 0x00000291de853568]
Event: 6.298 Thread 0x00000291f42cf800 4537       3       org.gradle.internal.instantiation.generator.ParamsMatchingConstructorSelector::forParams (481 bytes)

GC Heap History (20 events):
Event: 3.957 GC heap after
{Heap after GC invocations=9 (full 0):
 garbage-first heap   total 118784K, used 54792K [0x0000000080000000, 0x0000000100000000)
  region size 1024K, 2 young (2048K), 2 survivors (2048K)
 Metaspace       used 34566K, capacity 35651K, committed 35888K, reserved 1081344K
  class space    used 4646K, capacity 4991K, committed 4992K, reserved 1048576K
}
Event: 4.434 GC heap before
{Heap before GC invocations=10 (full 0):
 garbage-first heap   total 118784K, used 90632K [0x0000000080000000, 0x0000000100000000)
  region size 1024K, 37 young (37888K), 2 survivors (2048K)
 Metaspace       used 39781K, capacity 40919K, committed 41136K, reserved 1085440K
  class space    used 5142K, capacity 5552K, committed 5632K, reserved 1048576K
}
Event: 4.441 GC heap after
{Heap after GC invocations=11 (full 0):
 garbage-first heap   total 118784K, used 59315K [0x0000000080000000, 0x0000000100000000)
  region size 1024K, 5 young (5120K), 5 survivors (5120K)
 Metaspace       used 39781K, capacity 40919K, committed 41136K, reserved 1085440K
  class space    used 5142K, capacity 5552K, committed 5632K, reserved 1048576K
}
Event: 4.532 GC heap before
{Heap before GC invocations=11 (full 0):
 garbage-first heap   total 118784K, used 68531K [0x0000000080000000, 0x0000000100000000)
  region size 1024K, 15 young (15360K), 5 survivors (5120K)
 Metaspace       used 40248K, capacity 41444K, committed 41648K, reserved 1085440K
  class space    used 5186K, capacity 5619K, committed 5632K, reserved 1048576K
}
Event: 4.539 GC heap after
{Heap after GC invocations=12 (full 0):
 garbage-first heap   total 118784K, used 61386K [0x0000000080000000, 0x0000000100000000)
  region size 1024K, 2 young (2048K), 2 survivors (2048K)
 Metaspace       used 40248K, capacity 41444K, committed 41648K, reserved 1085440K
  class space    used 5186K, capacity 5619K, committed 5632K, reserved 1048576K
}
Event: 4.901 GC heap before
{Heap before GC invocations=13 (full 0):
 garbage-first heap   total 118784K, used 89034K [0x0000000080000000, 0x0000000100000000)
  region size 1024K, 26 young (26624K), 2 survivors (2048K)
 Metaspace       used 43188K, capacity 44363K, committed 44592K, reserved 1087488K
  class space    used 5516K, capacity 5929K, committed 6016K, reserved 1048576K
}
Event: 4.904 GC heap after
{Heap after GC invocations=14 (full 0):
 garbage-first heap   total 118784K, used 61516K [0x0000000080000000, 0x0000000100000000)
  region size 1024K, 3 young (3072K), 3 survivors (3072K)
 Metaspace       used 43188K, capacity 44363K, committed 44592K, reserved 1087488K
  class space    used 5516K, capacity 5929K, committed 6016K, reserved 1048576K
}
Event: 5.197 GC heap before
{Heap before GC invocations=14 (full 0):
 garbage-first heap   total 118784K, used 79948K [0x0000000080000000, 0x0000000100000000)
  region size 1024K, 22 young (22528K), 3 survivors (3072K)
 Metaspace       used 44538K, capacity 45747K, committed 45872K, reserved 1089536K
  class space    used 5704K, capacity 6150K, committed 6272K, reserved 1048576K
}
Event: 5.202 GC heap after
{Heap after GC invocations=15 (full 0):
 garbage-first heap   total 118784K, used 62556K [0x0000000080000000, 0x0000000100000000)
  region size 1024K, 4 young (4096K), 4 survivors (4096K)
 Metaspace       used 44538K, capacity 45747K, committed 45872K, reserved 1089536K
  class space    used 5704K, capacity 6150K, committed 6272K, reserved 1048576K
}
Event: 5.255 GC heap before
{Heap before GC invocations=16 (full 0):
 garbage-first heap   total 118784K, used 77916K [0x0000000080000000, 0x0000000100000000)
  region size 1024K, 6 young (6144K), 4 survivors (4096K)
 Metaspace       used 44538K, capacity 45747K, committed 45872K, reserved 1089536K
  class space    used 5704K, capacity 6150K, committed 6272K, reserved 1048576K
}
Event: 5.260 GC heap after
{Heap after GC invocations=17 (full 0):
 garbage-first heap   total 118784K, used 79391K [0x0000000080000000, 0x0000000100000000)
  region size 1024K, 3 young (3072K), 3 survivors (3072K)
 Metaspace       used 44538K, capacity 45747K, committed 45872K, reserved 1089536K
  class space    used 5704K, capacity 6150K, committed 6272K, reserved 1048576K
}
Event: 5.522 GC heap before
{Heap before GC invocations=18 (full 0):
 garbage-first heap   total 118784K, used 102943K [0x0000000080000000, 0x0000000100000000)
  region size 1024K, 21 young (21504K), 3 survivors (3072K)
 Metaspace       used 45481K, capacity 46757K, committed 47024K, reserved 1089536K
  class space    used 5826K, capacity 6313K, committed 6400K, reserved 1048576K
}
Event: 5.526 GC heap after
{Heap after GC invocations=19 (full 0):
 garbage-first heap   total 143360K, used 86249K [0x0000000080000000, 0x0000000100000000)
  region size 1024K, 3 young (3072K), 3 survivors (3072K)
 Metaspace       used 45481K, capacity 46757K, committed 47024K, reserved 1089536K
  class space    used 5826K, capacity 6313K, committed 6400K, reserved 1048576K
}
Event: 5.581 GC heap before
{Heap before GC invocations=19 (full 0):
 garbage-first heap   total 143360K, used 90345K [0x0000000080000000, 0x0000000100000000)
  region size 1024K, 8 young (8192K), 3 survivors (3072K)
 Metaspace       used 45795K, capacity 47109K, committed 47280K, reserved 1089536K
  class space    used 5854K, capacity 6345K, committed 6400K, reserved 1048576K
}
Event: 5.585 GC heap after
{Heap after GC invocations=20 (full 0):
 garbage-first heap   total 143360K, used 87003K [0x0000000080000000, 0x0000000100000000)
  region size 1024K, 3 young (3072K), 3 survivors (3072K)
 Metaspace       used 45795K, capacity 47109K, committed 47280K, reserved 1089536K
  class space    used 5854K, capacity 6345K, committed 6400K, reserved 1048576K
}
Event: 5.801 GC heap before
{Heap before GC invocations=21 (full 0):
 garbage-first heap   total 143360K, used 107483K [0x0000000080000000, 0x0000000100000000)
  region size 1024K, 22 young (22528K), 3 survivors (3072K)
 Metaspace       used 47070K, capacity 48344K, committed 48560K, reserved 1091584K
  class space    used 5937K, capacity 6392K, committed 6400K, reserved 1048576K
}
Event: 5.806 GC heap after
{Heap after GC invocations=22 (full 0):
 garbage-first heap   total 143360K, used 88020K [0x0000000080000000, 0x0000000100000000)
  region size 1024K, 2 young (2048K), 2 survivors (2048K)
 Metaspace       used 47070K, capacity 48344K, committed 48560K, reserved 1091584K
  class space    used 5937K, capacity 6392K, committed 6400K, reserved 1048576K
}
Event: 6.043 GC heap before
{Heap before GC invocations=22 (full 0):
 garbage-first heap   total 143360K, used 108500K [0x0000000080000000, 0x0000000100000000)
  region size 1024K, 22 young (22528K), 2 survivors (2048K)
 Metaspace       used 48400K, capacity 49751K, committed 49968K, reserved 1093632K
  class space    used 6153K, capacity 6687K, committed 6784K, reserved 1048576K
}
Event: 6.048 GC heap after
{Heap after GC invocations=23 (full 0):
 garbage-first heap   total 143360K, used 89230K [0x0000000080000000, 0x0000000100000000)
  region size 1024K, 3 young (3072K), 3 survivors (3072K)
 Metaspace       used 48400K, capacity 49751K, committed 49968K, reserved 1093632K
  class space    used 6153K, capacity 6687K, committed 6784K, reserved 1048576K
}
Event: 6.299 GC heap before
{Heap before GC invocations=24 (full 0):
 garbage-first heap   total 143360K, used 114830K [0x0000000080000000, 0x0000000100000000)
  region size 1024K, 24 young (24576K), 3 survivors (3072K)
 Metaspace       used 49928K, capacity 51364K, committed 51504K, reserved 1093632K
  class space    used 6417K, capacity 6971K, committed 7040K, reserved 1048576K
}

Deoptimization events (20 events):
Event: 6.248 Thread 0x00000291f709e800 Uncommon trap: trap_request=0xffffff4d fr.pc=0x00000291e54f6a84 relative=0x00000000000001c4
Event: 6.248 Thread 0x00000291f709e800 Uncommon trap: reason=unstable_if action=reinterpret pc=0x00000291e54f6a84 method=java.util.HashMap.getNode(ILjava/lang/Object;)Ljava/util/HashMap$Node; @ 53 c2
Event: 6.248 Thread 0x00000291f709e800 DEOPT PACKING pc=0x00000291e54f6a84 sp=0x000000fbca0f7a40
Event: 6.248 Thread 0x00000291f709e800 DEOPT UNPACKING pc=0x00000291dd97a1af sp=0x000000fbca0f79c8 mode 2
Event: 6.248 Thread 0x00000291f709e800 Uncommon trap: trap_request=0xffffff4d fr.pc=0x00000291e542ae94 relative=0x00000000000000d4
Event: 6.248 Thread 0x00000291f709e800 Uncommon trap: reason=unstable_if action=reinterpret pc=0x00000291e542ae94 method=java.util.HashMap.hash(Ljava/lang/Object;)I @ 1 c2
Event: 6.248 Thread 0x00000291f709e800 DEOPT PACKING pc=0x00000291e542ae94 sp=0x000000fbca0f7ac0
Event: 6.248 Thread 0x00000291f709e800 DEOPT UNPACKING pc=0x00000291dd97a1af sp=0x000000fbca0f7a00 mode 2
Event: 6.248 Thread 0x00000291f709e800 Uncommon trap: trap_request=0xffffff4d fr.pc=0x00000291e569f9d0 relative=0x00000000000006d0
Event: 6.248 Thread 0x00000291f709e800 Uncommon trap: reason=unstable_if action=reinterpret pc=0x00000291e569f9d0 method=java.util.HashMap.putVal(ILjava/lang/Object;Ljava/lang/Object;ZZ)Ljava/lang/Object; @ 85 c2
Event: 6.248 Thread 0x00000291f709e800 DEOPT PACKING pc=0x00000291e569f9d0 sp=0x000000fbca0f79f0
Event: 6.248 Thread 0x00000291f709e800 DEOPT UNPACKING pc=0x00000291dd97a1af sp=0x000000fbca0f79a8 mode 2
Event: 6.251 Thread 0x00000291f709e800 Uncommon trap: trap_request=0xffffff4d fr.pc=0x00000291e5580570 relative=0x0000000000000310
Event: 6.251 Thread 0x00000291f709e800 Uncommon trap: reason=unstable_if action=reinterpret pc=0x00000291e5580570 method=org.gradle.internal.reflect.PropertyAccessorType.isGetGetterName(Ljava/lang/String;)Z @ 14 c2
Event: 6.251 Thread 0x00000291f709e800 DEOPT PACKING pc=0x00000291e5580570 sp=0x000000fbca0f85e0
Event: 6.251 Thread 0x00000291f709e800 DEOPT UNPACKING pc=0x00000291dd97a1af sp=0x000000fbca0f8538 mode 2
Event: 6.297 Thread 0x00000291f709e800 Uncommon trap: trap_request=0xffffff4d fr.pc=0x00000291e56254ac relative=0x0000000000001aac
Event: 6.297 Thread 0x00000291f709e800 Uncommon trap: reason=unstable_if action=reinterpret pc=0x00000291e56254ac method=java.util.concurrent.ConcurrentHashMap.computeIfAbsent(Ljava/lang/Object;Ljava/util/function/Function;)Ljava/lang/Object; @ 123 c2
Event: 6.297 Thread 0x00000291f709e800 DEOPT PACKING pc=0x00000291e56254ac sp=0x000000fbca0f94a0
Event: 6.297 Thread 0x00000291f709e800 DEOPT UNPACKING pc=0x00000291dd97a1af sp=0x000000fbca0f9430 mode 2

Classes redefined (0 events):
No events

Internal exceptions (20 events):
Event: 5.877 Thread 0x00000291f709e800 Exception <a 'java/lang/ClassNotFoundException'{0x00000000885f5118}: org/gradle/api/internal/provider/AbstractPropertyCustomizer> (0x00000000885f5118) thrown at [src/hotspot/share/classfile/systemDictionary.cpp, line 230]
Event: 5.879 Thread 0x00000291f709e800 Exception <a 'java/lang/ClassNotFoundException'{0x000000008842ac18}: org/gradle/api/internal/provider/DefaultPropertyCustomizer> (0x000000008842ac18) thrown at [src/hotspot/share/classfile/systemDictionary.cpp, line 230]
Event: 5.886 Thread 0x00000291f709e800 Exception <a 'java/lang/ClassNotFoundException'{0x00000000884a1c30}: org/gradle/initialization/DefaultProjectDescriptorBeanInfo> (0x00000000884a1c30) thrown at [src/hotspot/share/classfile/systemDictionary.cpp, line 230]
Event: 5.887 Thread 0x00000291f709e800 Exception <a 'java/lang/ClassNotFoundException'{0x00000000884cab48}: org/gradle/initialization/DefaultProjectDescriptorCustomizer> (0x00000000884cab48) thrown at [src/hotspot/share/classfile/systemDictionary.cpp, line 230]
Event: 5.948 Thread 0x00000291f709e800 Exception <a 'java/lang/ClassNotFoundException'{0x00000000880c3798}: org/jetbrains/plugins/gradle/model/web/WebConfigurationBeanInfo> (0x00000000880c3798) thrown at [src/hotspot/share/classfile/systemDictionary.cpp, line 230]
Event: 5.949 Thread 0x00000291f709e800 Exception <a 'java/lang/ClassNotFoundException'{0x00000000880d3ac0}: org/jetbrains/plugins/gradle/model/web/WebConfigurationCustomizer> (0x00000000880d3ac0) thrown at [src/hotspot/share/classfile/systemDictionary.cpp, line 230]
Event: 5.951 Thread 0x00000291f709e800 Exception <a 'java/lang/ClassNotFoundException'{0x0000000087f054c8}: org/jetbrains/plugins/gradle/model/scala/ScalaModelBeanInfo> (0x0000000087f054c8) thrown at [src/hotspot/share/classfile/systemDictionary.cpp, line 230]
Event: 5.951 Thread 0x00000291f709e800 Exception <a 'java/lang/ClassNotFoundException'{0x0000000087f15440}: org/jetbrains/plugins/gradle/model/scala/ScalaModelCustomizer> (0x0000000087f15440) thrown at [src/hotspot/share/classfile/systemDictionary.cpp, line 230]
Event: 6.101 Thread 0x00000291f709e800 Exception <a 'java/lang/ClassNotFoundException'{0x000000008884e3f8}: org/gradle/api/internal/project/DefaultProject_DecoratedBeanInfo> (0x000000008884e3f8) thrown at [src/hotspot/share/classfile/systemDictionary.cpp, line 230]
Event: 6.102 Thread 0x00000291f709e800 Exception <a 'java/lang/ClassNotFoundException'{0x0000000088868530}: org/gradle/api/internal/project/DefaultProjectBeanInfo> (0x0000000088868530) thrown at [src/hotspot/share/classfile/systemDictionary.cpp, line 230]
Event: 6.102 Thread 0x00000291f709e800 Exception <a 'java/lang/ClassNotFoundException'{0x0000000088882900}: org/gradle/api/internal/project/DefaultProjectCustomizer> (0x0000000088882900) thrown at [src/hotspot/share/classfile/systemDictionary.cpp, line 230]
Event: 6.105 Thread 0x00000291f709e800 Exception <a 'java/lang/ClassNotFoundException'{0x00000000887316f0}: org/gradle/api/internal/project/DefaultProject_DecoratedCustomizer> (0x00000000887316f0) thrown at [src/hotspot/share/classfile/systemDictionary.cpp, line 230]
Event: 6.182 Thread 0x00000291f709e800 Exception <a 'java/lang/NoSuchMethodError'{0x0000000088097428}: 'java.lang.Object java.lang.invoke.DelegatingMethodHandle$Holder.reinvoke_L(java.lang.Object, java.lang.Object, java.lang.Object, java.lang.Object, java.lang.Object, java.lang.Object, java.lang.Object, java.lang.Object, java.lang.Object, java.lang.Object, java.lang.Object, java.lang.Object, java.lang.Object, java.lang.Object, java.lang.Object, java.lang.Object, java.lang.Object, java.lang.Object, java.lang.Object, java.lang.Object, java.lang.O
Event: 6.182 Thread 0x00000291f709e800 Exception <a 'java/lang/NoSuchMethodError'{0x00000000880a3880}: 'java.lang.Object java.lang.invoke.Invokers$Holder.invoker(java.lang.Object, java.lang.Object, java.lang.Object, java.lang.Object, java.lang.Object, java.lang.Object, java.lang.Object, java.lang.Object, java.lang.Object, java.lang.Object, java.lang.Object, java.lang.Object, java.lang.Object, java.lang.Object, java.lang.Object, java.lang.Object, java.lang.Object, java.lang.Object, java.lang.Object, java.lang.Object, java.lang.Object)'> (0x00000
Event: 6.182 Thread 0x00000291f709e800 Exception <a 'java/lang/NoSuchMethodError'{0x00000000880ab3e8}: 'java.lang.Object java.lang.invoke.DelegatingMethodHandle$Holder.delegate(java.lang.Object, java.lang.Object, java.lang.Object, java.lang.Object, java.lang.Object, java.lang.Object, java.lang.Object, java.lang.Object, java.lang.Object, java.lang.Object, java.lang.Object, java.lang.Object, java.lang.Object, java.lang.Object, java.lang.Object, java.lang.Object, java.lang.Object, java.lang.Object, java.lang.Object, java.lang.Object, java.lang.Obj
Event: 6.186 Thread 0x00000291f709e800 Exception <a 'java/lang/NoSuchMethodError'{0x0000000087f047c8}: 'java.lang.Object java.lang.invoke.DirectMethodHandle$Holder.invokeStatic(java.lang.Object, java.lang.Object, java.lang.Object, java.lang.Object, java.lang.Object, java.lang.Object, java.lang.Object, java.lang.Object, java.lang.Object, java.lang.Object, java.lang.Object, java.lang.Object, java.lang.Object, java.lang.Object, java.lang.Object)'> (0x0000000087f047c8) thrown at [src/hotspot/share/interpreter/linkResolver.cpp, line 773]
Event: 6.187 Thread 0x00000291f709e800 Exception <a 'java/lang/NoSuchMethodError'{0x0000000087f158a0}: 'java.lang.Object java.lang.invoke.DirectMethodHandle$Holder.invokeStatic(java.lang.Object, java.lang.Object, java.lang.Object, java.lang.Object, java.lang.Object, java.lang.Object, java.lang.Object, java.lang.Object, java.lang.Object, java.lang.Object, java.lang.Object, java.lang.Object, java.lang.Object, java.lang.Object, java.lang.Object, java.lang.Object)'> (0x0000000087f158a0) thrown at [src/hotspot/share/interpreter/linkResolver.cpp, lin
Event: 6.188 Thread 0x00000291f709e800 Exception <a 'java/lang/NoSuchMethodError'{0x0000000087f26888}: 'java.lang.Object java.lang.invoke.DelegatingMethodHandle$Holder.reinvoke_L(java.lang.Object, java.lang.Object, java.lang.Object, java.lang.Object, java.lang.Object, java.lang.Object, java.lang.Object, java.lang.Object, java.lang.Object, java.lang.Object, java.lang.Object, java.lang.Object, java.lang.Object, java.lang.Object, java.lang.Object, java.lang.Object, java.lang.Object, java.lang.Object, java.lang.Object, java.lang.Object)'> (0x000000
Event: 6.248 Thread 0x00000291f709e800 Implicit null exception at 0x00000291e54f8ff4 to 0x00000291e54f9204
Event: 6.248 Thread 0x00000291f709e800 Implicit null exception at 0x00000291e542adf8 to 0x00000291e542ae8a

Events (20 events):
Event: 6.292 loading class org/gradle/api/tasks/diagnostics/TaskReportTask done
Event: 6.292 loading class org/gradle/api/Action
Event: 6.292 loading class org/gradle/api/Action done
Event: 6.292 loading class org/gradle/api/internal/collections/CollectionFilter$1
Event: 6.292 loading class org/gradle/api/internal/collections/CollectionFilter$1 done
Event: 6.295 loading class org/gradle/jvm/toolchain/internal/task/ShowToolchainsTask
Event: 6.295 loading class org/gradle/jvm/toolchain/internal/task/ShowToolchainsTask done
Event: 6.296 loading class org/gradle/jvm/toolchain/internal/task/ShowToolchainsTask
Event: 6.296 loading class org/gradle/jvm/toolchain/internal/task/ShowToolchainsTask done
Event: 6.297 loading class org/gradle/jvm/toolchain/internal/task/ShowToolchainsTask
Event: 6.297 loading class org/gradle/jvm/toolchain/internal/task/ShowToolchainsTask done
Event: 6.297 loading class org/gradle/api/Action
Event: 6.297 loading class org/gradle/api/Action done
Event: 6.297 Executing VM operation: RevokeBias
Event: 6.297 Executing VM operation: RevokeBias done
Event: 6.298 loading class org/gradle/kotlin/dsl/tooling/builders/KotlinBuildScriptModelBuilder
Event: 6.298 loading class org/gradle/kotlin/dsl/tooling/builders/KotlinBuildScriptModelBuilder done
Event: 6.299 loading class org/gradle/kotlin/dsl/tooling/builders/KotlinBuildScriptTemplateModelBuilder
Event: 6.299 loading class org/gradle/kotlin/dsl/tooling/builders/KotlinBuildScriptTemplateModelBuilder done
Event: 6.299 Executing VM operation: G1CollectForAllocation


Dynamic libraries:
0x00007ff723a40000 - 0x00007ff723a4a000 	D:\Androd\sdk\jbr\bin\java.exe
0x00007ff97d830000 - 0x00007ff97da28000 	C:\WINDOWS\SYSTEM32\ntdll.dll
0x00007ff97c6d0000 - 0x00007ff97c78f000 	C:\WINDOWS\System32\KERNEL32.DLL
0x00007ff97b1d0000 - 0x00007ff97b4aa000 	C:\WINDOWS\System32\KERNELBASE.dll
0x00007ff97b0d0000 - 0x00007ff97b1d0000 	C:\WINDOWS\System32\ucrtbase.dll
0x00007ff9693a0000 - 0x00007ff9693b7000 	D:\Androd\sdk\jbr\bin\jli.dll
0x00007ff96d590000 - 0x00007ff96d5ab000 	D:\Androd\sdk\jbr\bin\VCRUNTIME140.dll
0x00007ff97bf90000 - 0x00007ff97c12d000 	C:\WINDOWS\System32\USER32.dll
0x00007ff97b0a0000 - 0x00007ff97b0c2000 	C:\WINDOWS\System32\win32u.dll
0x00007ff969f60000 - 0x00007ff96a1fa000 	C:\WINDOWS\WinSxS\amd64_microsoft.windows.common-controls_6595b64144ccf1df_6.0.19041.1110_none_60b5254171f9507e\COMCTL32.dll
0x00007ff97c6a0000 - 0x00007ff97c6cb000 	C:\WINDOWS\System32\GDI32.dll
0x00007ff97b6c0000 - 0x00007ff97b7d0000 	C:\WINDOWS\System32\gdi32full.dll
0x00007ff97d030000 - 0x00007ff97d0ce000 	C:\WINDOWS\System32\msvcrt.dll
0x00007ff97b620000 - 0x00007ff97b6bd000 	C:\WINDOWS\System32\msvcp_win.dll
0x00007ff97d610000 - 0x00007ff97d640000 	C:\WINDOWS\System32\IMM32.DLL
0x00007ff9765b0000 - 0x00007ff9765bc000 	D:\Androd\sdk\jbr\bin\vcruntime140_1.dll
0x00007ff954a70000 - 0x00007ff954afd000 	D:\Androd\sdk\jbr\bin\msvcp140.dll
0x00007ff9279d0000 - 0x00007ff92858c000 	D:\Androd\sdk\jbr\bin\server\jvm.dll
0x00007ff97d4a0000 - 0x00007ff97d54e000 	C:\WINDOWS\System32\ADVAPI32.dll
0x00007ff97d0d0000 - 0x00007ff97d16c000 	C:\WINDOWS\System32\sechost.dll
0x00007ff97c570000 - 0x00007ff97c696000 	C:\WINDOWS\System32\RPCRT4.dll
0x00007ff97d550000 - 0x00007ff97d558000 	C:\WINDOWS\System32\PSAPI.DLL
0x00007ff970de0000 - 0x00007ff970e07000 	C:\WINDOWS\SYSTEM32\WINMM.dll
0x00007ff9744b0000 - 0x00007ff9744b9000 	C:\WINDOWS\SYSTEM32\WSOCK32.dll
0x00007ff97bec0000 - 0x00007ff97bf2b000 	C:\WINDOWS\System32\WS2_32.dll
0x00007ff974810000 - 0x00007ff97481a000 	C:\WINDOWS\SYSTEM32\VERSION.dll
0x00007ff979790000 - 0x00007ff9797a2000 	C:\WINDOWS\SYSTEM32\kernel.appcore.dll
0x00007ff973720000 - 0x00007ff973730000 	D:\Androd\sdk\jbr\bin\verify.dll
0x00007ff979370000 - 0x00007ff979554000 	C:\WINDOWS\SYSTEM32\DBGHELP.DLL
0x00007ff965bd0000 - 0x00007ff965c04000 	C:\WINDOWS\SYSTEM32\dbgcore.DLL
0x00007ff97b4b0000 - 0x00007ff97b532000 	C:\WINDOWS\System32\bcryptPrimitives.dll
0x00007ff9602e0000 - 0x00007ff960308000 	D:\Androd\sdk\jbr\bin\java.dll
0x00007ff96d070000 - 0x00007ff96d07a000 	D:\Androd\sdk\jbr\bin\jimage.dll
0x00007ff968910000 - 0x00007ff968928000 	D:\Androd\sdk\jbr\bin\zip.dll
0x00007ff97c8b0000 - 0x00007ff97cff4000 	C:\WINDOWS\System32\SHELL32.dll
0x00007ff978bd0000 - 0x00007ff979363000 	C:\WINDOWS\SYSTEM32\windows.storage.dll
0x00007ff97c1b0000 - 0x00007ff97c504000 	C:\WINDOWS\System32\combase.dll
0x00007ff97a930000 - 0x00007ff97a95e000 	C:\WINDOWS\SYSTEM32\Wldp.dll
0x00007ff97d560000 - 0x00007ff97d60d000 	C:\WINDOWS\System32\SHCORE.dll
0x00007ff97c510000 - 0x00007ff97c565000 	C:\WINDOWS\System32\shlwapi.dll
0x00007ff97ae80000 - 0x00007ff97ae9f000 	C:\WINDOWS\SYSTEM32\profapi.dll
0x00007ff9613f0000 - 0x00007ff961409000 	D:\Androd\sdk\jbr\bin\net.dll
0x00007ff970aa0000 - 0x00007ff970baa000 	C:\WINDOWS\SYSTEM32\WINHTTP.dll
0x00007ff97a690000 - 0x00007ff97a6fa000 	C:\WINDOWS\system32\mswsock.dll
0x00007ff95f300000 - 0x00007ff95f313000 	D:\Androd\sdk\jbr\bin\nio.dll
0x00007ff96d0d0000 - 0x00007ff96d0f7000 	C:\Users\sergi\.gradle\native\e1d6ef7f7dcc3fd88c89a11ec53ec762bb8ba0a96d01ffa2cd45eb1d1d8dd5c5\windows-amd64\native-platform.dll
0x00007ff954920000 - 0x00007ff954a64000 	C:\Users\sergi\.gradle\native\0d407fdbe67a94daf76414ababcb853783967236a71b16ec16e742cd7a986fd3\windows-amd64\native-platform-file-events.dll
0x00007ff96d060000 - 0x00007ff96d06a000 	D:\Androd\sdk\jbr\bin\management.dll
0x00007ff96bb30000 - 0x00007ff96bb3b000 	D:\Androd\sdk\jbr\bin\management_ext.dll
0x00007ff97a880000 - 0x00007ff97a898000 	C:\WINDOWS\SYSTEM32\CRYPTSP.dll
0x00007ff979fb0000 - 0x00007ff979fe4000 	C:\WINDOWS\system32\rsaenh.dll
0x00007ff97b540000 - 0x00007ff97b567000 	C:\WINDOWS\System32\bcrypt.dll
0x00007ff97ae40000 - 0x00007ff97ae6e000 	C:\WINDOWS\SYSTEM32\USERENV.dll
0x00007ff97a8a0000 - 0x00007ff97a8ac000 	C:\WINDOWS\SYSTEM32\CRYPTBASE.dll
0x00007ff97a380000 - 0x00007ff97a3bc000 	C:\WINDOWS\SYSTEM32\IPHLPAPI.DLL
0x00007ff97d2b0000 - 0x00007ff97d2b8000 	C:\WINDOWS\System32\NSI.dll
0x00007ff971560000 - 0x00007ff971577000 	C:\WINDOWS\SYSTEM32\dhcpcsvc6.DLL
0x00007ff971580000 - 0x00007ff97159d000 	C:\WINDOWS\SYSTEM32\dhcpcsvc.DLL
0x00007ff97a3c0000 - 0x00007ff97a48b000 	C:\WINDOWS\SYSTEM32\DNSAPI.dll

dbghelp: loaded successfully - version: 4.0.5 - missing functions: none
symbol engine: initialized successfully - sym options: 0x614 - pdb path: .;D:\Androd\sdk\jbr\bin;C:\WINDOWS\SYSTEM32;C:\WINDOWS\WinSxS\amd64_microsoft.windows.common-controls_6595b64144ccf1df_6.0.19041.1110_none_60b5254171f9507e;D:\Androd\sdk\jbr\bin\server;C:\Users\sergi\.gradle\native\e1d6ef7f7dcc3fd88c89a11ec53ec762bb8ba0a96d01ffa2cd45eb1d1d8dd5c5\windows-amd64;C:\Users\sergi\.gradle\native\0d407fdbe67a94daf76414ababcb853783967236a71b16ec16e742cd7a986fd3\windows-amd64

VM Arguments:
jvm_args: --add-opens=java.base/java.util=ALL-UNNAMED --add-opens=java.base/java.lang=ALL-UNNAMED --add-opens=java.base/java.lang.invoke=ALL-UNNAMED --add-opens=java.base/java.util=ALL-UNNAMED --add-opens=java.prefs/java.util.prefs=ALL-UNNAMED --add-opens=java.prefs/java.util.prefs=ALL-UNNAMED --add-opens=java.base/java.nio.charset=ALL-UNNAMED --add-opens=java.base/java.net=ALL-UNNAMED --add-opens=java.base/java.util.concurrent.atomic=ALL-UNNAMED -Xmx2048m -Dfile.encoding=UTF-8 -Duser.country=RU -Duser.language=ru -Duser.variant 
java_command: org.gradle.launcher.daemon.bootstrap.GradleDaemon 7.5
java_class_path (initial): C:\Users\sergi\.gradle\wrapper\dists\gradle-7.5-bin\f1w0cc9nuo0eivz97x2xlu9sv\gradle-7.5\lib\gradle-launcher-7.5.jar
Launcher Type: SUN_STANDARD

[Global flags]
     intx CICompilerCount                          = 4                                         {product} {ergonomic}
     uint ConcGCThreads                            = 2                                         {product} {ergonomic}
     uint G1ConcRefinementThreads                  = 8                                         {product} {ergonomic}
   size_t G1HeapRegionSize                         = 1048576                                   {product} {ergonomic}
    uintx GCDrainStackTargetSize                   = 64                                        {product} {ergonomic}
   size_t InitialHeapSize                          = 100663296                                 {product} {ergonomic}
   size_t MarkStackSize                            = 4194304                                   {product} {ergonomic}
   size_t MaxHeapSize                              = 2147483648                                {product} {command line}
   size_t MaxNewSize                               = 1287651328                                {product} {ergonomic}
   size_t MinHeapDeltaBytes                        = 1048576                                   {product} {ergonomic}
    uintx NonNMethodCodeHeapSize                   = 5836300                                {pd product} {ergonomic}
    uintx NonProfiledCodeHeapSize                  = 122910970                              {pd product} {ergonomic}
    uintx ProfiledCodeHeapSize                     = 122910970                              {pd product} {ergonomic}
    uintx ReservedCodeCacheSize                    = 251658240                              {pd product} {ergonomic}
     bool SegmentedCodeCache                       = true                                      {product} {ergonomic}
     bool UseCompressedClassPointers               = true                                 {lp64_product} {ergonomic}
     bool UseCompressedOops                        = true                                 {lp64_product} {ergonomic}
     bool UseG1GC                                  = true                                      {product} {ergonomic}
     bool UseLargePagesIndividualAllocation        = false                                  {pd product} {ergonomic}

Logging:
Log output configuration:
 #0: stdout all=warning uptime,level,tags
 #1: stderr all=off uptime,level,tags

Environment Variables:
PATH=C:\Windows\system32;C:\Windows;C:\Windows\System32\Wbem;C:\Windows\System32\WindowsPowerShell\v1.0\;C:\Windows\System32\OpenSSH\;C:\Program Files\NVIDIA Corporation\NVIDIA NvDLISR;C:\Program Files (x86)\NVIDIA Corporation\PhysX\Common;C:\Program Files\Git\cmd;C:\WINDOWS\system32;C:\WINDOWS;C:\WINDOWS\System32\Wbem;C:\WINDOWS\System32\WindowsPowerShell\v1.0\;C:\WINDOWS\System32\OpenSSH\;C:\Users\sergi\AppData\Local\Microsoft\WindowsApps
USERNAME=sergi
OS=Windows_NT
PROCESSOR_IDENTIFIER=AMD64 Family 23 Model 24 Stepping 1, AuthenticAMD



---------------  S Y S T E M  ---------------

OS: Windows 10 , 64 bit Build 19041 (10.0.19041.2788)
OS uptime: 0 days 21:26 hours

CPU:total 8 (initial active 8) (8 cores per cpu, 2 threads per core) family 23 model 24 stepping 1 microcode 0x0, cmov, cx8, fxsr, mmx, sse, sse2, sse3, ssse3, sse4.1, sse4.2, popcnt, avx, avx2, aes, clmul, mmxext, 3dnowpref, lzcnt, sse4a, ht, tsc, tscinvbit, tscinv, bmi1, bmi2, adx, sha, fma

Memory: 4k page, system-wide physical 6081M (694M free)
TotalPageFile size 10081M (AvailPageFile size 29M)
current process WorkingSet (physical memory assigned to process): 339M, peak: 343M
current process commit charge ("private bytes"): 378M, peak: 405M

vm_info: OpenJDK 64-Bit Server VM (11.0.15+0-b2043.56-9505619) for windows-amd64 JRE (11.0.15+0-b2043.56-9505619), built on Jan 19 2023 02:48:00 by "builduser" with unknown MS VC++:1929

END.
