#
# There is insufficient memory for the Java Runtime Environment to continue.
# Native memory allocation (malloc) failed to allocate 1108176 bytes for Chunk::new
# Possible reasons:
#   The system is out of physical RAM or swap space
#   The process is running with CompressedOops enabled, and the Java Heap may be blocking the growth of the native heap
# Possible solutions:
#   Reduce memory load on the system
#   Increase physical memory or swap space
#   Check if swap backing store is full
#   Decrease Java heap size (-Xmx/-Xms)
#   Decrease number of Java threads
#   Decrease Java thread stack sizes (-Xss)
#   Set larger code cache with -XX:ReservedCodeCacheSize=
#   JVM is running with Unscaled Compressed Oops mode in which the Java heap is
#     placed in the first 4GB address space. The Java Heap base address is the
#     maximum limit for the native heap growth. Please use -XX:HeapBaseMinAddress
#     to set the Java Heap base and to place the Java Heap above 4GB virtual address.
# This output file may be truncated or incomplete.
#
#  Out of Memory Error (src/hotspot/share/memory/arena.cpp:197), pid=2840, tid=10296
#
# JRE version: OpenJDK Runtime Environment (11.0.15) (build 11.0.15+0-b2043.56-9505619)
# Java VM: OpenJDK 64-Bit Server VM (11.0.15+0-b2043.56-9505619, mixed mode, tiered, compressed oops, g1 gc, windows-amd64)
# No core dump will be written. Minidumps are not enabled by default on client versions of Windows
#

---------------  S U M M A R Y ------------

Command Line: --add-opens=java.base/java.util=ALL-UNNAMED --add-opens=java.base/java.lang=ALL-UNNAMED --add-opens=java.base/java.lang.invoke=ALL-UNNAMED --add-opens=java.base/java.util=ALL-UNNAMED --add-opens=java.prefs/java.util.prefs=ALL-UNNAMED --add-opens=java.prefs/java.util.prefs=ALL-UNNAMED --add-opens=java.base/java.nio.charset=ALL-UNNAMED --add-opens=java.base/java.net=ALL-UNNAMED --add-opens=java.base/java.util.concurrent.atomic=ALL-UNNAMED -Xmx2048m -Dfile.encoding=UTF-8 -Duser.country=RU -Duser.language=ru -Duser.variant org.gradle.launcher.daemon.bootstrap.GradleDaemon 7.5

Host: AMD Ryzen 5 3550H with Radeon Vega Mobile Gfx  , 8 cores, 5G,  Windows 10 , 64 bit Build 19041 (10.0.19041.2788)
Time: Tue Apr 18 21:57:50 2023  Windows 10 , 64 bit Build 19041 (10.0.19041.2788) elapsed time: 9.615478 seconds (0d 0h 0m 9s)

---------------  T H R E A D  ---------------

Current thread (0x000001f083633800):  JavaThread "C2 CompilerThread1" daemon [_thread_in_native, id=10296, stack(0x000000d498100000,0x000000d498200000)]


Current CompileTask:
C2:   9615 7271       4       java.lang.Class::getMethodsRecursive (99 bytes)

Stack: [0x000000d498100000,0x000000d498200000]
Native frames: (J=compiled Java code, j=interpreted, Vv=VM code, C=native code)
V  [jvm.dll+0x64135a]
V  [jvm.dll+0x7d39f9]
V  [jvm.dll+0x7d51b9]
V  [jvm.dll+0x7d58a3]
V  [jvm.dll+0x2691c5]
V  [jvm.dll+0xc1a5c]
V  [jvm.dll+0xc200c]
V  [jvm.dll+0x377462]
V  [jvm.dll+0x342495]
V  [jvm.dll+0x34186a]
V  [jvm.dll+0x2214bd]
V  [jvm.dll+0x220498]
V  [jvm.dll+0x19e851]
V  [jvm.dll+0x230479]
V  [jvm.dll+0x22e5ef]
V  [jvm.dll+0x794de1]
V  [jvm.dll+0x78dc24]
V  [jvm.dll+0x6400f6]
C  [ucrtbase.dll+0x21bb2]
C  [KERNEL32.DLL+0x17604]
C  [ntdll.dll+0x526a1]


---------------  P R O C E S S  ---------------

Threads class SMR info:
_java_thread_list=0x000001f088912a20, length=124, elements={
0x000001f0e3d00800, 0x000001f0801ad800, 0x000001f0801b7000, 0x000001f0801cc800,
0x000001f0801cd800, 0x000001f0801cf000, 0x000001f0801da800, 0x000001f0801e0800,
0x000001f0801e2000, 0x000001f080cab000, 0x000001f082d97000, 0x000001f08127f800,
0x000001f080eeb000, 0x000001f082d1a000, 0x000001f082e33000, 0x000001f082386800,
0x000001f083299000, 0x000001f083144800, 0x000001f08335f800, 0x000001f08106a800,
0x000001f082384800, 0x000001f082383000, 0x000001f083633800, 0x000001f082384000,
0x000001f083b0d000, 0x000001f082382800, 0x000001f083e54000, 0x000001f083e53000,
0x000001f083e52800, 0x000001f083e54800, 0x000001f083e50800, 0x000001f083e4f000,
0x000001f083e55800, 0x000001f083e51800, 0x000001f083e50000, 0x000001f083e59800,
0x000001f083e5c000, 0x000001f083e56800, 0x000001f083e5d000, 0x000001f083e5b800,
0x000001f083e5a800, 0x000001f086a85800, 0x000001f086a83000, 0x000001f086a86800,
0x000001f086a82000, 0x000001f086a89800, 0x000001f086a88800, 0x000001f086a84000,
0x000001f086a87000, 0x000001f086a88000, 0x000001f086a8a800, 0x000001f086a84800,
0x000001f086a8e800, 0x000001f086a8c000, 0x000001f086a8f800, 0x000001f086a8d000,
0x000001f086a90000, 0x000001f086a8b000, 0x000001f086a91000, 0x000001f086a8d800,
0x000001f087fb0000, 0x000001f087fb1000, 0x000001f087fb2000, 0x000001f087fae000,
0x000001f087fb2800, 0x000001f087fad000, 0x000001f087fb3800, 0x000001f087fb4800,
0x000001f087fae800, 0x000001f087fb5000, 0x000001f087faf800, 0x000001f087fb8800,
0x000001f087fbb000, 0x000001f087fb7000, 0x000001f087fb9000, 0x000001f087fba000,
0x000001f087fb7800, 0x000001f087fbb800, 0x000001f087fb6000, 0x000001f086947000,
0x000001f086948000, 0x000001f086945800, 0x000001f086948800, 0x000001f086949800,
0x000001f08694a000, 0x000001f086944800, 0x000001f08694c000, 0x000001f08694b000,
0x000001f086946000, 0x000001f086950000, 0x000001f08694f000, 0x000001f08694d800,
0x000001f086950800, 0x000001f086951800, 0x000001f086952800, 0x000001f08694c800,
0x000001f086953000, 0x000001f08694e800, 0x000001f080f00000, 0x000001f080f04000,
0x000001f080f02800, 0x000001f080f00800, 0x000001f080f05000, 0x000001f080f03000,
0x000001f080eff000, 0x000001f080f01800, 0x000001f080f0a800, 0x000001f080f09800,
0x000001f080f09000, 0x000001f080f0b800, 0x000001f080f05800, 0x000001f080f0c000,
0x000001f080f08000, 0x000001f080f06800, 0x000001f080f0d000, 0x000001f080f07000,
0x000001f080f0e000, 0x000001f086c03800, 0x000001f086c02800, 0x000001f086c04800,
0x000001f086c05000, 0x000001f086c06000, 0x000001f086c00800, 0x000001f086c07000
}

Java Threads: ( => current thread )
  0x000001f0e3d00800 JavaThread "main" [_thread_blocked, id=16684, stack(0x000000d495c00000,0x000000d495d00000)]
  0x000001f0801ad800 JavaThread "Reference Handler" daemon [_thread_blocked, id=8236, stack(0x000000d496300000,0x000000d496400000)]
  0x000001f0801b7000 JavaThread "Finalizer" daemon [_thread_blocked, id=13512, stack(0x000000d496400000,0x000000d496500000)]
  0x000001f0801cc800 JavaThread "Signal Dispatcher" daemon [_thread_blocked, id=5588, stack(0x000000d496500000,0x000000d496600000)]
  0x000001f0801cd800 JavaThread "Attach Listener" daemon [_thread_blocked, id=1052, stack(0x000000d496600000,0x000000d496700000)]
  0x000001f0801cf000 JavaThread "Service Thread" daemon [_thread_blocked, id=2820, stack(0x000000d496700000,0x000000d496800000)]
  0x000001f0801da800 JavaThread "C2 CompilerThread0" daemon [_thread_in_native, id=6480, stack(0x000000d496800000,0x000000d496900000)]
  0x000001f0801e0800 JavaThread "C1 CompilerThread0" daemon [_thread_blocked, id=14784, stack(0x000000d496900000,0x000000d496a00000)]
  0x000001f0801e2000 JavaThread "Sweeper thread" daemon [_thread_blocked, id=284, stack(0x000000d496a00000,0x000000d496b00000)]
  0x000001f080cab000 JavaThread "Common-Cleaner" daemon [_thread_blocked, id=1000, stack(0x000000d496b00000,0x000000d496c00000)]
  0x000001f082d97000 JavaThread "Daemon health stats" [_thread_blocked, id=1220, stack(0x000000d497000000,0x000000d497100000)]
  0x000001f08127f800 JavaThread "Incoming local TCP Connector on port 58920" [_thread_in_native, id=4108, stack(0x000000d496d00000,0x000000d496e00000)]
  0x000001f080eeb000 JavaThread "Daemon periodic checks" [_thread_blocked, id=7084, stack(0x000000d496e00000,0x000000d496f00000)]
  0x000001f082d1a000 JavaThread "Daemon" [_thread_blocked, id=3312, stack(0x000000d497100000,0x000000d497200000)]
  0x000001f082e33000 JavaThread "Handler for socket connection from /127.0.0.1:58920 to /127.0.0.1:58921" [_thread_in_native, id=1700, stack(0x000000d497200000,0x000000d497300000)]
  0x000001f082386800 JavaThread "Cancel handler" [_thread_blocked, id=15508, stack(0x000000d497300000,0x000000d497400000)]
  0x000001f083299000 JavaThread "Daemon worker" [_thread_in_vm, id=14088, stack(0x000000d497400000,0x000000d497500000)]
  0x000001f083144800 JavaThread "Asynchronous log dispatcher for DefaultDaemonConnection: socket connection from /127.0.0.1:58920 to /127.0.0.1:58921" [_thread_blocked, id=14116, stack(0x000000d497b00000,0x000000d497c00000)]
  0x000001f08335f800 JavaThread "Stdin handler" [_thread_blocked, id=17296, stack(0x000000d497c00000,0x000000d497d00000)]
  0x000001f08106a800 JavaThread "Daemon client event forwarder" [_thread_blocked, id=6996, stack(0x000000d497d00000,0x000000d497e00000)]
  0x000001f082384800 JavaThread "Cache worker for journal cache (C:\Users\sergi\.gradle\caches\journal-1)" [_thread_blocked, id=3660, stack(0x000000d497e00000,0x000000d497f00000)]
  0x000001f082383000 JavaThread "File lock request listener" [_thread_in_native, id=9256, stack(0x000000d497f00000,0x000000d498000000)]
=>0x000001f083633800 JavaThread "C2 CompilerThread1" daemon [_thread_in_native, id=10296, stack(0x000000d498100000,0x000000d498200000)]
  0x000001f082384000 JavaThread "Cache worker for file hash cache (C:\Users\sergi\.gradle\caches\7.5\fileHashes)" [_thread_blocked, id=10956, stack(0x000000d498200000,0x000000d498300000)]
  0x000001f083b0d000 JavaThread "C2 CompilerThread2" daemon [_thread_in_native, id=760, stack(0x000000d498300000,0x000000d498400000)]
  0x000001f082382800 JavaThread "File watcher server" daemon [_thread_in_native, id=13800, stack(0x000000d498400000,0x000000d498500000)]
  0x000001f083e54000 JavaThread "File watcher consumer" daemon [_thread_blocked, id=13804, stack(0x000000d498500000,0x000000d498600000)]
  0x000001f083e53000 JavaThread "jar transforms" [_thread_blocked, id=16448, stack(0x000000d498600000,0x000000d498700000)]
  0x000001f083e52800 JavaThread "jar transforms Thread 2" [_thread_blocked, id=8260, stack(0x000000d498700000,0x000000d498800000)]
  0x000001f083e54800 JavaThread "jar transforms Thread 3" [_thread_blocked, id=8428, stack(0x000000d498800000,0x000000d498900000)]
  0x000001f083e50800 JavaThread "jar transforms Thread 4" [_thread_blocked, id=8684, stack(0x000000d498900000,0x000000d498a00000)]
  0x000001f083e4f000 JavaThread "jar transforms Thread 5" [_thread_blocked, id=12748, stack(0x000000d498a00000,0x000000d498b00000)]
  0x000001f083e55800 JavaThread "jar transforms Thread 6" [_thread_blocked, id=10948, stack(0x000000d498b00000,0x000000d498c00000)]
  0x000001f083e51800 JavaThread "jar transforms Thread 7" [_thread_blocked, id=12520, stack(0x000000d498c00000,0x000000d498d00000)]
  0x000001f083e50000 JavaThread "jar transforms Thread 8" [_thread_blocked, id=17364, stack(0x000000d498d00000,0x000000d498e00000)]
  0x000001f083e59800 JavaThread "Cache worker for checksums cache (D:\lab\.gradle\7.5\checksums)" [_thread_blocked, id=16756, stack(0x000000d498e00000,0x000000d498f00000)]
  0x000001f083e5c000 JavaThread "Cache worker for cache directory md-rule (C:\Users\sergi\.gradle\caches\7.5\md-rule)" [_thread_blocked, id=13548, stack(0x000000d498f00000,0x000000d499000000)]
  0x000001f083e56800 JavaThread "Cache worker for file content cache (C:\Users\sergi\.gradle\caches\7.5\fileContent)" [_thread_blocked, id=6580, stack(0x000000d499000000,0x000000d499100000)]
  0x000001f083e5d000 JavaThread "Cache worker for file hash cache (D:\lab\.gradle\7.5\fileHashes)" [_thread_blocked, id=7464, stack(0x000000d499100000,0x000000d499200000)]
  0x000001f083e5b800 JavaThread "Cache worker for cache directory md-supplier (C:\Users\sergi\.gradle\caches\7.5\md-supplier)" [_thread_blocked, id=14032, stack(0x000000d499200000,0x000000d499300000)]
  0x000001f083e5a800 JavaThread "Cache worker for execution history cache (C:\Users\sergi\.gradle\caches\7.5\executionHistory)" [_thread_blocked, id=8032, stack(0x000000d499300000,0x000000d499400000)]
  0x000001f086a85800 JavaThread "Cache worker for dependencies-accessors (D:\lab\.gradle\7.5\dependencies-accessors)" [_thread_blocked, id=8512, stack(0x000000d499400000,0x000000d499500000)]
  0x000001f086a83000 JavaThread "Cache worker for Build Output Cleanup Cache (D:\lab\.gradle\buildOutputCleanup)" [_thread_blocked, id=8688, stack(0x000000d499500000,0x000000d499600000)]
  0x000001f086a86800 JavaThread "Unconstrained build operations" [_thread_blocked, id=9220, stack(0x000000d499600000,0x000000d499700000)]
  0x000001f086a82000 JavaThread "Unconstrained build operations Thread 2" [_thread_blocked, id=14076, stack(0x000000d499700000,0x000000d499800000)]
  0x000001f086a89800 JavaThread "Unconstrained build operations Thread 3" [_thread_blocked, id=16836, stack(0x000000d499800000,0x000000d499900000)]
  0x000001f086a88800 JavaThread "Unconstrained build operations Thread 4" [_thread_blocked, id=1816, stack(0x000000d499900000,0x000000d499a00000)]
  0x000001f086a84000 JavaThread "Unconstrained build operations Thread 5" [_thread_blocked, id=6236, stack(0x000000d499a00000,0x000000d499b00000)]
  0x000001f086a87000 JavaThread "Unconstrained build operations Thread 6" [_thread_blocked, id=7620, stack(0x000000d499b00000,0x000000d499c00000)]
  0x000001f086a88000 JavaThread "Unconstrained build operations Thread 7" [_thread_blocked, id=17328, stack(0x000000d499c00000,0x000000d499d00000)]
  0x000001f086a8a800 JavaThread "Unconstrained build operations Thread 8" [_thread_blocked, id=3212, stack(0x000000d499d00000,0x000000d499e00000)]
  0x000001f086a84800 JavaThread "Unconstrained build operations Thread 9" [_thread_blocked, id=11168, stack(0x000000d499e00000,0x000000d499f00000)]
  0x000001f086a8e800 JavaThread "Unconstrained build operations Thread 10" [_thread_blocked, id=16596, stack(0x000000d499f00000,0x000000d49a000000)]
  0x000001f086a8c000 JavaThread "Unconstrained build operations Thread 11" [_thread_blocked, id=13544, stack(0x000000d49a000000,0x000000d49a100000)]
  0x000001f086a8f800 JavaThread "Unconstrained build operations Thread 12" [_thread_blocked, id=12084, stack(0x000000d49a100000,0x000000d49a200000)]
  0x000001f086a8d000 JavaThread "Unconstrained build operations Thread 13" [_thread_blocked, id=7344, stack(0x000000d49a200000,0x000000d49a300000)]
  0x000001f086a90000 JavaThread "Unconstrained build operations Thread 14" [_thread_blocked, id=9548, stack(0x000000d49a300000,0x000000d49a400000)]
  0x000001f086a8b000 JavaThread "Unconstrained build operations Thread 15" [_thread_blocked, id=2088, stack(0x000000d49a400000,0x000000d49a500000)]
  0x000001f086a91000 JavaThread "Unconstrained build operations Thread 16" [_thread_blocked, id=4776, stack(0x000000d49a500000,0x000000d49a600000)]
  0x000001f086a8d800 JavaThread "Unconstrained build operations Thread 17" [_thread_blocked, id=11004, stack(0x000000d49a600000,0x000000d49a700000)]
  0x000001f087fb0000 JavaThread "Unconstrained build operations Thread 18" [_thread_blocked, id=17352, stack(0x000000d49a700000,0x000000d49a800000)]
  0x000001f087fb1000 JavaThread "Unconstrained build operations Thread 19" [_thread_blocked, id=9264, stack(0x000000d49a800000,0x000000d49a900000)]
  0x000001f087fb2000 JavaThread "Unconstrained build operations Thread 20" [_thread_blocked, id=10088, stack(0x000000d49a900000,0x000000d49aa00000)]
  0x000001f087fae000 JavaThread "Unconstrained build operations Thread 21" [_thread_blocked, id=5976, stack(0x000000d49aa00000,0x000000d49ab00000)]
  0x000001f087fb2800 JavaThread "Unconstrained build operations Thread 22" [_thread_blocked, id=16940, stack(0x000000d49ab00000,0x000000d49ac00000)]
  0x000001f087fad000 JavaThread "Unconstrained build operations Thread 23" [_thread_blocked, id=15776, stack(0x000000d49ac00000,0x000000d49ad00000)]
  0x000001f087fb3800 JavaThread "Unconstrained build operations Thread 24" [_thread_blocked, id=15108, stack(0x000000d49ad00000,0x000000d49ae00000)]
  0x000001f087fb4800 JavaThread "Unconstrained build operations Thread 25" [_thread_blocked, id=13764, stack(0x000000d49ae00000,0x000000d49af00000)]
  0x000001f087fae800 JavaThread "Unconstrained build operations Thread 26" [_thread_blocked, id=11056, stack(0x000000d49af00000,0x000000d49b000000)]
  0x000001f087fb5000 JavaThread "Unconstrained build operations Thread 27" [_thread_blocked, id=6456, stack(0x000000d49b000000,0x000000d49b100000)]
  0x000001f087faf800 JavaThread "Unconstrained build operations Thread 28" [_thread_blocked, id=7948, stack(0x000000d49b100000,0x000000d49b200000)]
  0x000001f087fb8800 JavaThread "Unconstrained build operations Thread 29" [_thread_blocked, id=8844, stack(0x000000d49b200000,0x000000d49b300000)]
  0x000001f087fbb000 JavaThread "Unconstrained build operations Thread 30" [_thread_blocked, id=11704, stack(0x000000d49b300000,0x000000d49b400000)]
  0x000001f087fb7000 JavaThread "Unconstrained build operations Thread 31" [_thread_blocked, id=15788, stack(0x000000d49b400000,0x000000d49b500000)]
  0x000001f087fb9000 JavaThread "Unconstrained build operations Thread 32" [_thread_blocked, id=1976, stack(0x000000d49b500000,0x000000d49b600000)]
  0x000001f087fba000 JavaThread "Unconstrained build operations Thread 33" [_thread_blocked, id=15832, stack(0x000000d49b600000,0x000000d49b700000)]
  0x000001f087fb7800 JavaThread "Unconstrained build operations Thread 34" [_thread_blocked, id=9180, stack(0x000000d49b700000,0x000000d49b800000)]
  0x000001f087fbb800 JavaThread "Unconstrained build operations Thread 35" [_thread_blocked, id=16772, stack(0x000000d49b800000,0x000000d49b900000)]
  0x000001f087fb6000 JavaThread "Unconstrained build operations Thread 36" [_thread_blocked, id=3044, stack(0x000000d49b900000,0x000000d49ba00000)]
  0x000001f086947000 JavaThread "Unconstrained build operations Thread 37" [_thread_blocked, id=8584, stack(0x000000d49ba00000,0x000000d49bb00000)]
  0x000001f086948000 JavaThread "Unconstrained build operations Thread 38" [_thread_blocked, id=2152, stack(0x000000d49bb00000,0x000000d49bc00000)]
  0x000001f086945800 JavaThread "Unconstrained build operations Thread 39" [_thread_blocked, id=5220, stack(0x000000d49bc00000,0x000000d49bd00000)]
  0x000001f086948800 JavaThread "Unconstrained build operations Thread 40" [_thread_blocked, id=12400, stack(0x000000d49bd00000,0x000000d49be00000)]
  0x000001f086949800 JavaThread "Unconstrained build operations Thread 41" [_thread_blocked, id=8204, stack(0x000000d49be00000,0x000000d49bf00000)]
  0x000001f08694a000 JavaThread "Unconstrained build operations Thread 42" [_thread_blocked, id=9124, stack(0x000000d49bf00000,0x000000d49c000000)]
  0x000001f086944800 JavaThread "Unconstrained build operations Thread 43" [_thread_blocked, id=17176, stack(0x000000d49c000000,0x000000d49c100000)]
  0x000001f08694c000 JavaThread "Unconstrained build operations Thread 44" [_thread_blocked, id=10840, stack(0x000000d49c100000,0x000000d49c200000)]
  0x000001f08694b000 JavaThread "Unconstrained build operations Thread 45" [_thread_blocked, id=10456, stack(0x000000d49c200000,0x000000d49c300000)]
  0x000001f086946000 JavaThread "Unconstrained build operations Thread 46" [_thread_blocked, id=3392, stack(0x000000d49c300000,0x000000d49c400000)]
  0x000001f086950000 JavaThread "Unconstrained build operations Thread 47" [_thread_blocked, id=14272, stack(0x000000d49c400000,0x000000d49c500000)]
  0x000001f08694f000 JavaThread "Unconstrained build operations Thread 48" [_thread_blocked, id=17376, stack(0x000000d49c500000,0x000000d49c600000)]
  0x000001f08694d800 JavaThread "Unconstrained build operations Thread 49" [_thread_blocked, id=16876, stack(0x000000d49c600000,0x000000d49c700000)]
  0x000001f086950800 JavaThread "Unconstrained build operations Thread 50" [_thread_blocked, id=9780, stack(0x000000d49c700000,0x000000d49c800000)]
  0x000001f086951800 JavaThread "Unconstrained build operations Thread 51" [_thread_blocked, id=13624, stack(0x000000d49c800000,0x000000d49c900000)]
  0x000001f086952800 JavaThread "Unconstrained build operations Thread 52" [_thread_blocked, id=8332, stack(0x000000d49c900000,0x000000d49ca00000)]
  0x000001f08694c800 JavaThread "Unconstrained build operations Thread 53" [_thread_blocked, id=14012, stack(0x000000d49ca00000,0x000000d49cb00000)]
  0x000001f086953000 JavaThread "Unconstrained build operations Thread 54" [_thread_blocked, id=13828, stack(0x000000d49cb00000,0x000000d49cc00000)]
  0x000001f08694e800 JavaThread "Unconstrained build operations Thread 55" [_thread_blocked, id=1812, stack(0x000000d49cc00000,0x000000d49cd00000)]
  0x000001f080f00000 JavaThread "Unconstrained build operations Thread 56" [_thread_blocked, id=12240, stack(0x000000d49cd00000,0x000000d49ce00000)]
  0x000001f080f04000 JavaThread "Unconstrained build operations Thread 57" [_thread_blocked, id=9152, stack(0x000000d49ce00000,0x000000d49cf00000)]
  0x000001f080f02800 JavaThread "Unconstrained build operations Thread 58" [_thread_blocked, id=2688, stack(0x000000d49cf00000,0x000000d49d000000)]
  0x000001f080f00800 JavaThread "Unconstrained build operations Thread 59" [_thread_blocked, id=11764, stack(0x000000d49d000000,0x000000d49d100000)]
  0x000001f080f05000 JavaThread "Unconstrained build operations Thread 60" [_thread_blocked, id=13340, stack(0x000000d49d100000,0x000000d49d200000)]
  0x000001f080f03000 JavaThread "Unconstrained build operations Thread 61" [_thread_blocked, id=17072, stack(0x000000d49d200000,0x000000d49d300000)]
  0x000001f080eff000 JavaThread "Unconstrained build operations Thread 62" [_thread_blocked, id=16808, stack(0x000000d49d300000,0x000000d49d400000)]
  0x000001f080f01800 JavaThread "Unconstrained build operations Thread 63" [_thread_blocked, id=17196, stack(0x000000d49d400000,0x000000d49d500000)]
  0x000001f080f0a800 JavaThread "Unconstrained build operations Thread 64" [_thread_blocked, id=15024, stack(0x000000d49d500000,0x000000d49d600000)]
  0x000001f080f09800 JavaThread "Unconstrained build operations Thread 65" [_thread_blocked, id=820, stack(0x000000d49d600000,0x000000d49d700000)]
  0x000001f080f09000 JavaThread "Unconstrained build operations Thread 66" [_thread_blocked, id=12428, stack(0x000000d49d700000,0x000000d49d800000)]
  0x000001f080f0b800 JavaThread "Unconstrained build operations Thread 67" [_thread_blocked, id=11492, stack(0x000000d49d800000,0x000000d49d900000)]
  0x000001f080f05800 JavaThread "Unconstrained build operations Thread 68" [_thread_blocked, id=13744, stack(0x000000d49d900000,0x000000d49da00000)]
  0x000001f080f0c000 JavaThread "Unconstrained build operations Thread 69" [_thread_blocked, id=11544, stack(0x000000d49da00000,0x000000d49db00000)]
  0x000001f080f08000 JavaThread "Unconstrained build operations Thread 70" [_thread_blocked, id=9556, stack(0x000000d49db00000,0x000000d49dc00000)]
  0x000001f080f06800 JavaThread "Unconstrained build operations Thread 71" [_thread_blocked, id=10004, stack(0x000000d49dc00000,0x000000d49dd00000)]
  0x000001f080f0d000 JavaThread "Unconstrained build operations Thread 72" [_thread_blocked, id=10668, stack(0x000000d49dd00000,0x000000d49de00000)]
  0x000001f080f07000 JavaThread "Unconstrained build operations Thread 73" [_thread_blocked, id=10780, stack(0x000000d49de00000,0x000000d49df00000)]
  0x000001f080f0e000 JavaThread "Unconstrained build operations Thread 74" [_thread_blocked, id=4612, stack(0x000000d49df00000,0x000000d49e000000)]
  0x000001f086c03800 JavaThread "Unconstrained build operations Thread 75" [_thread_blocked, id=9372, stack(0x000000d49e000000,0x000000d49e100000)]
  0x000001f086c02800 JavaThread "Unconstrained build operations Thread 76" [_thread_blocked, id=2236, stack(0x000000d49e100000,0x000000d49e200000)]
  0x000001f086c04800 JavaThread "Unconstrained build operations Thread 77" [_thread_blocked, id=3524, stack(0x000000d49e200000,0x000000d49e300000)]
  0x000001f086c05000 JavaThread "Unconstrained build operations Thread 78" [_thread_blocked, id=148, stack(0x000000d49e300000,0x000000d49e400000)]
  0x000001f086c06000 JavaThread "Unconstrained build operations Thread 79" [_thread_blocked, id=2604, stack(0x000000d49e400000,0x000000d49e500000)]
  0x000001f086c00800 JavaThread "Unconstrained build operations Thread 80" [_thread_blocked, id=16272, stack(0x000000d49e500000,0x000000d49e600000)]
  0x000001f086c07000 JavaThread "Memory manager" [_thread_blocked, id=13856, stack(0x000000d49e600000,0x000000d49e700000)]

Other Threads:
  0x000001f0801aa000 VMThread "VM Thread" [stack: 0x000000d496200000,0x000000d496300000] [id=7456]
  0x000001f080cc3800 WatcherThread [stack: 0x000000d496c00000,0x000000d496d00000] [id=11156]
  0x000001f0e3d1a800 GCTaskThread "GC Thread#0" [stack: 0x000000d495d00000,0x000000d495e00000] [id=3932]
  0x000001f081a52000 GCTaskThread "GC Thread#1" [stack: 0x000000d496f00000,0x000000d497000000] [id=2744]
  0x000001f082387000 GCTaskThread "GC Thread#2" [stack: 0x000000d497500000,0x000000d497600000] [id=17400]
  0x000001f083299800 GCTaskThread "GC Thread#3" [stack: 0x000000d497600000,0x000000d497700000] [id=7468]
  0x000001f082bbe800 GCTaskThread "GC Thread#4" [stack: 0x000000d497700000,0x000000d497800000] [id=15868]
  0x000001f082bbf800 GCTaskThread "GC Thread#5" [stack: 0x000000d497800000,0x000000d497900000] [id=9736]
  0x000001f0830e9000 GCTaskThread "GC Thread#6" [stack: 0x000000d497900000,0x000000d497a00000] [id=14168]
  0x000001f0830e9800 GCTaskThread "GC Thread#7" [stack: 0x000000d497a00000,0x000000d497b00000] [id=11308]
  0x000001f0e3d4d000 ConcurrentGCThread "G1 Main Marker" [stack: 0x000000d495e00000,0x000000d495f00000] [id=11580]
  0x000001f0e3d4e800 ConcurrentGCThread "G1 Conc#0" [stack: 0x000000d495f00000,0x000000d496000000] [id=7116]
  0x000001f083322800 ConcurrentGCThread "G1 Conc#1" [stack: 0x000000d498000000,0x000000d498100000] [id=10408]
  0x000001f0e3dd6800 ConcurrentGCThread "G1 Refine#0" [stack: 0x000000d496000000,0x000000d496100000] [id=10692]
  0x000001f0e3dd7800 ConcurrentGCThread "G1 Young RemSet Sampling" [stack: 0x000000d496100000,0x000000d496200000] [id=12920]

Threads with active compile tasks:
C2 CompilerThread0     9633 7307       4       java.lang.reflect.Method::getGenericReturnType (20 bytes)
C2 CompilerThread1     9633 7271       4       java.lang.Class::getMethodsRecursive (99 bytes)
C2 CompilerThread2     9633 7270       4       java.util.AbstractCollection::addAll (42 bytes)

VM state:not at safepoint (normal execution)

VM Mutex/Monitor currently owned by a thread: None

Heap address: 0x0000000080000000, size: 2048 MB, Compressed Oops mode: 32-bit
Narrow klass base: 0x0000000000000000, Narrow klass shift: 3
Compressed class space size: 1073741824 Address: 0x0000000100000000

Heap:
 garbage-first heap   total 248832K, used 171821K [0x0000000080000000, 0x0000000100000000)
  region size 1024K, 52 young (53248K), 2 survivors (2048K)
 Metaspace       used 70365K, capacity 72157K, committed 72368K, reserved 1112064K
  class space    used 8970K, capacity 9687K, committed 9728K, reserved 1048576K
Heap Regions: E=young(eden), S=young(survivor), O=old, HS=humongous(starts), HC=humongous(continues), CS=collection set, F=free, A=archive, TAMS=top-at-mark-start (previous, next)
|   0|0x0000000080000000, 0x0000000080100000, 0x0000000080100000|100%| O|  |TAMS 0x0000000080100000, 0x0000000080000000| Untracked 
|   1|0x0000000080100000, 0x0000000080200000, 0x0000000080200000|100%| O|  |TAMS 0x0000000080200000, 0x0000000080100000| Untracked 
|   2|0x0000000080200000, 0x0000000080300000, 0x0000000080300000|100%| O|  |TAMS 0x0000000080300000, 0x0000000080200000| Untracked 
|   3|0x0000000080300000, 0x0000000080400000, 0x0000000080400000|100%|HS|  |TAMS 0x0000000080400000, 0x0000000080300000| Complete 
|   4|0x0000000080400000, 0x0000000080500000, 0x0000000080500000|100%|HC|  |TAMS 0x0000000080500000, 0x0000000080400000| Complete 
|   5|0x0000000080500000, 0x0000000080600000, 0x0000000080600000|100%|HC|  |TAMS 0x0000000080600000, 0x0000000080500000| Complete 
|   6|0x0000000080600000, 0x0000000080700000, 0x0000000080700000|100%| O|  |TAMS 0x0000000080700000, 0x0000000080600000| Untracked 
|   7|0x0000000080700000, 0x0000000080800000, 0x0000000080800000|100%| O|  |TAMS 0x0000000080800000, 0x0000000080700000| Untracked 
|   8|0x0000000080800000, 0x0000000080900000, 0x0000000080900000|100%| O|  |TAMS 0x0000000080900000, 0x0000000080800000| Untracked 
|   9|0x0000000080900000, 0x0000000080a00000, 0x0000000080a00000|100%| O|  |TAMS 0x0000000080a00000, 0x0000000080900000| Untracked 
|  10|0x0000000080a00000, 0x0000000080b00000, 0x0000000080b00000|100%| O|  |TAMS 0x0000000080b00000, 0x0000000080a00000| Untracked 
|  11|0x0000000080b00000, 0x0000000080c00000, 0x0000000080c00000|100%| O|  |TAMS 0x0000000080c00000, 0x0000000080b00000| Untracked 
|  12|0x0000000080c00000, 0x0000000080d00000, 0x0000000080d00000|100%| O|  |TAMS 0x0000000080d00000, 0x0000000080c00000| Untracked 
|  13|0x0000000080d00000, 0x0000000080e00000, 0x0000000080e00000|100%| O|  |TAMS 0x0000000080e00000, 0x0000000080d00000| Untracked 
|  14|0x0000000080e00000, 0x0000000080f00000, 0x0000000080f00000|100%| O|  |TAMS 0x0000000080f00000, 0x0000000080e00000| Untracked 
|  15|0x0000000080f00000, 0x0000000081000000, 0x0000000081000000|100%| O|  |TAMS 0x0000000081000000, 0x0000000080f00000| Untracked 
|  16|0x0000000081000000, 0x0000000081100000, 0x0000000081100000|100%| O|  |TAMS 0x0000000081100000, 0x0000000081000000| Untracked 
|  17|0x0000000081100000, 0x0000000081200000, 0x0000000081200000|100%|HS|  |TAMS 0x0000000081200000, 0x0000000081100000| Complete 
|  18|0x0000000081200000, 0x0000000081300000, 0x0000000081300000|100%|HC|  |TAMS 0x0000000081300000, 0x0000000081200000| Complete 
|  19|0x0000000081300000, 0x0000000081400000, 0x0000000081400000|100%|HS|  |TAMS 0x0000000081400000, 0x0000000081300000| Complete 
|  20|0x0000000081400000, 0x0000000081500000, 0x0000000081500000|100%|HC|  |TAMS 0x0000000081500000, 0x0000000081400000| Complete 
|  21|0x0000000081500000, 0x0000000081600000, 0x0000000081600000|100%|HC|  |TAMS 0x0000000081600000, 0x0000000081500000| Complete 
|  22|0x0000000081600000, 0x0000000081700000, 0x0000000081700000|100%|HS|  |TAMS 0x0000000081700000, 0x0000000081600000| Complete 
|  23|0x0000000081700000, 0x0000000081800000, 0x0000000081800000|100%|HC|  |TAMS 0x0000000081800000, 0x0000000081700000| Complete 
|  24|0x0000000081800000, 0x0000000081900000, 0x0000000081900000|100%|HC|  |TAMS 0x0000000081900000, 0x0000000081800000| Complete 
|  25|0x0000000081900000, 0x0000000081a00000, 0x0000000081a00000|100%|HS|  |TAMS 0x0000000081a00000, 0x0000000081900000| Complete 
|  26|0x0000000081a00000, 0x0000000081b00000, 0x0000000081b00000|100%|HC|  |TAMS 0x0000000081b00000, 0x0000000081a00000| Complete 
|  27|0x0000000081b00000, 0x0000000081c00000, 0x0000000081c00000|100%|HS|  |TAMS 0x0000000081c00000, 0x0000000081b00000| Complete 
|  28|0x0000000081c00000, 0x0000000081d00000, 0x0000000081d00000|100%|HC|  |TAMS 0x0000000081d00000, 0x0000000081c00000| Complete 
|  29|0x0000000081d00000, 0x0000000081e00000, 0x0000000081e00000|100%|HC|  |TAMS 0x0000000081e00000, 0x0000000081d00000| Complete 
|  30|0x0000000081e00000, 0x0000000081f00000, 0x0000000081f00000|100%|HC|  |TAMS 0x0000000081f00000, 0x0000000081e00000| Complete 
|  31|0x0000000081f00000, 0x0000000082000000, 0x0000000082000000|100%|HC|  |TAMS 0x0000000082000000, 0x0000000081f00000| Complete 
|  32|0x0000000082000000, 0x0000000082100000, 0x0000000082100000|100%|HS|  |TAMS 0x0000000082100000, 0x0000000082000000| Complete 
|  33|0x0000000082100000, 0x0000000082200000, 0x0000000082200000|100%|HC|  |TAMS 0x0000000082200000, 0x0000000082100000| Complete 
|  34|0x0000000082200000, 0x0000000082300000, 0x0000000082300000|100%|HC|  |TAMS 0x0000000082300000, 0x0000000082200000| Complete 
|  35|0x0000000082300000, 0x0000000082400000, 0x0000000082400000|100%|HC|  |TAMS 0x0000000082400000, 0x0000000082300000| Complete 
|  36|0x0000000082400000, 0x0000000082500000, 0x0000000082500000|100%|HC|  |TAMS 0x0000000082500000, 0x0000000082400000| Complete 
|  37|0x0000000082500000, 0x0000000082600000, 0x0000000082600000|100%|HC|  |TAMS 0x0000000082600000, 0x0000000082500000| Complete 
|  38|0x0000000082600000, 0x0000000082700000, 0x0000000082700000|100%|HC|  |TAMS 0x0000000082700000, 0x0000000082600000| Complete 
|  39|0x0000000082700000, 0x0000000082800000, 0x0000000082800000|100%|HC|  |TAMS 0x0000000082800000, 0x0000000082700000| Complete 
|  40|0x0000000082800000, 0x0000000082900000, 0x0000000082900000|100%|HC|  |TAMS 0x0000000082900000, 0x0000000082800000| Complete 
|  41|0x0000000082900000, 0x0000000082a00000, 0x0000000082a00000|100%|HC|  |TAMS 0x0000000082a00000, 0x0000000082900000| Complete 
|  42|0x0000000082a00000, 0x0000000082b00000, 0x0000000082b00000|100%|HS|  |TAMS 0x0000000082b00000, 0x0000000082a00000| Complete 
|  43|0x0000000082b00000, 0x0000000082c00000, 0x0000000082c00000|100%|HC|  |TAMS 0x0000000082c00000, 0x0000000082b00000| Complete 
|  44|0x0000000082c00000, 0x0000000082d00000, 0x0000000082d00000|100%| O|  |TAMS 0x0000000082d00000, 0x0000000082c00000| Untracked 
|  45|0x0000000082d00000, 0x0000000082e00000, 0x0000000082e00000|100%| O|  |TAMS 0x0000000082e00000, 0x0000000082d00000| Untracked 
|  46|0x0000000082e00000, 0x0000000082f00000, 0x0000000082f00000|100%| O|  |TAMS 0x0000000082f00000, 0x0000000082e00000| Untracked 
|  47|0x0000000082f00000, 0x0000000083000000, 0x0000000083000000|100%| O|  |TAMS 0x0000000083000000, 0x0000000082f00000| Untracked 
|  48|0x0000000083000000, 0x0000000083100000, 0x0000000083100000|100%| O|  |TAMS 0x0000000083100000, 0x0000000083000000| Untracked 
|  49|0x0000000083100000, 0x0000000083200000, 0x0000000083200000|100%| O|  |TAMS 0x0000000083200000, 0x0000000083100000| Untracked 
|  50|0x0000000083200000, 0x0000000083300000, 0x0000000083300000|100%| O|  |TAMS 0x0000000083300000, 0x0000000083200000| Untracked 
|  51|0x0000000083300000, 0x0000000083400000, 0x0000000083400000|100%| O|  |TAMS 0x0000000083400000, 0x0000000083300000| Untracked 
|  52|0x0000000083400000, 0x0000000083500000, 0x0000000083500000|100%| O|  |TAMS 0x0000000083500000, 0x0000000083400000| Untracked 
|  53|0x0000000083500000, 0x0000000083600000, 0x0000000083600000|100%| O|  |TAMS 0x0000000083600000, 0x0000000083500000| Untracked 
|  54|0x0000000083600000, 0x0000000083700000, 0x0000000083700000|100%| O|  |TAMS 0x0000000083700000, 0x0000000083600000| Untracked 
|  55|0x0000000083700000, 0x0000000083800000, 0x0000000083800000|100%| O|  |TAMS 0x0000000083800000, 0x0000000083700000| Untracked 
|  56|0x0000000083800000, 0x0000000083900000, 0x0000000083900000|100%| O|  |TAMS 0x0000000083900000, 0x0000000083800000| Untracked 
|  57|0x0000000083900000, 0x0000000083a00000, 0x0000000083a00000|100%| O|  |TAMS 0x0000000083a00000, 0x0000000083900000| Untracked 
|  58|0x0000000083a00000, 0x0000000083b00000, 0x0000000083b00000|100%|HS|  |TAMS 0x0000000083b00000, 0x0000000083a00000| Complete 
|  59|0x0000000083b00000, 0x0000000083c00000, 0x0000000083c00000|100%|HC|  |TAMS 0x0000000083c00000, 0x0000000083b00000| Complete 
|  60|0x0000000083c00000, 0x0000000083d00000, 0x0000000083d00000|100%|HC|  |TAMS 0x0000000083d00000, 0x0000000083c00000| Complete 
|  61|0x0000000083d00000, 0x0000000083e00000, 0x0000000083e00000|100%|HS|  |TAMS 0x0000000083e00000, 0x0000000083d00000| Complete 
|  62|0x0000000083e00000, 0x0000000083f00000, 0x0000000083f00000|100%|HC|  |TAMS 0x0000000083f00000, 0x0000000083e00000| Complete 
|  63|0x0000000083f00000, 0x0000000084000000, 0x0000000084000000|100%|HC|  |TAMS 0x0000000084000000, 0x0000000083f00000| Complete 
|  64|0x0000000084000000, 0x0000000084100000, 0x0000000084100000|100%|HC|  |TAMS 0x0000000084100000, 0x0000000084000000| Complete 
|  65|0x0000000084100000, 0x0000000084200000, 0x0000000084200000|100%|HC|  |TAMS 0x0000000084200000, 0x0000000084100000| Complete 
|  66|0x0000000084200000, 0x0000000084300000, 0x0000000084300000|100%|HC|  |TAMS 0x0000000084300000, 0x0000000084200000| Complete 
|  67|0x0000000084300000, 0x0000000084400000, 0x0000000084400000|100%|HC|  |TAMS 0x0000000084400000, 0x0000000084300000| Complete 
|  68|0x0000000084400000, 0x0000000084500000, 0x0000000084500000|100%|HC|  |TAMS 0x0000000084500000, 0x0000000084400000| Complete 
|  69|0x0000000084500000, 0x0000000084600000, 0x0000000084600000|100%|HC|  |TAMS 0x0000000084600000, 0x0000000084500000| Complete 
|  70|0x0000000084600000, 0x0000000084700000, 0x0000000084700000|100%|HC|  |TAMS 0x0000000084700000, 0x0000000084600000| Complete 
|  71|0x0000000084700000, 0x0000000084800000, 0x0000000084800000|100%| O|  |TAMS 0x0000000084800000, 0x0000000084700000| Untracked 
|  72|0x0000000084800000, 0x0000000084900000, 0x0000000084900000|100%|HS|  |TAMS 0x0000000084900000, 0x0000000084800000| Complete 
|  73|0x0000000084900000, 0x0000000084a00000, 0x0000000084a00000|100%|HC|  |TAMS 0x0000000084a00000, 0x0000000084900000| Complete 
|  74|0x0000000084a00000, 0x0000000084b00000, 0x0000000084b00000|100%|HS|  |TAMS 0x0000000084b00000, 0x0000000084a00000| Complete 
|  75|0x0000000084b00000, 0x0000000084c00000, 0x0000000084c00000|100%|HC|  |TAMS 0x0000000084c00000, 0x0000000084b00000| Complete 
|  76|0x0000000084c00000, 0x0000000084d00000, 0x0000000084d00000|100%|HS|  |TAMS 0x0000000084d00000, 0x0000000084c00000| Complete 
|  77|0x0000000084d00000, 0x0000000084e00000, 0x0000000084e00000|100%|HC|  |TAMS 0x0000000084e00000, 0x0000000084d00000| Complete 
|  78|0x0000000084e00000, 0x0000000084f00000, 0x0000000084f00000|100%|HC|  |TAMS 0x0000000084f00000, 0x0000000084e00000| Complete 
|  79|0x0000000084f00000, 0x0000000085000000, 0x0000000085000000|100%| O|  |TAMS 0x0000000085000000, 0x0000000084f00000| Untracked 
|  80|0x0000000085000000, 0x0000000085100000, 0x0000000085100000|100%| O|  |TAMS 0x0000000085100000, 0x0000000085000000| Untracked 
|  81|0x0000000085100000, 0x0000000085200000, 0x0000000085200000|100%| O|  |TAMS 0x0000000085200000, 0x0000000085100000| Untracked 
|  82|0x0000000085200000, 0x0000000085300000, 0x0000000085300000|100%| O|  |TAMS 0x0000000085300000, 0x0000000085200000| Untracked 
|  83|0x0000000085300000, 0x0000000085400000, 0x0000000085400000|100%| O|  |TAMS 0x0000000085400000, 0x0000000085300000| Untracked 
|  84|0x0000000085400000, 0x0000000085500000, 0x0000000085500000|100%|HS|  |TAMS 0x0000000085500000, 0x0000000085400000| Complete 
|  85|0x0000000085500000, 0x0000000085600000, 0x0000000085600000|100%|HC|  |TAMS 0x0000000085600000, 0x0000000085500000| Complete 
|  86|0x0000000085600000, 0x0000000085700000, 0x0000000085700000|100%|HC|  |TAMS 0x0000000085700000, 0x0000000085600000| Complete 
|  87|0x0000000085700000, 0x0000000085800000, 0x0000000085800000|100%|HC|  |TAMS 0x0000000085800000, 0x0000000085700000| Complete 
|  88|0x0000000085800000, 0x0000000085900000, 0x0000000085900000|100%|HC|  |TAMS 0x0000000085900000, 0x0000000085800000| Complete 
|  89|0x0000000085900000, 0x0000000085a00000, 0x0000000085a00000|100%| O|  |TAMS 0x0000000085a00000, 0x0000000085900000| Untracked 
|  90|0x0000000085a00000, 0x0000000085b00000, 0x0000000085b00000|100%| O|  |TAMS 0x0000000085b00000, 0x0000000085a00000| Untracked 
|  91|0x0000000085b00000, 0x0000000085c00000, 0x0000000085c00000|100%| O|  |TAMS 0x0000000085c00000, 0x0000000085b00000| Untracked 
|  92|0x0000000085c00000, 0x0000000085d00000, 0x0000000085d00000|100%| O|  |TAMS 0x0000000085d00000, 0x0000000085c00000| Untracked 
|  93|0x0000000085d00000, 0x0000000085e00000, 0x0000000085e00000|100%|HS|  |TAMS 0x0000000085e00000, 0x0000000085d00000| Complete 
|  94|0x0000000085e00000, 0x0000000085f00000, 0x0000000085f00000|100%|HS|  |TAMS 0x0000000085f00000, 0x0000000085e00000| Complete 
|  95|0x0000000085f00000, 0x0000000086000000, 0x0000000086000000|100%|HC|  |TAMS 0x0000000086000000, 0x0000000085f00000| Complete 
|  96|0x0000000086000000, 0x0000000086100000, 0x0000000086100000|100%|HS|  |TAMS 0x0000000086100000, 0x0000000086000000| Complete 
|  97|0x0000000086100000, 0x0000000086200000, 0x0000000086200000|100%| O|  |TAMS 0x0000000086200000, 0x0000000086100000| Untracked 
|  98|0x0000000086200000, 0x0000000086300000, 0x0000000086300000|100%|HS|  |TAMS 0x0000000086300000, 0x0000000086200000| Complete 
|  99|0x0000000086300000, 0x0000000086400000, 0x0000000086400000|100%|HC|  |TAMS 0x0000000086400000, 0x0000000086300000| Complete 
| 100|0x0000000086400000, 0x0000000086500000, 0x0000000086500000|100%|HC|  |TAMS 0x0000000086500000, 0x0000000086400000| Complete 
| 101|0x0000000086500000, 0x0000000086600000, 0x0000000086600000|100%|HC|  |TAMS 0x0000000086600000, 0x0000000086500000| Complete 
| 102|0x0000000086600000, 0x0000000086700000, 0x0000000086700000|100%| O|  |TAMS 0x0000000086700000, 0x0000000086600000| Untracked 
| 103|0x0000000086700000, 0x0000000086800000, 0x0000000086800000|100%| O|  |TAMS 0x0000000086800000, 0x0000000086700000| Untracked 
| 104|0x0000000086800000, 0x0000000086900000, 0x0000000086900000|100%| O|  |TAMS 0x0000000086900000, 0x0000000086800000| Untracked 
| 105|0x0000000086900000, 0x0000000086a00000, 0x0000000086a00000|100%| O|  |TAMS 0x0000000086a00000, 0x0000000086900000| Untracked 
| 106|0x0000000086a00000, 0x0000000086b00000, 0x0000000086b00000|100%| O|  |TAMS 0x0000000086b00000, 0x0000000086a00000| Untracked 
| 107|0x0000000086b00000, 0x0000000086c00000, 0x0000000086c00000|100%| O|  |TAMS 0x0000000086c00000, 0x0000000086b00000| Untracked 
| 108|0x0000000086c00000, 0x0000000086d00000, 0x0000000086d00000|100%| O|  |TAMS 0x0000000086d00000, 0x0000000086c00000| Untracked 
| 109|0x0000000086d00000, 0x0000000086e00000, 0x0000000086e00000|100%| O|  |TAMS 0x0000000086e00000, 0x0000000086d00000| Untracked 
| 110|0x0000000086e00000, 0x0000000086f00000, 0x0000000086f00000|100%| O|  |TAMS 0x0000000086f00000, 0x0000000086e00000| Untracked 
| 111|0x0000000086f00000, 0x0000000087000000, 0x0000000087000000|100%| O|  |TAMS 0x0000000087000000, 0x0000000086f00000| Untracked 
| 112|0x0000000087000000, 0x0000000087100000, 0x0000000087100000|100%| O|  |TAMS 0x0000000087100000, 0x0000000087000000| Untracked 
| 113|0x0000000087100000, 0x0000000087200000, 0x0000000087200000|100%| O|  |TAMS 0x0000000087200000, 0x0000000087100000| Untracked 
| 114|0x0000000087200000, 0x00000000872f4400, 0x0000000087300000| 95%| O|  |TAMS 0x00000000872f4400, 0x0000000087200000| Untracked 
| 115|0x0000000087300000, 0x0000000087400000, 0x0000000087400000|100%|HS|  |TAMS 0x0000000087300000, 0x0000000087300000| Complete 
| 116|0x0000000087400000, 0x0000000087400000, 0x0000000087500000|  0%| F|  |TAMS 0x0000000087400000, 0x0000000087400000| Untracked 
| 117|0x0000000087500000, 0x0000000087500000, 0x0000000087600000|  0%| F|  |TAMS 0x0000000087500000, 0x0000000087500000| Untracked 
| 118|0x0000000087600000, 0x0000000087700000, 0x0000000087700000|100%| O|  |TAMS 0x0000000087700000, 0x0000000087600000| Untracked 
| 119|0x0000000087700000, 0x0000000087700000, 0x0000000087800000|  0%| F|  |TAMS 0x0000000087700000, 0x0000000087700000| Untracked 
| 120|0x0000000087800000, 0x0000000087800000, 0x0000000087900000|  0%| F|  |TAMS 0x0000000087800000, 0x0000000087800000| Untracked 
| 121|0x0000000087900000, 0x0000000087900000, 0x0000000087a00000|  0%| F|  |TAMS 0x0000000087900000, 0x0000000087900000| Untracked 
| 122|0x0000000087a00000, 0x0000000087a00000, 0x0000000087b00000|  0%| F|  |TAMS 0x0000000087a00000, 0x0000000087a00000| Untracked 
| 123|0x0000000087b00000, 0x0000000087b00000, 0x0000000087c00000|  0%| F|  |TAMS 0x0000000087b00000, 0x0000000087b00000| Untracked 
| 124|0x0000000087c00000, 0x0000000087c00000, 0x0000000087d00000|  0%| F|  |TAMS 0x0000000087c00000, 0x0000000087c00000| Untracked 
| 125|0x0000000087d00000, 0x0000000087d00000, 0x0000000087e00000|  0%| F|  |TAMS 0x0000000087d00000, 0x0000000087d00000| Untracked 
| 126|0x0000000087e00000, 0x0000000087e00000, 0x0000000087f00000|  0%| F|  |TAMS 0x0000000087e00000, 0x0000000087e00000| Untracked 
| 127|0x0000000087f00000, 0x0000000087f00000, 0x0000000088000000|  0%| F|  |TAMS 0x0000000087f00000, 0x0000000087f00000| Untracked 
| 128|0x0000000088000000, 0x0000000088000000, 0x0000000088100000|  0%| F|  |TAMS 0x0000000088000000, 0x0000000088000000| Untracked 
| 129|0x0000000088100000, 0x0000000088100000, 0x0000000088200000|  0%| F|  |TAMS 0x0000000088100000, 0x0000000088100000| Untracked 
| 130|0x0000000088200000, 0x0000000088200000, 0x0000000088300000|  0%| F|  |TAMS 0x0000000088200000, 0x0000000088200000| Untracked 
| 131|0x0000000088300000, 0x0000000088300000, 0x0000000088400000|  0%| F|  |TAMS 0x0000000088300000, 0x0000000088300000| Untracked 
| 132|0x0000000088400000, 0x0000000088400000, 0x0000000088500000|  0%| F|  |TAMS 0x0000000088400000, 0x0000000088400000| Untracked 
| 133|0x0000000088500000, 0x0000000088500000, 0x0000000088600000|  0%| F|  |TAMS 0x0000000088500000, 0x0000000088500000| Untracked 
| 134|0x0000000088600000, 0x0000000088600000, 0x0000000088700000|  0%| F|  |TAMS 0x0000000088600000, 0x0000000088600000| Untracked 
| 135|0x0000000088700000, 0x0000000088700000, 0x0000000088800000|  0%| F|  |TAMS 0x0000000088700000, 0x0000000088700000| Untracked 
| 136|0x0000000088800000, 0x0000000088800000, 0x0000000088900000|  0%| F|  |TAMS 0x0000000088800000, 0x0000000088800000| Untracked 
| 137|0x0000000088900000, 0x0000000088900000, 0x0000000088a00000|  0%| F|  |TAMS 0x0000000088900000, 0x0000000088900000| Untracked 
| 138|0x0000000088a00000, 0x0000000088a00000, 0x0000000088b00000|  0%| F|  |TAMS 0x0000000088a00000, 0x0000000088a00000| Untracked 
| 139|0x0000000088b00000, 0x0000000088b00000, 0x0000000088c00000|  0%| F|  |TAMS 0x0000000088b00000, 0x0000000088b00000| Untracked 
| 140|0x0000000088c00000, 0x0000000088c00000, 0x0000000088d00000|  0%| F|  |TAMS 0x0000000088c00000, 0x0000000088c00000| Untracked 
| 141|0x0000000088d00000, 0x0000000088d00000, 0x0000000088e00000|  0%| F|  |TAMS 0x0000000088d00000, 0x0000000088d00000| Untracked 
| 142|0x0000000088e00000, 0x0000000088e00000, 0x0000000088f00000|  0%| F|  |TAMS 0x0000000088e00000, 0x0000000088e00000| Untracked 
| 143|0x0000000088f00000, 0x0000000088f00000, 0x0000000089000000|  0%| F|  |TAMS 0x0000000088f00000, 0x0000000088f00000| Untracked 
| 144|0x0000000089000000, 0x0000000089000000, 0x0000000089100000|  0%| F|  |TAMS 0x0000000089000000, 0x0000000089000000| Untracked 
| 145|0x0000000089100000, 0x0000000089100000, 0x0000000089200000|  0%| F|  |TAMS 0x0000000089100000, 0x0000000089100000| Untracked 
| 146|0x0000000089200000, 0x0000000089200000, 0x0000000089300000|  0%| F|  |TAMS 0x0000000089200000, 0x0000000089200000| Untracked 
| 147|0x0000000089300000, 0x0000000089300000, 0x0000000089400000|  0%| F|  |TAMS 0x0000000089300000, 0x0000000089300000| Untracked 
| 148|0x0000000089400000, 0x0000000089400000, 0x0000000089500000|  0%| F|  |TAMS 0x0000000089400000, 0x0000000089400000| Untracked 
| 149|0x0000000089500000, 0x0000000089500000, 0x0000000089600000|  0%| F|  |TAMS 0x0000000089500000, 0x0000000089500000| Untracked 
| 150|0x0000000089600000, 0x0000000089600000, 0x0000000089700000|  0%| F|  |TAMS 0x0000000089600000, 0x0000000089600000| Untracked 
| 151|0x0000000089700000, 0x0000000089700000, 0x0000000089800000|  0%| F|  |TAMS 0x0000000089700000, 0x0000000089700000| Untracked 
| 152|0x0000000089800000, 0x0000000089800000, 0x0000000089900000|  0%| F|  |TAMS 0x0000000089800000, 0x0000000089800000| Untracked 
| 153|0x0000000089900000, 0x0000000089900000, 0x0000000089a00000|  0%| F|  |TAMS 0x0000000089900000, 0x0000000089900000| Untracked 
| 154|0x0000000089a00000, 0x0000000089a00000, 0x0000000089b00000|  0%| F|  |TAMS 0x0000000089a00000, 0x0000000089a00000| Untracked 
| 155|0x0000000089b00000, 0x0000000089b00000, 0x0000000089c00000|  0%| F|  |TAMS 0x0000000089b00000, 0x0000000089b00000| Untracked 
| 156|0x0000000089c00000, 0x0000000089c00000, 0x0000000089d00000|  0%| F|  |TAMS 0x0000000089c00000, 0x0000000089c00000| Untracked 
| 157|0x0000000089d00000, 0x0000000089d00000, 0x0000000089e00000|  0%| F|  |TAMS 0x0000000089d00000, 0x0000000089d00000| Untracked 
| 158|0x0000000089e00000, 0x0000000089e00000, 0x0000000089f00000|  0%| F|  |TAMS 0x0000000089e00000, 0x0000000089e00000| Untracked 
| 159|0x0000000089f00000, 0x0000000089f00000, 0x000000008a000000|  0%| F|  |TAMS 0x0000000089f00000, 0x0000000089f00000| Untracked 
| 160|0x000000008a000000, 0x000000008a000000, 0x000000008a100000|  0%| F|  |TAMS 0x000000008a000000, 0x000000008a000000| Untracked 
| 161|0x000000008a100000, 0x000000008a100000, 0x000000008a200000|  0%| F|  |TAMS 0x000000008a100000, 0x000000008a100000| Untracked 
| 162|0x000000008a200000, 0x000000008a200000, 0x000000008a300000|  0%| F|  |TAMS 0x000000008a200000, 0x000000008a200000| Untracked 
| 163|0x000000008a300000, 0x000000008a300000, 0x000000008a400000|  0%| F|  |TAMS 0x000000008a300000, 0x000000008a300000| Untracked 
| 164|0x000000008a400000, 0x000000008a400000, 0x000000008a500000|  0%| F|  |TAMS 0x000000008a400000, 0x000000008a400000| Untracked 
| 165|0x000000008a500000, 0x000000008a500000, 0x000000008a600000|  0%| F|  |TAMS 0x000000008a500000, 0x000000008a500000| Untracked 
| 166|0x000000008a600000, 0x000000008a600000, 0x000000008a700000|  0%| F|  |TAMS 0x000000008a600000, 0x000000008a600000| Untracked 
| 167|0x000000008a700000, 0x000000008a700000, 0x000000008a800000|  0%| F|  |TAMS 0x000000008a700000, 0x000000008a700000| Untracked 
| 168|0x000000008a800000, 0x000000008a800000, 0x000000008a900000|  0%| F|  |TAMS 0x000000008a800000, 0x000000008a800000| Untracked 
| 169|0x000000008a900000, 0x000000008a900000, 0x000000008aa00000|  0%| F|  |TAMS 0x000000008a900000, 0x000000008a900000| Untracked 
| 170|0x000000008aa00000, 0x000000008aa00000, 0x000000008ab00000|  0%| F|  |TAMS 0x000000008aa00000, 0x000000008aa00000| Untracked 
| 171|0x000000008ab00000, 0x000000008ab00000, 0x000000008ac00000|  0%| F|  |TAMS 0x000000008ab00000, 0x000000008ab00000| Untracked 
| 172|0x000000008ac00000, 0x000000008ac00000, 0x000000008ad00000|  0%| F|  |TAMS 0x000000008ac00000, 0x000000008ac00000| Untracked 
| 173|0x000000008ad00000, 0x000000008ad00000, 0x000000008ae00000|  0%| F|  |TAMS 0x000000008ad00000, 0x000000008ad00000| Untracked 
| 174|0x000000008ae00000, 0x000000008ae00000, 0x000000008af00000|  0%| F|  |TAMS 0x000000008ae00000, 0x000000008ae00000| Untracked 
| 175|0x000000008af00000, 0x000000008af00000, 0x000000008b000000|  0%| F|  |TAMS 0x000000008af00000, 0x000000008af00000| Untracked 
| 176|0x000000008b000000, 0x000000008b000000, 0x000000008b100000|  0%| F|  |TAMS 0x000000008b000000, 0x000000008b000000| Untracked 
| 177|0x000000008b100000, 0x000000008b1d7040, 0x000000008b200000| 83%| S|CS|TAMS 0x000000008b100000, 0x000000008b100000| Complete 
| 178|0x000000008b200000, 0x000000008b300000, 0x000000008b300000|100%| S|CS|TAMS 0x000000008b200000, 0x000000008b200000| Complete 
| 179|0x000000008b300000, 0x000000008b300000, 0x000000008b400000|  0%| F|  |TAMS 0x000000008b300000, 0x000000008b300000| Untracked 
| 180|0x000000008b400000, 0x000000008b400000, 0x000000008b500000|  0%| F|  |TAMS 0x000000008b400000, 0x000000008b400000| Untracked 
| 181|0x000000008b500000, 0x000000008b500000, 0x000000008b600000|  0%| F|  |TAMS 0x000000008b500000, 0x000000008b500000| Untracked 
| 182|0x000000008b600000, 0x000000008b600000, 0x000000008b700000|  0%| F|  |TAMS 0x000000008b600000, 0x000000008b600000| Untracked 
| 183|0x000000008b700000, 0x000000008b700000, 0x000000008b800000|  0%| F|  |TAMS 0x000000008b700000, 0x000000008b700000| Untracked 
| 184|0x000000008b800000, 0x000000008b800000, 0x000000008b900000|  0%| F|  |TAMS 0x000000008b800000, 0x000000008b800000| Untracked 
| 185|0x000000008b900000, 0x000000008b900000, 0x000000008ba00000|  0%| F|  |TAMS 0x000000008b900000, 0x000000008b900000| Untracked 
| 186|0x000000008ba00000, 0x000000008ba00000, 0x000000008bb00000|  0%| F|  |TAMS 0x000000008ba00000, 0x000000008ba00000| Untracked 
| 187|0x000000008bb00000, 0x000000008bb00000, 0x000000008bc00000|  0%| F|  |TAMS 0x000000008bb00000, 0x000000008bb00000| Untracked 
| 188|0x000000008bc00000, 0x000000008bc00000, 0x000000008bd00000|  0%| F|  |TAMS 0x000000008bc00000, 0x000000008bc00000| Untracked 
| 189|0x000000008bd00000, 0x000000008bd00000, 0x000000008be00000|  0%| F|  |TAMS 0x000000008bd00000, 0x000000008bd00000| Untracked 
| 190|0x000000008be00000, 0x000000008be00000, 0x000000008bf00000|  0%| F|  |TAMS 0x000000008be00000, 0x000000008be00000| Untracked 
| 191|0x000000008bf00000, 0x000000008bf00000, 0x000000008c000000|  0%| F|  |TAMS 0x000000008bf00000, 0x000000008bf00000| Untracked 
| 192|0x000000008c000000, 0x000000008c080800, 0x000000008c100000| 50%| E|  |TAMS 0x000000008c000000, 0x000000008c000000| Complete 
| 193|0x000000008c100000, 0x000000008c200000, 0x000000008c200000|100%| E|CS|TAMS 0x000000008c100000, 0x000000008c100000| Complete 
| 194|0x000000008c200000, 0x000000008c300000, 0x000000008c300000|100%| E|CS|TAMS 0x000000008c200000, 0x000000008c200000| Complete 
| 195|0x000000008c300000, 0x000000008c400000, 0x000000008c400000|100%| E|CS|TAMS 0x000000008c300000, 0x000000008c300000| Complete 
| 196|0x000000008c400000, 0x000000008c500000, 0x000000008c500000|100%| E|CS|TAMS 0x000000008c400000, 0x000000008c400000| Complete 
| 197|0x000000008c500000, 0x000000008c600000, 0x000000008c600000|100%| E|CS|TAMS 0x000000008c500000, 0x000000008c500000| Complete 
| 198|0x000000008c600000, 0x000000008c700000, 0x000000008c700000|100%| E|CS|TAMS 0x000000008c600000, 0x000000008c600000| Complete 
| 199|0x000000008c700000, 0x000000008c800000, 0x000000008c800000|100%| E|CS|TAMS 0x000000008c700000, 0x000000008c700000| Complete 
| 200|0x000000008c800000, 0x000000008c900000, 0x000000008c900000|100%| E|CS|TAMS 0x000000008c800000, 0x000000008c800000| Complete 
| 201|0x000000008c900000, 0x000000008ca00000, 0x000000008ca00000|100%| E|CS|TAMS 0x000000008c900000, 0x000000008c900000| Complete 
| 202|0x000000008ca00000, 0x000000008cb00000, 0x000000008cb00000|100%| E|CS|TAMS 0x000000008ca00000, 0x000000008ca00000| Complete 
| 203|0x000000008cb00000, 0x000000008cc00000, 0x000000008cc00000|100%| E|CS|TAMS 0x000000008cb00000, 0x000000008cb00000| Complete 
| 204|0x000000008cc00000, 0x000000008cd00000, 0x000000008cd00000|100%| E|CS|TAMS 0x000000008cc00000, 0x000000008cc00000| Complete 
| 205|0x000000008cd00000, 0x000000008ce00000, 0x000000008ce00000|100%| E|CS|TAMS 0x000000008cd00000, 0x000000008cd00000| Complete 
| 206|0x000000008ce00000, 0x000000008cf00000, 0x000000008cf00000|100%| E|CS|TAMS 0x000000008ce00000, 0x000000008ce00000| Complete 
| 207|0x000000008cf00000, 0x000000008d000000, 0x000000008d000000|100%| E|CS|TAMS 0x000000008cf00000, 0x000000008cf00000| Complete 
| 208|0x000000008d000000, 0x000000008d100000, 0x000000008d100000|100%| E|CS|TAMS 0x000000008d000000, 0x000000008d000000| Complete 
| 209|0x000000008d100000, 0x000000008d200000, 0x000000008d200000|100%| E|CS|TAMS 0x000000008d100000, 0x000000008d100000| Complete 
| 210|0x000000008d200000, 0x000000008d300000, 0x000000008d300000|100%| E|CS|TAMS 0x000000008d200000, 0x000000008d200000| Complete 
| 211|0x000000008d300000, 0x000000008d400000, 0x000000008d400000|100%| E|CS|TAMS 0x000000008d300000, 0x000000008d300000| Complete 
| 212|0x000000008d400000, 0x000000008d500000, 0x000000008d500000|100%| E|CS|TAMS 0x000000008d400000, 0x000000008d400000| Complete 
| 213|0x000000008d500000, 0x000000008d600000, 0x000000008d600000|100%| E|CS|TAMS 0x000000008d500000, 0x000000008d500000| Complete 
| 214|0x000000008d600000, 0x000000008d700000, 0x000000008d700000|100%| E|CS|TAMS 0x000000008d600000, 0x000000008d600000| Complete 
| 215|0x000000008d700000, 0x000000008d800000, 0x000000008d800000|100%| E|CS|TAMS 0x000000008d700000, 0x000000008d700000| Complete 
| 216|0x000000008d800000, 0x000000008d900000, 0x000000008d900000|100%| E|CS|TAMS 0x000000008d800000, 0x000000008d800000| Complete 
| 217|0x000000008d900000, 0x000000008da00000, 0x000000008da00000|100%| E|CS|TAMS 0x000000008d900000, 0x000000008d900000| Complete 
| 218|0x000000008da00000, 0x000000008db00000, 0x000000008db00000|100%| E|CS|TAMS 0x000000008da00000, 0x000000008da00000| Complete 
| 219|0x000000008db00000, 0x000000008dc00000, 0x000000008dc00000|100%| E|CS|TAMS 0x000000008db00000, 0x000000008db00000| Complete 
| 220|0x000000008dc00000, 0x000000008dd00000, 0x000000008dd00000|100%| E|CS|TAMS 0x000000008dc00000, 0x000000008dc00000| Complete 
| 221|0x000000008dd00000, 0x000000008de00000, 0x000000008de00000|100%| E|CS|TAMS 0x000000008dd00000, 0x000000008dd00000| Complete 
| 222|0x000000008de00000, 0x000000008df00000, 0x000000008df00000|100%| E|CS|TAMS 0x000000008de00000, 0x000000008de00000| Complete 
| 223|0x000000008df00000, 0x000000008e000000, 0x000000008e000000|100%| E|CS|TAMS 0x000000008df00000, 0x000000008df00000| Complete 
| 224|0x000000008e000000, 0x000000008e100000, 0x000000008e100000|100%| E|CS|TAMS 0x000000008e000000, 0x000000008e000000| Complete 
| 225|0x000000008e100000, 0x000000008e200000, 0x000000008e200000|100%| E|CS|TAMS 0x000000008e100000, 0x000000008e100000| Complete 
| 226|0x000000008e200000, 0x000000008e300000, 0x000000008e300000|100%| E|CS|TAMS 0x000000008e200000, 0x000000008e200000| Complete 
| 227|0x000000008e300000, 0x000000008e400000, 0x000000008e400000|100%| E|CS|TAMS 0x000000008e300000, 0x000000008e300000| Complete 
| 228|0x000000008e400000, 0x000000008e500000, 0x000000008e500000|100%| E|CS|TAMS 0x000000008e400000, 0x000000008e400000| Complete 
| 229|0x000000008e500000, 0x000000008e600000, 0x000000008e600000|100%| E|CS|TAMS 0x000000008e500000, 0x000000008e500000| Complete 
| 230|0x000000008e600000, 0x000000008e700000, 0x000000008e700000|100%| E|CS|TAMS 0x000000008e600000, 0x000000008e600000| Complete 
| 231|0x000000008e700000, 0x000000008e800000, 0x000000008e800000|100%| E|CS|TAMS 0x000000008e700000, 0x000000008e700000| Complete 
| 232|0x000000008e800000, 0x000000008e900000, 0x000000008e900000|100%| E|CS|TAMS 0x000000008e800000, 0x000000008e800000| Complete 
| 233|0x000000008e900000, 0x000000008ea00000, 0x000000008ea00000|100%| E|CS|TAMS 0x000000008e900000, 0x000000008e900000| Complete 
| 234|0x000000008ea00000, 0x000000008eb00000, 0x000000008eb00000|100%| E|CS|TAMS 0x000000008ea00000, 0x000000008ea00000| Complete 
| 235|0x000000008eb00000, 0x000000008ec00000, 0x000000008ec00000|100%| E|CS|TAMS 0x000000008eb00000, 0x000000008eb00000| Complete 
| 236|0x000000008ec00000, 0x000000008ed00000, 0x000000008ed00000|100%| E|CS|TAMS 0x000000008ec00000, 0x000000008ec00000| Complete 
| 237|0x000000008ed00000, 0x000000008ee00000, 0x000000008ee00000|100%| E|CS|TAMS 0x000000008ed00000, 0x000000008ed00000| Complete 
| 238|0x000000008ee00000, 0x000000008ef00000, 0x000000008ef00000|100%| E|CS|TAMS 0x000000008ee00000, 0x000000008ee00000| Complete 
| 239|0x000000008ef00000, 0x000000008f000000, 0x000000008f000000|100%| E|CS|TAMS 0x000000008ef00000, 0x000000008ef00000| Complete 
| 240|0x000000008f000000, 0x000000008f100000, 0x000000008f100000|100%| E|CS|TAMS 0x000000008f000000, 0x000000008f000000| Complete 
| 241|0x000000008f100000, 0x000000008f200000, 0x000000008f200000|100%| E|CS|TAMS 0x000000008f100000, 0x000000008f100000| Complete 
| 242|0x000000008f200000, 0x000000008f300000, 0x000000008f300000|100%| E|CS|TAMS 0x000000008f200000, 0x000000008f200000| Complete 

Card table byte_map: [0x000001f0f8e70000,0x000001f0f9270000] _byte_map_base: 0x000001f0f8a70000

Marking Bits (Prev, Next): (CMBitMap*) 0x000001f0e3d44580, (CMBitMap*) 0x000001f0e3d44548
 Prev Bits: [0x000001f0fb670000, 0x000001f0fd670000)
 Next Bits: [0x000001f0f9670000, 0x000001f0fb670000)

Polling page: 0x000001f0e3de0000

Metaspace:

Usage:
  Non-class:     61.01 MB capacity,    59.96 MB ( 98%) used,   878.31 KB (  1%) free+waste,   196.75 KB ( <1%) overhead. 
      Class:      9.46 MB capacity,     8.76 MB ( 93%) used,   622.42 KB (  6%) free+waste,    93.69 KB ( <1%) overhead. 
       Both:     70.47 MB capacity,    68.72 MB ( 98%) used,     1.47 MB (  2%) free+waste,   290.44 KB ( <1%) overhead. 

Virtual space:
  Non-class space:       62.00 MB reserved,      61.17 MB ( 99%) committed 
      Class space:        1.00 GB reserved,       9.50 MB ( <1%) committed 
             Both:        1.06 GB reserved,      70.67 MB (  7%) committed 

Chunk freelists:
   Non-Class:  42.00 KB
       Class:  9.00 KB
        Both:  51.00 KB

MaxMetaspaceSize: 17179869184.00 GB
CompressedClassSpaceSize: 1.00 GB
Initial GC threshold: 20.80 MB
Current GC threshold: 112.16 MB
CDS: off

CodeHeap 'non-profiled nmethods': size=120000Kb used=4509Kb max_used=4509Kb free=115491Kb
 bounds [0x000001f0f0ad0000, 0x000001f0f0f40000, 0x000001f0f8000000]
CodeHeap 'profiled nmethods': size=120000Kb used=15557Kb max_used=15557Kb free=104442Kb
 bounds [0x000001f0e95a0000, 0x000001f0ea4e0000, 0x000001f0f0ad0000]
CodeHeap 'non-nmethods': size=5760Kb used=2362Kb max_used=2412Kb free=3397Kb
 bounds [0x000001f0e9000000, 0x000001f0e9270000, 0x000001f0e95a0000]
 total_blobs=8172 nmethods=7293 adapters=791
 compilation: enabled
              stopped_count=0, restarted_count=0
 full_count=0

Compilation events (20 events):
Event: 9.577 Thread 0x000001f0801e0800 nmethod 7285 0x000001f0ea4ad690 code [0x000001f0ea4ad840, 0x000001f0ea4ada08]
Event: 9.577 Thread 0x000001f0801e0800 7286       3       org.gradle.internal.serialize.HashCodeSerializer::read (23 bytes)
Event: 9.577 Thread 0x000001f0801e0800 nmethod 7286 0x000001f0ea4adb10 code [0x000001f0ea4adce0, 0x000001f0ea4ae028]
Event: 9.577 Thread 0x000001f0801e0800 7287       3       com.google.common.cache.AbstractCache$SimpleStatsCounter::recordLoadSuccess (20 bytes)
Event: 9.577 Thread 0x000001f0801e0800 nmethod 7287 0x000001f0ea4ae190 code [0x000001f0ea4ae360, 0x000001f0ea4ae5b8]
Event: 9.580 Thread 0x000001f0801e0800 7294       3       org.codehaus.groovy.reflection.ClassInfo::createCachedClass (514 bytes)
Event: 9.583 Thread 0x000001f0801e0800 nmethod 7294 0x000001f0ea4ae790 code [0x000001f0ea4aecc0, 0x000001f0ea4b1618]
Event: 9.588 Thread 0x000001f0801da800 nmethod 7269 0x000001f0f0f2d490 code [0x000001f0f0f2d6c0, 0x000001f0f0f2f1d0]
Event: 9.588 Thread 0x000001f0801da800 7277       4       java.lang.AbstractStringBuilder::appendChars (133 bytes)
Event: 9.590 Thread 0x000001f0801e0800 7295       3       java.util.stream.SpinedBuffer::copyInto (129 bytes)
Event: 9.591 Thread 0x000001f0801e0800 nmethod 7295 0x000001f0ea4b2210 code [0x000001f0ea4b2460, 0x000001f0ea4b2e78]
Event: 9.596 Thread 0x000001f0801da800 nmethod 7277 0x000001f0f0f30010 code [0x000001f0f0f301e0, 0x000001f0f0f30628]
Event: 9.596 Thread 0x000001f0801da800 7293       4       java.net.URI$Parser::scan (76 bytes)
Event: 9.602 Thread 0x000001f0801e0800 7296       3       java.beans.Introspector::getTargetMethodInfo (250 bytes)
Event: 9.604 Thread 0x000001f0801e0800 nmethod 7296 0x000001f0ea4b3190 code [0x000001f0ea4b3540, 0x000001f0ea4b4c18]
Event: 9.604 Thread 0x000001f0801e0800 7297       3       java.util.StringJoiner::add (104 bytes)
Event: 9.605 Thread 0x000001f0801e0800 nmethod 7297 0x000001f0ea4b5390 code [0x000001f0ea4b55e0, 0x000001f0ea4b5fb8]
Event: 9.606 Thread 0x000001f0801da800 nmethod 7293 0x000001f0f0f30810 code [0x000001f0f0f309c0, 0x000001f0f0f31098]
Event: 9.606 Thread 0x000001f0801da800 7299       4       java.util.ArrayList::toArray (57 bytes)
Event: 9.606 Thread 0x000001f0801e0800 7300       3       java.beans.Introspector::processPropertyDescriptors (959 bytes)

GC Heap History (20 events):
Event: 6.751 GC heap before
{Heap before GC invocations=27 (full 0):
 garbage-first heap   total 143360K, used 115869K [0x0000000080000000, 0x0000000100000000)
  region size 1024K, 23 young (23552K), 3 survivors (3072K)
 Metaspace       used 51388K, capacity 52777K, committed 53040K, reserved 1095680K
  class space    used 6629K, capacity 7185K, committed 7296K, reserved 1048576K
}
Event: 6.757 GC heap after
{Heap after GC invocations=28 (full 0):
 garbage-first heap   total 172032K, used 95989K [0x0000000080000000, 0x0000000100000000)
  region size 1024K, 1 young (1024K), 1 survivors (1024K)
 Metaspace       used 51388K, capacity 52777K, committed 53040K, reserved 1095680K
  class space    used 6629K, capacity 7185K, committed 7296K, reserved 1048576K
}
Event: 7.192 GC heap before
{Heap before GC invocations=29 (full 0):
 garbage-first heap   total 172032K, used 125685K [0x0000000080000000, 0x0000000100000000)
  region size 1024K, 31 young (31744K), 1 survivors (1024K)
 Metaspace       used 52317K, capacity 53778K, committed 54064K, reserved 1095680K
  class space    used 6687K, capacity 7253K, committed 7296K, reserved 1048576K
}
Event: 7.196 GC heap after
{Heap after GC invocations=30 (full 0):
 garbage-first heap   total 172032K, used 97396K [0x0000000080000000, 0x0000000100000000)
  region size 1024K, 3 young (3072K), 3 survivors (3072K)
 Metaspace       used 52317K, capacity 53778K, committed 54064K, reserved 1095680K
  class space    used 6687K, capacity 7253K, committed 7296K, reserved 1048576K
}
Event: 7.232 GC heap before
{Heap before GC invocations=30 (full 0):
 garbage-first heap   total 172032K, used 99444K [0x0000000080000000, 0x0000000100000000)
  region size 1024K, 6 young (6144K), 3 survivors (3072K)
 Metaspace       used 52378K, capacity 53826K, committed 54064K, reserved 1095680K
  class space    used 6695K, capacity 7289K, committed 7296K, reserved 1048576K
}
Event: 7.235 GC heap after
{Heap after GC invocations=31 (full 0):
 garbage-first heap   total 172032K, used 97597K [0x0000000080000000, 0x0000000100000000)
  region size 1024K, 3 young (3072K), 3 survivors (3072K)
 Metaspace       used 52378K, capacity 53826K, committed 54064K, reserved 1095680K
  class space    used 6695K, capacity 7289K, committed 7296K, reserved 1048576K
}
Event: 7.288 GC heap before
{Heap before GC invocations=32 (full 0):
 garbage-first heap   total 172032K, used 105789K [0x0000000080000000, 0x0000000100000000)
  region size 1024K, 9 young (9216K), 3 survivors (3072K)
 Metaspace       used 52521K, capacity 54144K, committed 54448K, reserved 1095680K
  class space    used 6711K, capacity 7331K, committed 7424K, reserved 1048576K
}
Event: 7.292 GC heap after
{Heap after GC invocations=33 (full 0):
 garbage-first heap   total 172032K, used 104557K [0x0000000080000000, 0x0000000100000000)
  region size 1024K, 5 young (5120K), 5 survivors (5120K)
 Metaspace       used 52521K, capacity 54144K, committed 54448K, reserved 1095680K
  class space    used 6711K, capacity 7331K, committed 7424K, reserved 1048576K
}
Event: 7.335 GC heap before
{Heap before GC invocations=34 (full 0):
 garbage-first heap   total 172032K, used 112749K [0x0000000080000000, 0x0000000100000000)
  region size 1024K, 10 young (10240K), 5 survivors (5120K)
 Metaspace       used 52801K, capacity 54368K, committed 54448K, reserved 1095680K
  class space    used 6761K, capacity 7363K, committed 7424K, reserved 1048576K
}
Event: 7.340 GC heap after
{Heap after GC invocations=35 (full 0):
 garbage-first heap   total 206848K, used 110847K [0x0000000080000000, 0x0000000100000000)
  region size 1024K, 3 young (3072K), 3 survivors (3072K)
 Metaspace       used 52801K, capacity 54368K, committed 54448K, reserved 1095680K
  class space    used 6761K, capacity 7363K, committed 7424K, reserved 1048576K
}
Event: 7.703 GC heap before
{Heap before GC invocations=36 (full 0):
 garbage-first heap   total 206848K, used 143615K [0x0000000080000000, 0x0000000100000000)
  region size 1024K, 34 young (34816K), 3 survivors (3072K)
 Metaspace       used 56155K, capacity 57814K, committed 58032K, reserved 1099776K
  class space    used 7195K, capacity 7847K, committed 7936K, reserved 1048576K
}
Event: 7.706 GC heap after
{Heap after GC invocations=37 (full 0):
 garbage-first heap   total 206848K, used 113273K [0x0000000080000000, 0x0000000100000000)
  region size 1024K, 5 young (5120K), 5 survivors (5120K)
 Metaspace       used 56155K, capacity 57814K, committed 58032K, reserved 1099776K
  class space    used 7195K, capacity 7847K, committed 7936K, reserved 1048576K
}
Event: 8.203 GC heap before
{Heap before GC invocations=37 (full 0):
 garbage-first heap   total 206848K, used 147065K [0x0000000080000000, 0x0000000100000000)
  region size 1024K, 38 young (38912K), 5 survivors (5120K)
 Metaspace       used 61034K, capacity 62819K, committed 63024K, reserved 1103872K
  class space    used 7807K, capacity 8542K, committed 8576K, reserved 1048576K
}
Event: 8.210 GC heap after
{Heap after GC invocations=38 (full 0):
 garbage-first heap   total 206848K, used 114282K [0x0000000080000000, 0x0000000100000000)
  region size 1024K, 2 young (2048K), 2 survivors (2048K)
 Metaspace       used 61034K, capacity 62819K, committed 63024K, reserved 1103872K
  class space    used 7807K, capacity 8542K, committed 8576K, reserved 1048576K
}
Event: 8.382 GC heap before
{Heap before GC invocations=39 (full 0):
 garbage-first heap   total 206848K, used 121450K [0x0000000080000000, 0x0000000100000000)
  region size 1024K, 10 young (10240K), 2 survivors (2048K)
 Metaspace       used 62668K, capacity 64430K, committed 64688K, reserved 1105920K
  class space    used 7981K, capacity 8695K, committed 8704K, reserved 1048576K
}
Event: 8.391 GC heap after
{Heap after GC invocations=40 (full 0):
 garbage-first heap   total 206848K, used 115712K [0x0000000080000000, 0x0000000100000000)
  region size 1024K, 3 young (3072K), 3 survivors (3072K)
 Metaspace       used 62668K, capacity 64430K, committed 64688K, reserved 1105920K
  class space    used 7981K, capacity 8695K, committed 8704K, reserved 1048576K
}
Event: 8.794 GC heap before
{Heap before GC invocations=41 (full 0):
 garbage-first heap   total 206848K, used 160768K [0x0000000080000000, 0x0000000100000000)
  region size 1024K, 40 young (40960K), 3 survivors (3072K)
 Metaspace       used 64981K, capacity 66770K, committed 66864K, reserved 1107968K
  class space    used 8275K, capacity 8995K, committed 9088K, reserved 1048576K
}
Event: 8.799 GC heap after
{Heap after GC invocations=42 (full 0):
 garbage-first heap   total 206848K, used 118867K [0x0000000080000000, 0x0000000100000000)
  region size 1024K, 5 young (5120K), 5 survivors (5120K)
 Metaspace       used 64981K, capacity 66770K, committed 66864K, reserved 1107968K
  class space    used 8275K, capacity 8995K, committed 9088K, reserved 1048576K
}
Event: 9.029 GC heap before
{Heap before GC invocations=42 (full 0):
 garbage-first heap   total 206848K, used 141395K [0x0000000080000000, 0x0000000100000000)
  region size 1024K, 28 young (28672K), 5 survivors (5120K)
 Metaspace       used 66523K, capacity 68340K, committed 68528K, reserved 1107968K
  class space    used 8480K, capacity 9195K, committed 9216K, reserved 1048576K
}
Event: 9.034 GC heap after
{Heap after GC invocations=43 (full 0):
 garbage-first heap   total 248832K, used 120621K [0x0000000080000000, 0x0000000100000000)
  region size 1024K, 2 young (2048K), 2 survivors (2048K)
 Metaspace       used 66523K, capacity 68340K, committed 68528K, reserved 1107968K
  class space    used 8480K, capacity 9195K, committed 9216K, reserved 1048576K
}

Deoptimization events (20 events):
Event: 9.242 Thread 0x000001f083299000 DEOPT PACKING pc=0x000001f0e9acc011 sp=0x000000d4974f6cb0
Event: 9.242 Thread 0x000001f083299000 DEOPT UNPACKING pc=0x000001f0e904a95e sp=0x000000d4974f6188 mode 0
Event: 9.242 Thread 0x000001f083299000 DEOPT PACKING pc=0x000001f0e9bebc16 sp=0x000000d4974f6c80
Event: 9.242 Thread 0x000001f083299000 DEOPT UNPACKING pc=0x000001f0e904a95e sp=0x000000d4974f6198 mode 0
Event: 9.243 Thread 0x000001f083299000 Uncommon trap: trap_request=0xffffff4d fr.pc=0x000001f0f0b7e9ec relative=0x000000000000052c
Event: 9.243 Thread 0x000001f083299000 Uncommon trap: reason=unstable_if action=reinterpret pc=0x000001f0f0b7e9ec method=java.lang.String.replace(CC)Ljava/lang/String; @ 2 c2
Event: 9.243 Thread 0x000001f083299000 DEOPT PACKING pc=0x000001f0f0b7e9ec sp=0x000000d4974f6da0
Event: 9.243 Thread 0x000001f083299000 DEOPT UNPACKING pc=0x000001f0e904a1af sp=0x000000d4974f6d60 mode 2
Event: 9.415 Thread 0x000001f083299000 Uncommon trap: trap_request=0xffffffcc fr.pc=0x000001f0f0ead740 relative=0x0000000000000280
Event: 9.415 Thread 0x000001f083299000 Uncommon trap: reason=intrinsic_or_type_checked_inlining action=make_not_entrant pc=0x000001f0f0ead740 method=java.util.Arrays.copyOfRange([Ljava/lang/Object;IILjava/lang/Class;)[Ljava/lang/Object; @ 83 c2
Event: 9.415 Thread 0x000001f083299000 DEOPT PACKING pc=0x000001f0f0ead740 sp=0x000000d4974f6a10
Event: 9.415 Thread 0x000001f083299000 DEOPT UNPACKING pc=0x000001f0e904a1af sp=0x000000d4974f6990 mode 2
Event: 9.504 Thread 0x000001f083299000 Uncommon trap: trap_request=0xfffffff4 fr.pc=0x000001f0f0f1c988 relative=0x0000000000000068
Event: 9.504 Thread 0x000001f083299000 Uncommon trap: reason=null_check action=make_not_entrant pc=0x000001f0f0f1c988 method=java.lang.Class.isAnnotation()Z @ 1 c2
Event: 9.504 Thread 0x000001f083299000 DEOPT PACKING pc=0x000001f0f0f1c988 sp=0x000000d4974f67f0
Event: 9.504 Thread 0x000001f083299000 DEOPT UNPACKING pc=0x000001f0e904a1af sp=0x000000d4974f6780 mode 2
Event: 9.603 Thread 0x000001f083299000 Uncommon trap: trap_request=0xffffff4d fr.pc=0x000001f0f0cc8b78 relative=0x0000000000000338
Event: 9.603 Thread 0x000001f083299000 Uncommon trap: reason=unstable_if action=reinterpret pc=0x000001f0f0cc8b78 method=java.util.StringJoiner.add(Ljava/lang/CharSequence;)Ljava/util/StringJoiner; @ 33 c2
Event: 9.603 Thread 0x000001f083299000 DEOPT PACKING pc=0x000001f0f0cc8b78 sp=0x000000d4974f49f0
Event: 9.603 Thread 0x000001f083299000 DEOPT UNPACKING pc=0x000001f0e904a1af sp=0x000000d4974f49a0 mode 2

Classes redefined (0 events):
No events

Internal exceptions (20 events):
Event: 9.549 Thread 0x000001f083299000 Exception <a 'java/lang/ClassNotFoundException'{0x000000008cef84c0}: org/jetbrains/kotlin/gradle/targets/js/npm/NpmDependencyExtensionKt$defaultNpmDependencyDelegate$1Customizer> (0x000000008cef84c0) thrown at [src/hotspot/share/classfile/systemDictionary.cpp, line 230]
Event: 9.552 Thread 0x000001f083299000 Exception <a 'java/lang/ClassNotFoundException'{0x000000008cd505c8}: org/jetbrains/kotlin/gradle/targets/js/npm/DefaultDevNpmDependencyExtensionBeanInfo> (0x000000008cd505c8) thrown at [src/hotspot/share/classfile/systemDictionary.cpp, line 230]
Event: 9.553 Thread 0x000001f083299000 Exception <a 'java/lang/ClassNotFoundException'{0x000000008cd73020}: org/jetbrains/kotlin/gradle/targets/js/npm/DefaultDevNpmDependencyExtensionCustomizer> (0x000000008cd73020) thrown at [src/hotspot/share/classfile/systemDictionary.cpp, line 230]
Event: 9.556 Thread 0x000001f083299000 Exception <a 'java/lang/ClassNotFoundException'{0x000000008cdcfa70}: org/jetbrains/kotlin/gradle/targets/js/npm/DefaultPeerNpmDependencyExtensionBeanInfo> (0x000000008cdcfa70) thrown at [src/hotspot/share/classfile/systemDictionary.cpp, line 230]
Event: 9.557 Thread 0x000001f083299000 Exception <a 'java/lang/ClassNotFoundException'{0x000000008cdf27e8}: org/jetbrains/kotlin/gradle/targets/js/npm/DefaultPeerNpmDependencyExtensionCustomizer> (0x000000008cdf27e8) thrown at [src/hotspot/share/classfile/systemDictionary.cpp, line 230]
Event: 9.560 Thread 0x000001f083299000 Exception <a 'java/lang/ClassNotFoundException'{0x000000008cc59208}: org/jetbrains/kotlin/gradle/targets/js/npm/DefaultPeerNpmDependencyExtension$delegate$1BeanInfo> (0x000000008cc59208) thrown at [src/hotspot/share/classfile/systemDictionary.cpp, line 230]
Event: 9.560 Thread 0x000001f083299000 Exception <a 'java/lang/ClassNotFoundException'{0x000000008cc7d938}: org/jetbrains/kotlin/gradle/targets/js/npm/DefaultPeerNpmDependencyExtension$delegate$1Customizer> (0x000000008cc7d938) thrown at [src/hotspot/share/classfile/systemDictionary.cpp, line 230]
Event: 9.576 Thread 0x000001f083299000 Exception <a 'java/lang/ClassNotFoundException'{0x000000008cb50a00}: build_dg8afzm49g8habmx8ero0ckliBeanInfo> (0x000000008cb50a00) thrown at [src/hotspot/share/classfile/systemDictionary.cpp, line 230]
Event: 9.576 Thread 0x000001f083299000 Exception <a 'java/lang/ClassNotFoundException'{0x000000008cb5d360}: build_dg8afzm49g8habmx8ero0ckliCustomizer> (0x000000008cb5d360) thrown at [src/hotspot/share/classfile/systemDictionary.cpp, line 230]
Event: 9.600 Thread 0x000001f083299000 Exception <a 'java/lang/ClassNotFoundException'{0x000000008c8afe20}: com/android/build/gradle/internal/dsl/BaseAppModuleExtension_DecoratedBeanInfo> (0x000000008c8afe20) thrown at [src/hotspot/share/classfile/systemDictionary.cpp, line 230]
Event: 9.600 Thread 0x000001f083299000 Exception <a 'java/lang/ClassNotFoundException'{0x000000008c8cf740}: com/android/build/gradle/internal/dsl/BaseAppModuleExtensionBeanInfo> (0x000000008c8cf740) thrown at [src/hotspot/share/classfile/systemDictionary.cpp, line 230]
Event: 9.601 Thread 0x000001f083299000 Exception <a 'java/lang/ClassNotFoundException'{0x000000008c8ea818}: com/android/build/gradle/AppExtensionBeanInfo> (0x000000008c8ea818) thrown at [src/hotspot/share/classfile/systemDictionary.cpp, line 230]
Event: 9.601 Thread 0x000001f083299000 Exception <a 'java/lang/ClassNotFoundException'{0x000000008c707840}: com/android/build/gradle/AbstractAppExtensionBeanInfo> (0x000000008c707840) thrown at [src/hotspot/share/classfile/systemDictionary.cpp, line 230]
Event: 9.601 Thread 0x000001f083299000 Exception <a 'java/lang/ClassNotFoundException'{0x000000008c723d78}: com/android/build/gradle/TestedExtensionBeanInfo> (0x000000008c723d78) thrown at [src/hotspot/share/classfile/systemDictionary.cpp, line 230]
Event: 9.602 Thread 0x000001f083299000 Exception <a 'java/lang/ClassNotFoundException'{0x000000008c740150}: com/android/build/gradle/BaseExtensionBeanInfo> (0x000000008c740150) thrown at [src/hotspot/share/classfile/systemDictionary.cpp, line 230]
Event: 9.602 Thread 0x000001f083299000 Exception <a 'java/lang/ClassNotFoundException'{0x000000008c75c8f8}: com/android/build/gradle/BaseExtensionCustomizer> (0x000000008c75c8f8) thrown at [src/hotspot/share/classfile/systemDictionary.cpp, line 230]
Event: 9.605 Thread 0x000001f083299000 Exception <a 'java/lang/ClassNotFoundException'{0x000000008c7d1d48}: com/android/build/gradle/TestedExtensionCustomizer> (0x000000008c7d1d48) thrown at [src/hotspot/share/classfile/systemDictionary.cpp, line 230]
Event: 9.606 Thread 0x000001f083299000 Exception <a 'java/lang/ClassNotFoundException'{0x000000008c608f38}: com/android/build/gradle/AbstractAppExtensionCustomizer> (0x000000008c608f38) thrown at [src/hotspot/share/classfile/systemDictionary.cpp, line 230]
Event: 9.607 Thread 0x000001f083299000 Exception <a 'java/lang/ClassNotFoundException'{0x000000008c63a8a8}: com/android/build/gradle/AppExtensionCustomizer> (0x000000008c63a8a8) thrown at [src/hotspot/share/classfile/systemDictionary.cpp, line 230]
Event: 9.608 Thread 0x000001f083299000 Exception <a 'java/lang/ClassNotFoundException'{0x000000008c66f1b8}: com/android/build/gradle/internal/dsl/BaseAppModuleExtensionCustomizer> (0x000000008c66f1b8) thrown at [src/hotspot/share/classfile/systemDictionary.cpp, line 230]

Events (20 events):
Event: 9.602 loading class com/android/build/gradle/BaseExtensionCustomizer
Event: 9.602 loading class com/android/build/gradle/BaseExtensionCustomizer done
Event: 9.602 loading class com/android/build/gradle/BaseExtensionCustomizer
Event: 9.602 loading class com/android/build/gradle/BaseExtensionCustomizer done
Event: 9.604 loading class com/android/build/gradle/TestedExtensionCustomizer
Event: 9.604 loading class com/android/build/gradle/TestedExtensionCustomizer done
Event: 9.604 loading class com/android/build/gradle/TestedExtensionCustomizer
Event: 9.604 loading class com/android/build/gradle/TestedExtensionCustomizer done
Event: 9.605 loading class com/android/build/gradle/AbstractAppExtensionCustomizer
Event: 9.605 loading class com/android/build/gradle/AbstractAppExtensionCustomizer done
Event: 9.606 loading class com/android/build/gradle/AbstractAppExtensionCustomizer
Event: 9.606 loading class com/android/build/gradle/AbstractAppExtensionCustomizer done
Event: 9.606 loading class com/android/build/gradle/AppExtensionCustomizer
Event: 9.606 loading class com/android/build/gradle/AppExtensionCustomizer done
Event: 9.607 loading class com/android/build/gradle/AppExtensionCustomizer
Event: 9.607 loading class com/android/build/gradle/AppExtensionCustomizer done
Event: 9.607 loading class com/android/build/gradle/internal/dsl/BaseAppModuleExtensionCustomizer
Event: 9.607 loading class com/android/build/gradle/internal/dsl/BaseAppModuleExtensionCustomizer done
Event: 9.608 loading class com/android/build/gradle/internal/dsl/BaseAppModuleExtensionCustomizer
Event: 9.608 loading class com/android/build/gradle/internal/dsl/BaseAppModuleExtensionCustomizer done


Dynamic libraries:
0x00007ff723a40000 - 0x00007ff723a4a000 	D:\Androd\sdk\jbr\bin\java.exe
0x00007ff97d830000 - 0x00007ff97da28000 	C:\WINDOWS\SYSTEM32\ntdll.dll
0x00007ff97c6d0000 - 0x00007ff97c78f000 	C:\WINDOWS\System32\KERNEL32.DLL
0x00007ff97b1d0000 - 0x00007ff97b4aa000 	C:\WINDOWS\System32\KERNELBASE.dll
0x00007ff97b0d0000 - 0x00007ff97b1d0000 	C:\WINDOWS\System32\ucrtbase.dll
0x00007ff96d590000 - 0x00007ff96d5ab000 	D:\Androd\sdk\jbr\bin\VCRUNTIME140.dll
0x00007ff975b20000 - 0x00007ff975b37000 	D:\Androd\sdk\jbr\bin\jli.dll
0x00007ff97bf90000 - 0x00007ff97c12d000 	C:\WINDOWS\System32\USER32.dll
0x00007ff969f60000 - 0x00007ff96a1fa000 	C:\WINDOWS\WinSxS\amd64_microsoft.windows.common-controls_6595b64144ccf1df_6.0.19041.1110_none_60b5254171f9507e\COMCTL32.dll
0x00007ff97b0a0000 - 0x00007ff97b0c2000 	C:\WINDOWS\System32\win32u.dll
0x00007ff97d030000 - 0x00007ff97d0ce000 	C:\WINDOWS\System32\msvcrt.dll
0x00007ff97c6a0000 - 0x00007ff97c6cb000 	C:\WINDOWS\System32\GDI32.dll
0x00007ff97b6c0000 - 0x00007ff97b7d0000 	C:\WINDOWS\System32\gdi32full.dll
0x00007ff97b620000 - 0x00007ff97b6bd000 	C:\WINDOWS\System32\msvcp_win.dll
0x00007ff97d610000 - 0x00007ff97d640000 	C:\WINDOWS\System32\IMM32.DLL
0x00007ff9765b0000 - 0x00007ff9765bc000 	D:\Androd\sdk\jbr\bin\vcruntime140_1.dll
0x00007ff957790000 - 0x00007ff95781d000 	D:\Androd\sdk\jbr\bin\msvcp140.dll
0x00007ff9279d0000 - 0x00007ff92858c000 	D:\Androd\sdk\jbr\bin\server\jvm.dll
0x00007ff97d4a0000 - 0x00007ff97d54e000 	C:\WINDOWS\System32\ADVAPI32.dll
0x00007ff97d0d0000 - 0x00007ff97d16c000 	C:\WINDOWS\System32\sechost.dll
0x00007ff97c570000 - 0x00007ff97c696000 	C:\WINDOWS\System32\RPCRT4.dll
0x00007ff97d550000 - 0x00007ff97d558000 	C:\WINDOWS\System32\PSAPI.DLL
0x00007ff9744b0000 - 0x00007ff9744b9000 	C:\WINDOWS\SYSTEM32\WSOCK32.dll
0x00007ff970de0000 - 0x00007ff970e07000 	C:\WINDOWS\SYSTEM32\WINMM.dll
0x00007ff974810000 - 0x00007ff97481a000 	C:\WINDOWS\SYSTEM32\VERSION.dll
0x00007ff97bec0000 - 0x00007ff97bf2b000 	C:\WINDOWS\System32\WS2_32.dll
0x00007ff979790000 - 0x00007ff9797a2000 	C:\WINDOWS\SYSTEM32\kernel.appcore.dll
0x00007ff973720000 - 0x00007ff973730000 	D:\Androd\sdk\jbr\bin\verify.dll
0x00007ff979370000 - 0x00007ff979554000 	C:\WINDOWS\SYSTEM32\DBGHELP.DLL
0x00007ff965bd0000 - 0x00007ff965c04000 	C:\WINDOWS\SYSTEM32\dbgcore.DLL
0x00007ff97b4b0000 - 0x00007ff97b532000 	C:\WINDOWS\System32\bcryptPrimitives.dll
0x00007ff9602e0000 - 0x00007ff960308000 	D:\Androd\sdk\jbr\bin\java.dll
0x00007ff96d070000 - 0x00007ff96d07a000 	D:\Androd\sdk\jbr\bin\jimage.dll
0x00007ff968910000 - 0x00007ff968928000 	D:\Androd\sdk\jbr\bin\zip.dll
0x00007ff97c8b0000 - 0x00007ff97cff4000 	C:\WINDOWS\System32\SHELL32.dll
0x00007ff978bd0000 - 0x00007ff979363000 	C:\WINDOWS\SYSTEM32\windows.storage.dll
0x00007ff97c1b0000 - 0x00007ff97c504000 	C:\WINDOWS\System32\combase.dll
0x00007ff97a930000 - 0x00007ff97a95e000 	C:\WINDOWS\SYSTEM32\Wldp.dll
0x00007ff97d560000 - 0x00007ff97d60d000 	C:\WINDOWS\System32\SHCORE.dll
0x00007ff97c510000 - 0x00007ff97c565000 	C:\WINDOWS\System32\shlwapi.dll
0x00007ff97ae80000 - 0x00007ff97ae9f000 	C:\WINDOWS\SYSTEM32\profapi.dll
0x00007ff9613f0000 - 0x00007ff961409000 	D:\Androd\sdk\jbr\bin\net.dll
0x00007ff970aa0000 - 0x00007ff970baa000 	C:\WINDOWS\SYSTEM32\WINHTTP.dll
0x00007ff97a690000 - 0x00007ff97a6fa000 	C:\WINDOWS\system32\mswsock.dll
0x00007ff95f300000 - 0x00007ff95f313000 	D:\Androd\sdk\jbr\bin\nio.dll
0x00007ff96d0d0000 - 0x00007ff96d0f7000 	C:\Users\sergi\.gradle\native\e1d6ef7f7dcc3fd88c89a11ec53ec762bb8ba0a96d01ffa2cd45eb1d1d8dd5c5\windows-amd64\native-platform.dll
0x00007ff954ba0000 - 0x00007ff954ce4000 	C:\Users\sergi\.gradle\native\0d407fdbe67a94daf76414ababcb853783967236a71b16ec16e742cd7a986fd3\windows-amd64\native-platform-file-events.dll
0x00007ff96d060000 - 0x00007ff96d06a000 	D:\Androd\sdk\jbr\bin\management.dll
0x00007ff96bb30000 - 0x00007ff96bb3b000 	D:\Androd\sdk\jbr\bin\management_ext.dll
0x00007ff97a880000 - 0x00007ff97a898000 	C:\WINDOWS\SYSTEM32\CRYPTSP.dll
0x00007ff979fb0000 - 0x00007ff979fe4000 	C:\WINDOWS\system32\rsaenh.dll
0x00007ff97b540000 - 0x00007ff97b567000 	C:\WINDOWS\System32\bcrypt.dll
0x00007ff97ae40000 - 0x00007ff97ae6e000 	C:\WINDOWS\SYSTEM32\USERENV.dll
0x00007ff97a8a0000 - 0x00007ff97a8ac000 	C:\WINDOWS\SYSTEM32\CRYPTBASE.dll
0x00007ff97a380000 - 0x00007ff97a3bc000 	C:\WINDOWS\SYSTEM32\IPHLPAPI.DLL
0x00007ff97d2b0000 - 0x00007ff97d2b8000 	C:\WINDOWS\System32\NSI.dll
0x00007ff971560000 - 0x00007ff971577000 	C:\WINDOWS\SYSTEM32\dhcpcsvc6.DLL
0x00007ff971580000 - 0x00007ff97159d000 	C:\WINDOWS\SYSTEM32\dhcpcsvc.DLL
0x00007ff97a3c0000 - 0x00007ff97a48b000 	C:\WINDOWS\SYSTEM32\DNSAPI.dll

dbghelp: loaded successfully - version: 4.0.5 - missing functions: none
symbol engine: initialized successfully - sym options: 0x614 - pdb path: .;D:\Androd\sdk\jbr\bin;C:\WINDOWS\SYSTEM32;C:\WINDOWS\WinSxS\amd64_microsoft.windows.common-controls_6595b64144ccf1df_6.0.19041.1110_none_60b5254171f9507e;D:\Androd\sdk\jbr\bin\server;C:\Users\sergi\.gradle\native\e1d6ef7f7dcc3fd88c89a11ec53ec762bb8ba0a96d01ffa2cd45eb1d1d8dd5c5\windows-amd64;C:\Users\sergi\.gradle\native\0d407fdbe67a94daf76414ababcb853783967236a71b16ec16e742cd7a986fd3\windows-amd64

VM Arguments:
jvm_args: --add-opens=java.base/java.util=ALL-UNNAMED --add-opens=java.base/java.lang=ALL-UNNAMED --add-opens=java.base/java.lang.invoke=ALL-UNNAMED --add-opens=java.base/java.util=ALL-UNNAMED --add-opens=java.prefs/java.util.prefs=ALL-UNNAMED --add-opens=java.prefs/java.util.prefs=ALL-UNNAMED --add-opens=java.base/java.nio.charset=ALL-UNNAMED --add-opens=java.base/java.net=ALL-UNNAMED --add-opens=java.base/java.util.concurrent.atomic=ALL-UNNAMED -Xmx2048m -Dfile.encoding=UTF-8 -Duser.country=RU -Duser.language=ru -Duser.variant 
java_command: org.gradle.launcher.daemon.bootstrap.GradleDaemon 7.5
java_class_path (initial): C:\Users\sergi\.gradle\wrapper\dists\gradle-7.5-bin\f1w0cc9nuo0eivz97x2xlu9sv\gradle-7.5\lib\gradle-launcher-7.5.jar
Launcher Type: SUN_STANDARD

[Global flags]
     intx CICompilerCount                          = 4                                         {product} {ergonomic}
     uint ConcGCThreads                            = 2                                         {product} {ergonomic}
     uint G1ConcRefinementThreads                  = 8                                         {product} {ergonomic}
   size_t G1HeapRegionSize                         = 1048576                                   {product} {ergonomic}
    uintx GCDrainStackTargetSize                   = 64                                        {product} {ergonomic}
   size_t InitialHeapSize                          = 100663296                                 {product} {ergonomic}
   size_t MarkStackSize                            = 4194304                                   {product} {ergonomic}
   size_t MaxHeapSize                              = 2147483648                                {product} {command line}
   size_t MaxNewSize                               = 1287651328                                {product} {ergonomic}
   size_t MinHeapDeltaBytes                        = 1048576                                   {product} {ergonomic}
    uintx NonNMethodCodeHeapSize                   = 5836300                                {pd product} {ergonomic}
    uintx NonProfiledCodeHeapSize                  = 122910970                              {pd product} {ergonomic}
    uintx ProfiledCodeHeapSize                     = 122910970                              {pd product} {ergonomic}
    uintx ReservedCodeCacheSize                    = 251658240                              {pd product} {ergonomic}
     bool SegmentedCodeCache                       = true                                      {product} {ergonomic}
     bool UseCompressedClassPointers               = true                                 {lp64_product} {ergonomic}
     bool UseCompressedOops                        = true                                 {lp64_product} {ergonomic}
     bool UseG1GC                                  = true                                      {product} {ergonomic}
     bool UseLargePagesIndividualAllocation        = false                                  {pd product} {ergonomic}

Logging:
Log output configuration:
 #0: stdout all=warning uptime,level,tags
 #1: stderr all=off uptime,level,tags

Environment Variables:
PATH=C:\Windows\system32;C:\Windows;C:\Windows\System32\Wbem;C:\Windows\System32\WindowsPowerShell\v1.0\;C:\Windows\System32\OpenSSH\;C:\Program Files\NVIDIA Corporation\NVIDIA NvDLISR;C:\Program Files (x86)\NVIDIA Corporation\PhysX\Common;C:\Program Files\Git\cmd;C:\WINDOWS\system32;C:\WINDOWS;C:\WINDOWS\System32\Wbem;C:\WINDOWS\System32\WindowsPowerShell\v1.0\;C:\WINDOWS\System32\OpenSSH\;C:\Users\sergi\AppData\Local\Microsoft\WindowsApps
USERNAME=sergi
OS=Windows_NT
PROCESSOR_IDENTIFIER=AMD64 Family 23 Model 24 Stepping 1, AuthenticAMD



---------------  S Y S T E M  ---------------

OS: Windows 10 , 64 bit Build 19041 (10.0.19041.2788)
OS uptime: 0 days 21:22 hours

CPU:total 8 (initial active 8) (8 cores per cpu, 2 threads per core) family 23 model 24 stepping 1 microcode 0x0, cmov, cx8, fxsr, mmx, sse, sse2, sse3, ssse3, sse4.1, sse4.2, popcnt, avx, avx2, aes, clmul, mmxext, 3dnowpref, lzcnt, sse4a, ht, tsc, tscinvbit, tscinv, bmi1, bmi2, adx, sha, fma

Memory: 4k page, system-wide physical 6081M (731M free)
TotalPageFile size 10081M (AvailPageFile size 5M)
current process WorkingSet (physical memory assigned to process): 474M, peak: 474M
current process commit charge ("private bytes"): 517M, peak: 518M

vm_info: OpenJDK 64-Bit Server VM (11.0.15+0-b2043.56-9505619) for windows-amd64 JRE (11.0.15+0-b2043.56-9505619), built on Jan 19 2023 02:48:00 by "builduser" with unknown MS VC++:1929

END.
